#
# There is insufficient memory for the Java Runtime Environment to continue.
# Native memory allocation (mmap) failed to map 492830720 bytes for G1 virtual space
# Possible reasons:
#   The system is out of physical RAM or swap space
#   The process is running with CompressedOops enabled, and the Java Heap may be blocking the growth of the native heap
# Possible solutions:
#   Reduce memory load on the system
#   Increase physical memory or swap space
#   Check if swap backing store is full
#   Decrease Java heap size (-Xmx/-Xms)
#   Decrease number of Java threads
#   Decrease Java thread stack sizes (-Xss)
#   Set larger code cache with -XX:ReservedCodeCacheSize=
#   JVM is running with Unscaled Compressed Oops mode in which the Java heap is
#     placed in the first 4GB address space. The Java Heap base address is the
#     maximum limit for the native heap growth. Please use -XX:HeapBaseMinAddress
#     to set the Java Heap base and to place the Java Heap above 4GB virtual address.
# This output file may be truncated or incomplete.
#
#  Out of Memory Error (os_windows.cpp:3769), pid=3612, tid=6128
#
# JRE version: OpenJDK Runtime Environment (17.0.6) (build 17.0.6+0-b2043.56-9586694)
# Java VM: OpenJDK 64-Bit Server VM (17.0.6+0-b2043.56-9586694, mixed mode, tiered, compressed oops, compressed class ptrs, g1 gc, windows-amd64)
# No core dump will be written. Minidumps are not enabled by default on client versions of Windows
#

---------------  S U M M A R Y ------------

Command Line: --add-opens=java.base/java.util=ALL-UNNAMED --add-opens=java.base/java.lang=ALL-UNNAMED --add-opens=java.base/java.lang.invoke=ALL-UNNAMED --add-opens=java.prefs/java.util.prefs=ALL-UNNAMED --add-opens=java.base/java.nio.charset=ALL-UNNAMED --add-opens=java.base/java.net=ALL-UNNAMED --add-opens=java.base/java.util.concurrent.atomic=ALL-UNNAMED -Xmx2048m -Dfile.encoding=UTF-8 -Duser.country=KR -Duser.language=ko -Duser.variant org.gradle.launcher.daemon.bootstrap.GradleDaemon 8.0

Host: Intel(R) Core(TM) i5-3550 CPU @ 3.30GHz, 4 cores, 7G,  Windows 10 , 64 bit Build 19041 (10.0.19041.3155)
Time: Sun Aug 13 23:56:52 2023  Windows 10 , 64 bit Build 19041 (10.0.19041.3155) elapsed time: 5643.843552 seconds (0d 1h 34m 3s)

---------------  T H R E A D  ---------------

Current thread (0x0000029f9a2cfad0):  VMThread "VM Thread" [stack: 0x000000cfbfd00000,0x000000cfbfe00000] [id=6128]

Stack: [0x000000cfbfd00000,0x000000cfbfe00000]
Native frames: (J=compiled Java code, j=interpreted, Vv=VM code, C=native code)
V  [jvm.dll+0x683b4a]
V  [jvm.dll+0x842654]
V  [jvm.dll+0x843dfe]
V  [jvm.dll+0x844463]
V  [jvm.dll+0x249b75]
V  [jvm.dll+0x680a19]
V  [jvm.dll+0x674f0a]
V  [jvm.dll+0x309acb]
V  [jvm.dll+0x310f86]
V  [jvm.dll+0x3608ee]
V  [jvm.dll+0x360b1f]
V  [jvm.dll+0x2dfbf8]
V  [jvm.dll+0x2ddec4]
V  [jvm.dll+0x2dd4cc]
V  [jvm.dll+0x322261]
V  [jvm.dll+0x84893b]
V  [jvm.dll+0x849674]
V  [jvm.dll+0x849b8d]
V  [jvm.dll+0x849f64]
V  [jvm.dll+0x84a030]
V  [jvm.dll+0x7f25fa]
V  [jvm.dll+0x682985]
C  [ucrtbase.dll+0x21bb2]
C  [KERNEL32.DLL+0x17614]
C  [ntdll.dll+0x526b1]

VM_Operation (0x000000cfc65fe8a0): G1TryInitiateConcMark, mode: safepoint, requested by thread 0x0000029f9f8e1a20


---------------  P R O C E S S  ---------------

Threads class SMR info:
_java_thread_list=0x0000029fa48ef120, length=105, elements={
0x0000029fff809d20, 0x0000029f9a2d37c0, 0x0000029f9a2d5550, 0x0000029f9a3153c0,
0x0000029f9a317d90, 0x0000029f9a318650, 0x0000029f9ac1c420, 0x0000029f9ac1d010,
0x0000029f9ac20ec0, 0x0000029f9ac23fb0, 0x0000029f9adde260, 0x0000029f9aded320,
0x0000029f9bdc5520, 0x0000029f9b072f70, 0x0000029f9dc1f960, 0x0000029f9d421a80,
0x0000029f9d4215b0, 0x0000029f9d422420, 0x0000029f9d4228f0, 0x0000029f9d424aa0,
0x0000029f9d423c30, 0x0000029f9d315da0, 0x0000029f9d3140c0, 0x0000029f9d3170e0,
0x0000029f9d316c10, 0x0000029f9d314f30, 0x0000029f9fc9b550, 0x0000029fa1600380,
0x0000029f9f498930, 0x0000029f9d3123e0, 0x0000029fa543b5a0, 0x0000029f9fc44370,
0x0000029f9fc43ea0, 0x0000029f9b1766e0, 0x0000029f9d315400, 0x0000029f9f8e4570,
0x0000029f9f8e1550, 0x0000029f9d317a80, 0x0000029f9d318420, 0x0000029f9f8e1a20,
0x0000029f9d3128b0, 0x0000029f9d317f50, 0x0000029f9d5d6bc0, 0x0000029f9d5d4540,
0x0000029f9d5d6220, 0x0000029f9f8e1080, 0x0000029f9c234100, 0x0000029f9c230740,
0x0000029f9c232420, 0x0000029f9c230c10, 0x0000029f9c2310e0, 0x0000029f9d5d7090,
0x0000029f9f8e1ef0, 0x0000029f9f8e2d60, 0x0000029f9f8e3230, 0x0000029f9f8e40a0,
0x0000029f9f8e3700, 0x0000029f9d5d4a10, 0x0000029f9d5d7560, 0x0000029f9d5d4ee0,
0x0000029f9d5d7a30, 0x0000029f9d5d53b0, 0x0000029f9d5d5d50, 0x0000029fa543ba70,
0x0000029fa543a730, 0x0000029fa5438580, 0x0000029fa543ac00, 0x0000029fa543bf40,
0x0000029fa5438a50, 0x0000029fa5438f20, 0x0000029fa54393f0, 0x0000029fa54398c0,
0x0000029fa5439d90, 0x0000029fa543a260, 0x0000029f9b178a10, 0x0000029f9b1793b0,
0x0000029f9b178ee0, 0x0000029f9b178070, 0x0000029f9b178540, 0x0000029f9b179880,
0x0000029fa4512a00, 0x0000029fa45133a0, 0x0000029fa4512ed0, 0x0000029fa4512060,
0x0000029fa4513870, 0x0000029fa4512530, 0x0000029f9b4900a0, 0x0000029f9b48e3c0,
0x0000029f9b48f700, 0x0000029f9b4918b0, 0x0000029f9b48ed60, 0x0000029f9c233290,
0x0000029f9c2315b0, 0x0000029f9d311a40, 0x0000029f9f8e4a40, 0x0000029fa4735370,
0x0000029f9d3110a0, 0x0000029fa4735840, 0x0000029f9b48fbd0, 0x0000029f9d316740,
0x0000029f9b490f10, 0x0000029f9b490a40, 0x0000029f9b4913e0, 0x0000029f9b48e890,
0x0000029fa5516820
}

Java Threads: ( => current thread )
  0x0000029fff809d20 JavaThread "main" [_thread_blocked, id=1592, stack(0x000000cfbf700000,0x000000cfbf800000)]
  0x0000029f9a2d37c0 JavaThread "Reference Handler" daemon [_thread_blocked, id=17748, stack(0x000000cfbfe00000,0x000000cfbff00000)]
  0x0000029f9a2d5550 JavaThread "Finalizer" daemon [_thread_blocked, id=18436, stack(0x000000cfbff00000,0x000000cfc0000000)]
  0x0000029f9a3153c0 JavaThread "Signal Dispatcher" daemon [_thread_blocked, id=8464, stack(0x000000cfc0000000,0x000000cfc0100000)]
  0x0000029f9a317d90 JavaThread "Attach Listener" daemon [_thread_blocked, id=7552, stack(0x000000cfc0100000,0x000000cfc0200000)]
  0x0000029f9a318650 JavaThread "Service Thread" daemon [_thread_blocked, id=11112, stack(0x000000cfc0200000,0x000000cfc0300000)]
  0x0000029f9ac1c420 JavaThread "Monitor Deflation Thread" daemon [_thread_blocked, id=17180, stack(0x000000cfc0300000,0x000000cfc0400000)]
  0x0000029f9ac1d010 JavaThread "C2 CompilerThread0" daemon [_thread_blocked, id=14216, stack(0x000000cfc0400000,0x000000cfc0500000)]
  0x0000029f9ac20ec0 JavaThread "C1 CompilerThread0" daemon [_thread_blocked, id=20136, stack(0x000000cfc0500000,0x000000cfc0600000)]
  0x0000029f9ac23fb0 JavaThread "Sweeper thread" daemon [_thread_blocked, id=15344, stack(0x000000cfc0600000,0x000000cfc0700000)]
  0x0000029f9adde260 JavaThread "Common-Cleaner" daemon [_thread_blocked, id=22828, stack(0x000000cfc0700000,0x000000cfc0800000)]
  0x0000029f9aded320 JavaThread "Notification Thread" daemon [_thread_blocked, id=15416, stack(0x000000cfc0800000,0x000000cfc0900000)]
  0x0000029f9bdc5520 JavaThread "Daemon health stats" [_thread_blocked, id=22000, stack(0x000000cfc0e00000,0x000000cfc0f00000)]
  0x0000029f9b072f70 JavaThread "Incoming local TCP Connector on port 59046" [_thread_in_native, id=14680, stack(0x000000cfc0f00000,0x000000cfc1000000)]
  0x0000029f9dc1f960 JavaThread "Daemon periodic checks" [_thread_blocked, id=18252, stack(0x000000cfc1000000,0x000000cfc1100000)]
  0x0000029f9d421a80 JavaThread "Cache worker for journal cache (C:\Users\A\.gradle\caches\journal-1)" [_thread_blocked, id=22900, stack(0x000000cfc0a00000,0x000000cfc0b00000)]
  0x0000029f9d4215b0 JavaThread "File lock request listener" [_thread_in_native, id=7068, stack(0x000000cfc1800000,0x000000cfc1900000)]
  0x0000029f9d422420 JavaThread "Cache worker for file hash cache (C:\Users\A\.gradle\caches\8.0\fileHashes)" [_thread_blocked, id=16572, stack(0x000000cfc1900000,0x000000cfc1a00000)]
  0x0000029f9d4228f0 JavaThread "File watcher server" daemon [_thread_blocked, id=11796, stack(0x000000cfc1a00000,0x000000cfc1b00000)]
  0x0000029f9d424aa0 JavaThread "File watcher consumer" daemon [_thread_blocked, id=23100, stack(0x000000cfc1b00000,0x000000cfc1c00000)]
  0x0000029f9d423c30 JavaThread "Cache worker for file content cache (C:\Users\A\.gradle\caches\8.0\fileContent)" [_thread_blocked, id=18896, stack(0x000000cfc1e00000,0x000000cfc1f00000)]
  0x0000029f9d315da0 JavaThread "Cache worker for execution history cache (C:\Users\A\.gradle\caches\8.0\executionHistory)" [_thread_blocked, id=20440, stack(0x000000cfc2200000,0x000000cfc2300000)]
  0x0000029f9d3140c0 JavaThread "jar transforms" [_thread_blocked, id=19060, stack(0x000000cfc1f00000,0x000000cfc2000000)]
  0x0000029f9d3170e0 JavaThread "jar transforms Thread 2" [_thread_blocked, id=14924, stack(0x000000cfc2400000,0x000000cfc2500000)]
  0x0000029f9d316c10 JavaThread "jar transforms Thread 3" [_thread_blocked, id=14296, stack(0x000000cfc2500000,0x000000cfc2600000)]
  0x0000029f9d314f30 JavaThread "jar transforms Thread 4" [_thread_blocked, id=16288, stack(0x000000cfc2600000,0x000000cfc2700000)]
  0x0000029f9fc9b550 JavaThread "Memory manager" [_thread_blocked, id=17112, stack(0x000000cfc5400000,0x000000cfc5500000)]
  0x0000029fa1600380 JavaThread "RMI Scheduler(0)" daemon [_thread_blocked, id=17040, stack(0x000000cfc5c00000,0x000000cfc5d00000)]
  0x0000029f9f498930 JavaThread "RMI TCP Accept-0" daemon [_thread_in_native, id=21192, stack(0x000000cfc6000000,0x000000cfc6100000)]
  0x0000029f9d3123e0 JavaThread "RMI GC Daemon" daemon [_thread_blocked, id=12852, stack(0x000000cfc5700000,0x000000cfc5800000)]
  0x0000029fa543b5a0 JavaThread "RMI Reaper" [_thread_blocked, id=19996, stack(0x000000cfc5800000,0x000000cfc5900000)]
  0x0000029f9fc44370 JavaThread "Daemon Thread 6" [_thread_blocked, id=7984, stack(0x000000cfbf500000,0x000000cfbf600000)]
  0x0000029f9fc43ea0 JavaThread "Daemon worker Thread 6" [_thread_blocked, id=1608, stack(0x000000cfc1200000,0x000000cfc1300000)]
  0x0000029f9b1766e0 JavaThread "RMI RenewClean-[127.0.0.1:17216,org.jetbrains.kotlin.daemon.common.LoopbackNetworkInterface$ClientLoopbackSocketFactory@56cfec7c]" daemon [_thread_blocked, id=10776, stack(0x000000cfc5a00000,0x000000cfc5b00000)]
  0x0000029f9d315400 JavaThread "included builds" [_thread_blocked, id=19228, stack(0x000000cfc5000000,0x000000cfc5100000)]
  0x0000029f9f8e4570 JavaThread "RMI TCP Connection(31)-127.0.0.1" daemon [_thread_in_native, id=21036, stack(0x000000cfc5d00000,0x000000cfc5e00000)]
  0x0000029f9f8e1550 JavaThread "File lock release action executor" [_thread_blocked, id=23436, stack(0x000000cfc4e00000,0x000000cfc4f00000)]
  0x0000029f9d317a80 JavaThread "ForkJoinPool.commonPool-worker-10" daemon [_thread_blocked, id=4328, stack(0x000000cfc6300000,0x000000cfc6400000)]
  0x0000029f9d318420 JavaThread "ForkJoinPool.commonPool-worker-11" daemon [_thread_blocked, id=18632, stack(0x000000cfc6400000,0x000000cfc6500000)]
  0x0000029f9f8e1a20 JavaThread "ForkJoinPool.commonPool-worker-12" daemon [_thread_blocked, id=19852, stack(0x000000cfc6500000,0x000000cfc6600000)]
  0x0000029f9d3128b0 JavaThread "Handler for socket connection from /127.0.0.1:59046 to /127.0.0.1:57744" [_thread_in_native, id=14812, stack(0x000000cfbf400000,0x000000cfbf500000)]
  0x0000029f9d317f50 JavaThread "Cancel handler" [_thread_blocked, id=22640, stack(0x000000cfbf600000,0x000000cfbf700000)]
  0x0000029f9d5d6bc0 JavaThread "Asynchronous log dispatcher for DefaultDaemonConnection: socket connection from /127.0.0.1:59046 to /127.0.0.1:57744" [_thread_blocked, id=14460, stack(0x000000cfc1100000,0x000000cfc1200000)]
  0x0000029f9d5d4540 JavaThread "Stdin handler" [_thread_blocked, id=12820, stack(0x000000cfc1300000,0x000000cfc1400000)]
  0x0000029f9d5d6220 JavaThread "Daemon client event forwarder" [_thread_blocked, id=19880, stack(0x000000cfc1400000,0x000000cfc1500000)]
  0x0000029f9f8e1080 JavaThread "Cache worker for checksums cache (C:\Users\A\AndroidStudioProjects\GvisApp\.gradle\8.0\checksums)" [_thread_blocked, id=10556, stack(0x000000cfc1500000,0x000000cfc1600000)]
  0x0000029f9c234100 JavaThread "Cache worker for cache directory md-rule (C:\Users\A\.gradle\caches\8.0\md-rule)" [_thread_blocked, id=16508, stack(0x000000cfc1600000,0x000000cfc1700000)]
  0x0000029f9c230740 JavaThread "Cache worker for file hash cache (C:\Users\A\AndroidStudioProjects\GvisApp\.gradle\8.0\fileHashes)" [_thread_blocked, id=18492, stack(0x000000cfc1700000,0x000000cfc1800000)]
  0x0000029f9c232420 JavaThread "Cache worker for cache directory md-supplier (C:\Users\A\.gradle\caches\8.0\md-supplier)" [_thread_blocked, id=6172, stack(0x000000cfc1c00000,0x000000cfc1d00000)]
  0x0000029f9c230c10 JavaThread "Cache worker for dependencies-accessors (C:\Users\A\AndroidStudioProjects\GvisApp\.gradle\8.0\dependencies-accessors)" [_thread_blocked, id=6416, stack(0x000000cfc1d00000,0x000000cfc1e00000)]
  0x0000029f9c2310e0 JavaThread "Cache worker for Build Output Cleanup Cache (C:\Users\A\AndroidStudioProjects\GvisApp\.gradle\buildOutputCleanup)" [_thread_blocked, id=20680, stack(0x000000cfc2000000,0x000000cfc2100000)]
  0x0000029f9d5d7090 JavaThread "Unconstrained build operations" [_thread_blocked, id=7212, stack(0x000000cfc2100000,0x000000cfc2200000)]
  0x0000029f9f8e1ef0 JavaThread "Unconstrained build operations Thread 2" [_thread_blocked, id=19012, stack(0x000000cfc2300000,0x000000cfc2400000)]
  0x0000029f9f8e2d60 JavaThread "Unconstrained build operations Thread 3" [_thread_blocked, id=17344, stack(0x000000cfc2700000,0x000000cfc2800000)]
  0x0000029f9f8e3230 JavaThread "Unconstrained build operations Thread 4" [_thread_blocked, id=2596, stack(0x000000cfc2800000,0x000000cfc2900000)]
  0x0000029f9f8e40a0 JavaThread "Unconstrained build operations Thread 5" [_thread_blocked, id=1316, stack(0x000000cfc2900000,0x000000cfc2a00000)]
  0x0000029f9f8e3700 JavaThread "Unconstrained build operations Thread 6" [_thread_blocked, id=22312, stack(0x000000cfc2a00000,0x000000cfc2b00000)]
  0x0000029f9d5d4a10 JavaThread "Unconstrained build operations Thread 7" [_thread_blocked, id=20324, stack(0x000000cfc2b00000,0x000000cfc2c00000)]
  0x0000029f9d5d7560 JavaThread "Unconstrained build operations Thread 8" [_thread_blocked, id=12380, stack(0x000000cfc2c00000,0x000000cfc2d00000)]
  0x0000029f9d5d4ee0 JavaThread "Unconstrained build operations Thread 9" [_thread_blocked, id=19244, stack(0x000000cfc2d00000,0x000000cfc2e00000)]
  0x0000029f9d5d7a30 JavaThread "Unconstrained build operations Thread 10" [_thread_blocked, id=17656, stack(0x000000cfc2e00000,0x000000cfc2f00000)]
  0x0000029f9d5d53b0 JavaThread "Unconstrained build operations Thread 11" [_thread_blocked, id=15380, stack(0x000000cfc2f00000,0x000000cfc3000000)]
  0x0000029f9d5d5d50 JavaThread "Unconstrained build operations Thread 12" [_thread_blocked, id=4768, stack(0x000000cfc3000000,0x000000cfc3100000)]
  0x0000029fa543ba70 JavaThread "Unconstrained build operations Thread 13" [_thread_blocked, id=17168, stack(0x000000cfc3100000,0x000000cfc3200000)]
  0x0000029fa543a730 JavaThread "Unconstrained build operations Thread 14" [_thread_blocked, id=20644, stack(0x000000cfc3200000,0x000000cfc3300000)]
  0x0000029fa5438580 JavaThread "Unconstrained build operations Thread 15" [_thread_blocked, id=13640, stack(0x000000cfc3300000,0x000000cfc3400000)]
  0x0000029fa543ac00 JavaThread "Unconstrained build operations Thread 16" [_thread_blocked, id=7544, stack(0x000000cfc3400000,0x000000cfc3500000)]
  0x0000029fa543bf40 JavaThread "Unconstrained build operations Thread 17" [_thread_blocked, id=11292, stack(0x000000cfc3500000,0x000000cfc3600000)]
  0x0000029fa5438a50 JavaThread "Unconstrained build operations Thread 18" [_thread_blocked, id=9864, stack(0x000000cfc3600000,0x000000cfc3700000)]
  0x0000029fa5438f20 JavaThread "Unconstrained build operations Thread 19" [_thread_blocked, id=11148, stack(0x000000cfc3700000,0x000000cfc3800000)]
  0x0000029fa54393f0 JavaThread "Unconstrained build operations Thread 20" [_thread_blocked, id=3828, stack(0x000000cfc3800000,0x000000cfc3900000)]
  0x0000029fa54398c0 JavaThread "Unconstrained build operations Thread 21" [_thread_blocked, id=4372, stack(0x000000cfc3900000,0x000000cfc3a00000)]
  0x0000029fa5439d90 JavaThread "Unconstrained build operations Thread 22" [_thread_blocked, id=12272, stack(0x000000cfc3a00000,0x000000cfc3b00000)]
  0x0000029fa543a260 JavaThread "Unconstrained build operations Thread 23" [_thread_blocked, id=7952, stack(0x000000cfc3b00000,0x000000cfc3c00000)]
  0x0000029f9b178a10 JavaThread "Unconstrained build operations Thread 24" [_thread_blocked, id=12932, stack(0x000000cfc3c00000,0x000000cfc3d00000)]
  0x0000029f9b1793b0 JavaThread "Unconstrained build operations Thread 25" [_thread_blocked, id=6780, stack(0x000000cfc3d00000,0x000000cfc3e00000)]
  0x0000029f9b178ee0 JavaThread "Unconstrained build operations Thread 26" [_thread_blocked, id=16704, stack(0x000000cfc3e00000,0x000000cfc3f00000)]
  0x0000029f9b178070 JavaThread "Unconstrained build operations Thread 27" [_thread_blocked, id=18544, stack(0x000000cfc3f00000,0x000000cfc4000000)]
  0x0000029f9b178540 JavaThread "Unconstrained build operations Thread 28" [_thread_blocked, id=9784, stack(0x000000cfc4000000,0x000000cfc4100000)]
  0x0000029f9b179880 JavaThread "Unconstrained build operations Thread 29" [_thread_blocked, id=13348, stack(0x000000cfc4100000,0x000000cfc4200000)]
  0x0000029fa4512a00 JavaThread "Unconstrained build operations Thread 30" [_thread_blocked, id=16776, stack(0x000000cfc4200000,0x000000cfc4300000)]
  0x0000029fa45133a0 JavaThread "Unconstrained build operations Thread 31" [_thread_blocked, id=22244, stack(0x000000cfc4300000,0x000000cfc4400000)]
  0x0000029fa4512ed0 JavaThread "Unconstrained build operations Thread 32" [_thread_blocked, id=15124, stack(0x000000cfc4400000,0x000000cfc4500000)]
  0x0000029fa4512060 JavaThread "Unconstrained build operations Thread 33" [_thread_blocked, id=23112, stack(0x000000cfc4500000,0x000000cfc4600000)]
  0x0000029fa4513870 JavaThread "Unconstrained build operations Thread 34" [_thread_blocked, id=21448, stack(0x000000cfc4600000,0x000000cfc4700000)]
  0x0000029fa4512530 JavaThread "Unconstrained build operations Thread 35" [_thread_blocked, id=6616, stack(0x000000cfc4700000,0x000000cfc4800000)]
  0x0000029f9b4900a0 JavaThread "Unconstrained build operations Thread 36" [_thread_blocked, id=9528, stack(0x000000cfc4800000,0x000000cfc4900000)]
  0x0000029f9b48e3c0 JavaThread "Unconstrained build operations Thread 37" [_thread_blocked, id=20276, stack(0x000000cfc4900000,0x000000cfc4a00000)]
  0x0000029f9b48f700 JavaThread "Unconstrained build operations Thread 38" [_thread_blocked, id=14896, stack(0x000000cfc4a00000,0x000000cfc4b00000)]
  0x0000029f9b4918b0 JavaThread "Unconstrained build operations Thread 39" [_thread_blocked, id=11696, stack(0x000000cfc4b00000,0x000000cfc4c00000)]
  0x0000029f9b48ed60 JavaThread "Unconstrained build operations Thread 40" [_thread_blocked, id=11352, stack(0x000000cfc4c00000,0x000000cfc4d00000)]
  0x0000029f9c233290 JavaThread "build event listener" [_thread_blocked, id=16760, stack(0x000000cfc4d00000,0x000000cfc4e00000)]
  0x0000029f9c2315b0 JavaThread "included builds" [_thread_blocked, id=19552, stack(0x000000cfc4f00000,0x000000cfc5000000)]
  0x0000029f9d311a40 JavaThread "Execution worker" [_thread_blocked, id=14276, stack(0x000000cfc5100000,0x000000cfc5200000)]
  0x0000029f9f8e4a40 JavaThread "Execution worker Thread 2" [_thread_blocked, id=21996, stack(0x000000cfc5300000,0x000000cfc5400000)]
  0x0000029fa4735370 JavaThread "Execution worker Thread 3" [_thread_blocked, id=9912, stack(0x000000cfc5500000,0x000000cfc5600000)]
  0x0000029f9d3110a0 JavaThread "Cache worker for execution history cache (C:\Users\A\AndroidStudioProjects\GvisApp\.gradle\8.0\executionHistory)" [_thread_blocked, id=23296, stack(0x000000cfc5900000,0x000000cfc5a00000)]
  0x0000029fa4735840 JavaThread "WorkerExecutor Queue" [_thread_blocked, id=16812, stack(0x000000cfc5b00000,0x000000cfc5c00000)]
  0x0000029f9b48fbd0 JavaThread "RMI RenewClean-[127.0.0.1:17043,org.jetbrains.kotlin.daemon.common.LoopbackNetworkInterface$ClientLoopbackSocketFactory@5379ece4]" daemon [_thread_blocked, id=15264, stack(0x000000cfc5e00000,0x000000cfc5f00000)]
  0x0000029f9d316740 JavaThread "RMI TCP Connection(32)-127.0.0.1" daemon [_thread_in_native, id=20952, stack(0x000000cfc5f00000,0x000000cfc6000000)]
  0x0000029f9b490f10 JavaThread "WorkerExecutor Queue Thread 2" [_thread_blocked, id=3392, stack(0x000000cfc6200000,0x000000cfc6300000)]
  0x0000029f9b490a40 JavaThread "WorkerExecutor Queue Thread 3" [_thread_blocked, id=5920, stack(0x000000cfc6600000,0x000000cfc6700000)]
  0x0000029f9b4913e0 JavaThread "WorkerExecutor Queue Thread 4" [_thread_blocked, id=1428, stack(0x000000cfc6700000,0x000000cfc6800000)]
  0x0000029f9b48e890 JavaThread "WorkerExecutor Queue Thread 5" [_thread_blocked, id=3288, stack(0x000000cfc6800000,0x000000cfc6900000)]
  0x0000029fa5516820 JavaThread "C2 CompilerThread1" daemon [_thread_blocked, id=14508, stack(0x000000cfc6900000,0x000000cfc6a00000)]

Other Threads:
=>0x0000029f9a2cfad0 VMThread "VM Thread" [stack: 0x000000cfbfd00000,0x000000cfbfe00000] [id=6128]
  0x0000029fff8834b0 WatcherThread [stack: 0x000000cfc0900000,0x000000cfc0a00000] [id=8592]
  0x0000029fff868350 GCTaskThread "GC Thread#0" [stack: 0x000000cfbf800000,0x000000cfbf900000] [id=21748]
  0x0000029f9ae9cbc0 GCTaskThread "GC Thread#1" [stack: 0x000000cfc0b00000,0x000000cfc0c00000] [id=10548]
  0x0000029f9ae9c3b0 GCTaskThread "GC Thread#2" [stack: 0x000000cfc0c00000,0x000000cfc0d00000] [id=16588]
  0x0000029f9ae9be50 GCTaskThread "GC Thread#3" [stack: 0x000000cfc0d00000,0x000000cfc0e00000] [id=18280]
  0x0000029fff8797b0 ConcurrentGCThread "G1 Main Marker" [stack: 0x000000cfbf900000,0x000000cfbfa00000] [id=13552]
  0x0000029fff87a0d0 ConcurrentGCThread "G1 Conc#0" [stack: 0x000000cfbfa00000,0x000000cfbfb00000] [id=16416]
  0x0000029fff8d4b10 ConcurrentGCThread "G1 Refine#0" [stack: 0x000000cfbfb00000,0x000000cfbfc00000] [id=21816]
  0x0000029f9d46ec50 ConcurrentGCThread "G1 Refine#1" [stack: 0x000000cfc5200000,0x000000cfc5300000] [id=13820]
  0x0000029fa6e56fc0 ConcurrentGCThread "G1 Refine#2" [stack: 0x000000cfc5600000,0x000000cfc5700000] [id=3992]
  0x0000029f9d46e0d0 ConcurrentGCThread "G1 Refine#3" [stack: 0x000000cfc6100000,0x000000cfc6200000] [id=8468]
  0x0000029f9a141600 ConcurrentGCThread "G1 Service" [stack: 0x000000cfbfc00000,0x000000cfbfd00000] [id=23188]

Threads with active compile tasks:

VM state: at safepoint (normal execution)

VM Mutex/Monitor currently owned by a thread:  ([mutex/lock_event])
[0x0000029fff8043e0] Threads_lock - owner thread: 0x0000029f9a2cfad0
[0x0000029fff804230] Heap_lock - owner thread: 0x0000029f9f8e1a20

Heap address: 0x0000000080000000, size: 2048 MB, Compressed Oops mode: 32-bit

CDS archive(s) not mapped
Compressed class space mapped at: 0x0000000100000000-0x0000000140000000, reserved size: 1073741824
Narrow klass base: 0x0000000000000000, Narrow klass shift: 3, Narrow klass range: 0x140000000

GC Precious Log:
 CPUs: 4 total, 4 available
 Memory: 8104M
 Large Page Support: Disabled
 NUMA Support: Disabled
 Compressed Oops: Enabled (32-bit)
 Heap Region Size: 1M
 Heap Min Capacity: 8M
 Heap Initial Capacity: 128M
 Heap Max Capacity: 2G
 Pre-touch: Disabled
 Parallel Workers: 4
 Concurrent Workers: 1
 Concurrent Refinement Workers: 4
 Periodic GC: Disabled

Heap:
 garbage-first heap   total 240640K, used 121461K [0x0000000080000000, 0x0000000100000000)
  region size 1024K, 5 young (5120K), 5 survivors (5120K)
 Metaspace       used 131084K, committed 132544K, reserved 1171456K
  class space    used 17551K, committed 18240K, reserved 1048576K

Heap Regions: E=young(eden), S=young(survivor), O=old, HS=humongous(starts), HC=humongous(continues), CS=collection set, F=free, OA=open archive, CA=closed archive, TAMS=top-at-mark-start (previous, next)
|   0|0x0000000080000000, 0x0000000080100000, 0x0000000080100000|100%| O|  |TAMS 0x0000000080100000, 0x0000000080100000| Untracked 
|   1|0x0000000080100000, 0x00000000801fffe0, 0x0000000080200000| 99%| O|  |TAMS 0x00000000801fffe0, 0x00000000801fffe0| Untracked 
|   2|0x0000000080200000, 0x0000000080300000, 0x0000000080300000|100%|HS|  |TAMS 0x0000000080300000, 0x0000000080300000| Complete 
|   3|0x0000000080300000, 0x0000000080400000, 0x0000000080400000|100%|HC|  |TAMS 0x0000000080400000, 0x0000000080400000| Complete 
|   4|0x0000000080400000, 0x0000000080500000, 0x0000000080500000|100%|HC|  |TAMS 0x0000000080500000, 0x0000000080500000| Complete 
|   5|0x0000000080500000, 0x0000000080600000, 0x0000000080600000|100%|HC|  |TAMS 0x0000000080600000, 0x0000000080600000| Complete 
|   6|0x0000000080600000, 0x0000000080700000, 0x0000000080700000|100%| O|  |TAMS 0x0000000080700000, 0x0000000080700000| Untracked 
|   7|0x0000000080700000, 0x00000000807fffe8, 0x0000000080800000| 99%| O|  |TAMS 0x00000000807fffe8, 0x00000000807fffe8| Untracked 
|   8|0x0000000080800000, 0x0000000080900000, 0x0000000080900000|100%| O|  |TAMS 0x0000000080900000, 0x0000000080900000| Untracked 
|   9|0x0000000080900000, 0x0000000080a00000, 0x0000000080a00000|100%| O|  |TAMS 0x0000000080a00000, 0x0000000080a00000| Untracked 
|  10|0x0000000080a00000, 0x0000000080b00000, 0x0000000080b00000|100%| O|  |TAMS 0x0000000080b00000, 0x0000000080b00000| Untracked 
|  11|0x0000000080b00000, 0x0000000080bffff0, 0x0000000080c00000| 99%| O|  |TAMS 0x0000000080bffff0, 0x0000000080bffff0| Untracked 
|  12|0x0000000080c00000, 0x0000000080d00000, 0x0000000080d00000|100%| O|  |TAMS 0x0000000080d00000, 0x0000000080d00000| Untracked 
|  13|0x0000000080d00000, 0x0000000080e00000, 0x0000000080e00000|100%| O|  |TAMS 0x0000000080e00000, 0x0000000080e00000| Untracked 
|  14|0x0000000080e00000, 0x0000000080f00000, 0x0000000080f00000|100%| O|  |TAMS 0x0000000080f00000, 0x0000000080f00000| Untracked 
|  15|0x0000000080f00000, 0x0000000081000000, 0x0000000081000000|100%| O|  |TAMS 0x0000000081000000, 0x0000000081000000| Untracked 
|  16|0x0000000081000000, 0x0000000081100000, 0x0000000081100000|100%| O|  |TAMS 0x0000000081100000, 0x0000000081100000| Untracked 
|  17|0x0000000081100000, 0x0000000081200000, 0x0000000081200000|100%| O|  |TAMS 0x0000000081200000, 0x0000000081200000| Untracked 
|  18|0x0000000081200000, 0x0000000081300000, 0x0000000081300000|100%| O|  |TAMS 0x0000000081300000, 0x0000000081300000| Untracked 
|  19|0x0000000081300000, 0x00000000813ffff0, 0x0000000081400000| 99%| O|  |TAMS 0x00000000813ffff0, 0x00000000813ffff0| Untracked 
|  20|0x0000000081400000, 0x00000000814fffe8, 0x0000000081500000| 99%| O|  |TAMS 0x00000000814fffe8, 0x00000000814fffe8| Untracked 
|  21|0x0000000081500000, 0x00000000815fffc0, 0x0000000081600000| 99%| O|  |TAMS 0x00000000815fffc0, 0x00000000815fffc0| Untracked 
|  22|0x0000000081600000, 0x0000000081700000, 0x0000000081700000|100%| O|  |TAMS 0x0000000081700000, 0x0000000081700000| Untracked 
|  23|0x0000000081700000, 0x0000000081800000, 0x0000000081800000|100%| O|  |TAMS 0x0000000081800000, 0x0000000081800000| Untracked 
|  24|0x0000000081800000, 0x00000000818ffff8, 0x0000000081900000| 99%| O|  |TAMS 0x00000000818ffff8, 0x00000000818ffff8| Untracked 
|  25|0x0000000081900000, 0x00000000819fffe8, 0x0000000081a00000| 99%| O|  |TAMS 0x00000000819fffe8, 0x00000000819fffe8| Untracked 
|  26|0x0000000081a00000, 0x0000000081b00000, 0x0000000081b00000|100%| O|  |TAMS 0x0000000081b00000, 0x0000000081b00000| Untracked 
|  27|0x0000000081b00000, 0x0000000081c00000, 0x0000000081c00000|100%| O|  |TAMS 0x0000000081c00000, 0x0000000081c00000| Untracked 
|  28|0x0000000081c00000, 0x0000000081d00000, 0x0000000081d00000|100%| O|  |TAMS 0x0000000081d00000, 0x0000000081d00000| Untracked 
|  29|0x0000000081d00000, 0x0000000081d94450, 0x0000000081e00000| 57%| O|  |TAMS 0x0000000081d94450, 0x0000000081d94450| Untracked 
|  30|0x0000000081e00000, 0x0000000081effff0, 0x0000000081f00000| 99%| O|  |TAMS 0x0000000081effff0, 0x0000000081effff0| Untracked 
|  31|0x0000000081f00000, 0x0000000081fffff8, 0x0000000082000000| 99%| O|  |TAMS 0x0000000081fffff8, 0x0000000081fffff8| Untracked 
|  32|0x0000000082000000, 0x00000000820ffff0, 0x0000000082100000| 99%| O|  |TAMS 0x00000000820ffff0, 0x00000000820ffff0| Untracked 
|  33|0x0000000082100000, 0x0000000082200000, 0x0000000082200000|100%| O|  |TAMS 0x0000000082200000, 0x0000000082200000| Untracked 
|  34|0x0000000082200000, 0x0000000082300000, 0x0000000082300000|100%|HS|  |TAMS 0x0000000082300000, 0x0000000082300000| Complete 
|  35|0x0000000082300000, 0x0000000082400000, 0x0000000082400000|100%|HS|  |TAMS 0x0000000082400000, 0x0000000082400000| Complete 
|  36|0x0000000082400000, 0x0000000082500000, 0x0000000082500000|100%|HS|  |TAMS 0x0000000082500000, 0x0000000082500000| Complete 
|  37|0x0000000082500000, 0x0000000082600000, 0x0000000082600000|100%|HS|  |TAMS 0x0000000082600000, 0x0000000082600000| Complete 
|  38|0x0000000082600000, 0x0000000082700000, 0x0000000082700000|100%|HC|  |TAMS 0x0000000082700000, 0x0000000082700000| Complete 
|  39|0x0000000082700000, 0x0000000082800000, 0x0000000082800000|100%|HC|  |TAMS 0x0000000082800000, 0x0000000082800000| Complete 
|  40|0x0000000082800000, 0x0000000082900000, 0x0000000082900000|100%|HC|  |TAMS 0x0000000082900000, 0x0000000082900000| Complete 
|  41|0x0000000082900000, 0x0000000082a00000, 0x0000000082a00000|100%| O|  |TAMS 0x0000000082a00000, 0x0000000082a00000| Untracked 
|  42|0x0000000082a00000, 0x0000000082b00000, 0x0000000082b00000|100%| O|  |TAMS 0x0000000082b00000, 0x0000000082b00000| Untracked 
|  43|0x0000000082b00000, 0x0000000082c00000, 0x0000000082c00000|100%| O|  |TAMS 0x0000000082c00000, 0x0000000082c00000| Untracked 
|  44|0x0000000082c00000, 0x0000000082cfb630, 0x0000000082d00000| 98%| O|  |TAMS 0x0000000082cfb630, 0x0000000082cfb630| Untracked 
|  45|0x0000000082d00000, 0x0000000082e00000, 0x0000000082e00000|100%| O|  |TAMS 0x0000000082e00000, 0x0000000082e00000| Untracked 
|  46|0x0000000082e00000, 0x0000000082f00000, 0x0000000082f00000|100%| O|  |TAMS 0x0000000082f00000, 0x0000000082f00000| Untracked 
|  47|0x0000000082f00000, 0x0000000082fbef70, 0x0000000083000000| 74%| O|  |TAMS 0x0000000082fbef70, 0x0000000082fbef70| Untracked 
|  48|0x0000000083000000, 0x0000000083100000, 0x0000000083100000|100%| O|  |TAMS 0x0000000083100000, 0x0000000083100000| Untracked 
|  49|0x0000000083100000, 0x0000000083200000, 0x0000000083200000|100%| O|  |TAMS 0x0000000083200000, 0x0000000083200000| Untracked 
|  50|0x0000000083200000, 0x0000000083300000, 0x0000000083300000|100%| O|  |TAMS 0x0000000083300000, 0x0000000083300000| Untracked 
|  51|0x0000000083300000, 0x0000000083400000, 0x0000000083400000|100%| O|  |TAMS 0x0000000083400000, 0x0000000083400000| Untracked 
|  52|0x0000000083400000, 0x00000000834fffd8, 0x0000000083500000| 99%| O|  |TAMS 0x00000000834fffd8, 0x00000000834fffd8| Untracked 
|  53|0x0000000083500000, 0x0000000083600000, 0x0000000083600000|100%| O|  |TAMS 0x0000000083600000, 0x0000000083600000| Untracked 
|  54|0x0000000083600000, 0x00000000836fff20, 0x0000000083700000| 99%| O|  |TAMS 0x00000000836fff20, 0x00000000836fff20| Untracked 
|  55|0x0000000083700000, 0x00000000837fffe8, 0x0000000083800000| 99%| O|  |TAMS 0x00000000837fffe8, 0x00000000837fffe8| Untracked 
|  56|0x0000000083800000, 0x0000000083900000, 0x0000000083900000|100%| O|  |TAMS 0x0000000083900000, 0x0000000083900000| Untracked 
|  57|0x0000000083900000, 0x0000000083a00000, 0x0000000083a00000|100%| O|  |TAMS 0x0000000083900000, 0x0000000083a00000| Untracked 
|  58|0x0000000083a00000, 0x0000000083b00000, 0x0000000083b00000|100%| O|  |TAMS 0x0000000083b00000, 0x0000000083b00000| Untracked 
|  59|0x0000000083b00000, 0x0000000083bffff0, 0x0000000083c00000| 99%| O|  |TAMS 0x0000000083bffff0, 0x0000000083bffff0| Untracked 
|  60|0x0000000083c00000, 0x0000000083d00000, 0x0000000083d00000|100%| O|  |TAMS 0x0000000083d00000, 0x0000000083d00000| Untracked 
|  61|0x0000000083d00000, 0x0000000083e00000, 0x0000000083e00000|100%| O|  |TAMS 0x0000000083e00000, 0x0000000083e00000| Untracked 
|  62|0x0000000083e00000, 0x0000000083efffd0, 0x0000000083f00000| 99%| O|  |TAMS 0x0000000083efffd0, 0x0000000083efffd0| Untracked 
|  63|0x0000000083f00000, 0x0000000083ffffe8, 0x0000000084000000| 99%| O|  |TAMS 0x0000000083ffffe8, 0x0000000083ffffe8| Untracked 
|  64|0x0000000084000000, 0x00000000840fffb8, 0x0000000084100000| 99%| O|  |TAMS 0x00000000840fffb8, 0x00000000840fffb8| Untracked 
|  65|0x0000000084100000, 0x0000000084200000, 0x0000000084200000|100%| O|  |TAMS 0x0000000084200000, 0x0000000084200000| Untracked 
|  66|0x0000000084200000, 0x00000000842fffe0, 0x0000000084300000| 99%| O|  |TAMS 0x00000000842fffe0, 0x00000000842fffe0| Untracked 
|  67|0x0000000084300000, 0x0000000084400000, 0x0000000084400000|100%| O|  |TAMS 0x0000000084400000, 0x0000000084400000| Untracked 
|  68|0x0000000084400000, 0x00000000844ffff0, 0x0000000084500000| 99%| O|  |TAMS 0x00000000844ffff0, 0x00000000844ffff0| Untracked 
|  69|0x0000000084500000, 0x00000000845ffff0, 0x0000000084600000| 99%| O|  |TAMS 0x00000000845ffff0, 0x00000000845ffff0| Untracked 
|  70|0x0000000084600000, 0x00000000846ffff0, 0x0000000084700000| 99%| O|  |TAMS 0x00000000846ffff0, 0x00000000846ffff0| Untracked 
|  71|0x0000000084700000, 0x00000000847fffd8, 0x0000000084800000| 99%| O|  |TAMS 0x00000000847fffd8, 0x00000000847fffd8| Untracked 
|  72|0x0000000084800000, 0x00000000848fffc0, 0x0000000084900000| 99%| O|  |TAMS 0x00000000848fffc0, 0x00000000848fffc0| Untracked 
|  73|0x0000000084900000, 0x00000000849ffff0, 0x0000000084a00000| 99%| O|  |TAMS 0x00000000849ffff0, 0x00000000849ffff0| Untracked 
|  74|0x0000000084a00000, 0x0000000084affff0, 0x0000000084b00000| 99%| O|  |TAMS 0x0000000084affff0, 0x0000000084affff0| Untracked 
|  75|0x0000000084b00000, 0x0000000084bffff0, 0x0000000084c00000| 99%| O|  |TAMS 0x0000000084bffff0, 0x0000000084bffff0| Untracked 
|  76|0x0000000084c00000, 0x0000000084d00000, 0x0000000084d00000|100%| O|  |TAMS 0x0000000084d00000, 0x0000000084d00000| Untracked 
|  77|0x0000000084d00000, 0x0000000084e00000, 0x0000000084e00000|100%| O|  |TAMS 0x0000000084e00000, 0x0000000084e00000| Untracked 
|  78|0x0000000084e00000, 0x0000000084f00000, 0x0000000084f00000|100%| O|  |TAMS 0x0000000084f00000, 0x0000000084f00000| Untracked 
|  79|0x0000000084f00000, 0x0000000085000000, 0x0000000085000000|100%| O|  |TAMS 0x0000000085000000, 0x0000000085000000| Untracked 
|  80|0x0000000085000000, 0x0000000085100000, 0x0000000085100000|100%| O|  |TAMS 0x0000000085100000, 0x0000000085100000| Untracked 
|  81|0x0000000085100000, 0x00000000851ffff0, 0x0000000085200000| 99%| O|  |TAMS 0x00000000851ffff0, 0x00000000851ffff0| Untracked 
|  82|0x0000000085200000, 0x00000000852fffe0, 0x0000000085300000| 99%| O|  |TAMS 0x00000000852fffe0, 0x00000000852fffe0| Untracked 
|  83|0x0000000085300000, 0x0000000085400000, 0x0000000085400000|100%| O|  |TAMS 0x0000000085400000, 0x0000000085400000| Untracked 
|  84|0x0000000085400000, 0x00000000854ffff8, 0x0000000085500000| 99%| O|  |TAMS 0x00000000854ffff8, 0x00000000854ffff8| Untracked 
|  85|0x0000000085500000, 0x0000000085600000, 0x0000000085600000|100%| O|  |TAMS 0x0000000085500000, 0x0000000085600000| Untracked 
|  86|0x0000000085600000, 0x0000000085700000, 0x0000000085700000|100%| O|  |TAMS 0x0000000085600000, 0x0000000085700000| Untracked 
|  87|0x0000000085700000, 0x0000000085700000, 0x0000000085800000|  0%| F|  |TAMS 0x0000000085700000, 0x0000000085700000| Untracked 
|  88|0x0000000085800000, 0x00000000858fffe8, 0x0000000085900000| 99%| O|  |TAMS 0x00000000858fffe8, 0x00000000858fffe8| Untracked 
|  89|0x0000000085900000, 0x00000000859ffff0, 0x0000000085a00000| 99%| O|  |TAMS 0x00000000859ffff0, 0x00000000859ffff0| Untracked 
|  90|0x0000000085a00000, 0x0000000085affff8, 0x0000000085b00000| 99%| O|  |TAMS 0x0000000085affff8, 0x0000000085affff8| Untracked 
|  91|0x0000000085b00000, 0x0000000085c00000, 0x0000000085c00000|100%| O|  |TAMS 0x0000000085c00000, 0x0000000085c00000| Untracked 
|  92|0x0000000085c00000, 0x0000000085d00000, 0x0000000085d00000|100%| O|  |TAMS 0x0000000085c00000, 0x0000000085d00000| Untracked 
|  93|0x0000000085d00000, 0x0000000085de9040, 0x0000000085e00000| 91%| O|  |TAMS 0x0000000085de9040, 0x0000000085de9040| Untracked 
|  94|0x0000000085e00000, 0x0000000085f00000, 0x0000000085f00000|100%| O|  |TAMS 0x0000000085f00000, 0x0000000085f00000| Untracked 
|  95|0x0000000085f00000, 0x0000000086000000, 0x0000000086000000|100%| O|  |TAMS 0x0000000085f00000, 0x0000000086000000| Untracked 
|  96|0x0000000086000000, 0x0000000086100000, 0x0000000086100000|100%| O|  |TAMS 0x0000000086100000, 0x0000000086100000| Untracked 
|  97|0x0000000086100000, 0x0000000086200000, 0x0000000086200000|100%| O|  |TAMS 0x0000000086200000, 0x0000000086200000| Untracked 
|  98|0x0000000086200000, 0x00000000862ffff0, 0x0000000086300000| 99%| O|  |TAMS 0x00000000862ffff0, 0x00000000862ffff0| Untracked 
|  99|0x0000000086300000, 0x0000000086300000, 0x0000000086400000|  0%| F|  |TAMS 0x0000000086300000, 0x0000000086300000| Untracked 
| 100|0x0000000086400000, 0x0000000086500000, 0x0000000086500000|100%| O|  |TAMS 0x0000000086500000, 0x0000000086500000| Untracked 
| 101|0x0000000086500000, 0x0000000086500000, 0x0000000086600000|  0%| F|  |TAMS 0x0000000086500000, 0x0000000086500000| Untracked 
| 102|0x0000000086600000, 0x0000000086600000, 0x0000000086700000|  0%| F|  |TAMS 0x0000000086600000, 0x0000000086600000| Untracked 
| 103|0x0000000086700000, 0x0000000086700000, 0x0000000086800000|  0%| F|  |TAMS 0x0000000086700000, 0x0000000086700000| Untracked 
| 104|0x0000000086800000, 0x0000000086900000, 0x0000000086900000|100%| O|  |TAMS 0x0000000086800000, 0x0000000086900000| Untracked 
| 105|0x0000000086900000, 0x0000000086900000, 0x0000000086a00000|  0%| F|  |TAMS 0x0000000086900000, 0x0000000086900000| Untracked 
| 106|0x0000000086a00000, 0x0000000086b00000, 0x0000000086b00000|100%| O|  |TAMS 0x0000000086b00000, 0x0000000086b00000| Untracked 
| 107|0x0000000086b00000, 0x0000000086c00000, 0x0000000086c00000|100%| O|  |TAMS 0x0000000086c00000, 0x0000000086c00000| Untracked 
| 108|0x0000000086c00000, 0x0000000086d00000, 0x0000000086d00000|100%| O|  |TAMS 0x0000000086d00000, 0x0000000086d00000| Untracked 
| 109|0x0000000086d00000, 0x0000000086d00000, 0x0000000086e00000|  0%| F|  |TAMS 0x0000000086d00000, 0x0000000086d00000| Untracked 
| 110|0x0000000086e00000, 0x0000000086e00000, 0x0000000086f00000|  0%| F|  |TAMS 0x0000000086e00000, 0x0000000086e00000| Untracked 
| 111|0x0000000086f00000, 0x0000000086f00000, 0x0000000087000000|  0%| F|  |TAMS 0x0000000086f00000, 0x0000000086f00000| Untracked 
| 112|0x0000000087000000, 0x0000000087100000, 0x0000000087100000|100%| O|  |TAMS 0x0000000087100000, 0x0000000087100000| Untracked 
| 113|0x0000000087100000, 0x0000000087200000, 0x0000000087200000|100%| O|  |TAMS 0x0000000087200000, 0x0000000087200000| Untracked 
| 114|0x0000000087200000, 0x0000000087300000, 0x0000000087300000|100%| O|  |TAMS 0x0000000087300000, 0x0000000087300000| Untracked 
| 115|0x0000000087300000, 0x0000000087400000, 0x0000000087400000|100%| O|  |TAMS 0x0000000087400000, 0x0000000087400000| Untracked 
| 116|0x0000000087400000, 0x0000000087500000, 0x0000000087500000|100%| O|  |TAMS 0x0000000087500000, 0x0000000087500000| Untracked 
| 117|0x0000000087500000, 0x0000000087600000, 0x0000000087600000|100%| O|  |TAMS 0x0000000087600000, 0x0000000087600000| Untracked 
| 118|0x0000000087600000, 0x0000000087700000, 0x0000000087700000|100%| O|  |TAMS 0x0000000087700000, 0x0000000087700000| Untracked 
| 119|0x0000000087700000, 0x0000000087800000, 0x0000000087800000|100%| O|  |TAMS 0x0000000087800000, 0x0000000087800000| Untracked 
| 120|0x0000000087800000, 0x0000000087900000, 0x0000000087900000|100%| O|  |TAMS 0x0000000087900000, 0x0000000087900000| Untracked 
| 121|0x0000000087900000, 0x0000000087a00000, 0x0000000087a00000|100%| O|  |TAMS 0x000000008794dc00, 0x0000000087a00000| Untracked 
| 122|0x0000000087a00000, 0x0000000087b00000, 0x0000000087b00000|100%| O|  |TAMS 0x0000000087a00000, 0x0000000087b00000| Untracked 
| 123|0x0000000087b00000, 0x0000000087b82200, 0x0000000087c00000| 50%| O|  |TAMS 0x0000000087b00000, 0x0000000087b82200| Untracked 
| 124|0x0000000087c00000, 0x0000000087c00000, 0x0000000087d00000|  0%| F|  |TAMS 0x0000000087c00000, 0x0000000087c00000| Untracked 
| 125|0x0000000087d00000, 0x0000000087d00000, 0x0000000087e00000|  0%| F|  |TAMS 0x0000000087d00000, 0x0000000087d00000| Untracked 
| 126|0x0000000087e00000, 0x0000000087e00000, 0x0000000087f00000|  0%| F|  |TAMS 0x0000000087e00000, 0x0000000087e00000| Untracked 
| 127|0x0000000087f00000, 0x0000000087f00000, 0x0000000088000000|  0%| F|  |TAMS 0x0000000087f00000, 0x0000000087f00000| Untracked 
| 128|0x0000000088000000, 0x0000000088000000, 0x0000000088100000|  0%| F|  |TAMS 0x0000000088000000, 0x0000000088000000| Untracked 
| 129|0x0000000088100000, 0x0000000088100000, 0x0000000088200000|  0%| F|  |TAMS 0x0000000088100000, 0x0000000088100000| Untracked 
| 130|0x0000000088200000, 0x0000000088200000, 0x0000000088300000|  0%| F|  |TAMS 0x0000000088200000, 0x0000000088200000| Untracked 
| 131|0x0000000088300000, 0x0000000088300000, 0x0000000088400000|  0%| F|  |TAMS 0x0000000088300000, 0x0000000088300000| Untracked 
| 132|0x0000000088400000, 0x0000000088400000, 0x0000000088500000|  0%| F|  |TAMS 0x0000000088400000, 0x0000000088400000| Untracked 
| 133|0x0000000088500000, 0x0000000088500000, 0x0000000088600000|  0%| F|  |TAMS 0x0000000088500000, 0x0000000088500000| Untracked 
| 134|0x0000000088600000, 0x0000000088600000, 0x0000000088700000|  0%| F|  |TAMS 0x0000000088600000, 0x0000000088600000| Untracked 
| 135|0x0000000088700000, 0x0000000088700000, 0x0000000088800000|  0%| F|  |TAMS 0x0000000088700000, 0x0000000088700000| Untracked 
| 136|0x0000000088800000, 0x0000000088800000, 0x0000000088900000|  0%| F|  |TAMS 0x0000000088800000, 0x0000000088800000| Untracked 
| 137|0x0000000088900000, 0x0000000088900000, 0x0000000088a00000|  0%| F|  |TAMS 0x0000000088900000, 0x0000000088900000| Untracked 
| 138|0x0000000088a00000, 0x0000000088a00000, 0x0000000088b00000|  0%| F|  |TAMS 0x0000000088a00000, 0x0000000088a00000| Untracked 
| 139|0x0000000088b00000, 0x0000000088b00000, 0x0000000088c00000|  0%| F|  |TAMS 0x0000000088b00000, 0x0000000088b00000| Untracked 
| 140|0x0000000088c00000, 0x0000000088c00000, 0x0000000088d00000|  0%| F|  |TAMS 0x0000000088c00000, 0x0000000088c00000| Untracked 
| 141|0x0000000088d00000, 0x0000000088d00000, 0x0000000088e00000|  0%| F|  |TAMS 0x0000000088d00000, 0x0000000088d00000| Untracked 
| 142|0x0000000088e00000, 0x0000000088e00000, 0x0000000088f00000|  0%| F|  |TAMS 0x0000000088e00000, 0x0000000088e00000| Untracked 
| 143|0x0000000088f00000, 0x0000000088f00000, 0x0000000089000000|  0%| F|  |TAMS 0x0000000088f00000, 0x0000000088f00000| Untracked 
| 144|0x0000000089000000, 0x0000000089000000, 0x0000000089100000|  0%| F|  |TAMS 0x0000000089000000, 0x0000000089000000| Untracked 
| 145|0x0000000089100000, 0x0000000089100000, 0x0000000089200000|  0%| F|  |TAMS 0x0000000089100000, 0x0000000089100000| Untracked 
| 146|0x0000000089200000, 0x0000000089200000, 0x0000000089300000|  0%| F|  |TAMS 0x0000000089200000, 0x0000000089200000| Untracked 
| 147|0x0000000089300000, 0x0000000089300000, 0x0000000089400000|  0%| F|  |TAMS 0x0000000089300000, 0x0000000089300000| Untracked 
| 148|0x0000000089400000, 0x0000000089400000, 0x0000000089500000|  0%| F|  |TAMS 0x0000000089400000, 0x0000000089400000| Untracked 
| 149|0x0000000089500000, 0x0000000089500000, 0x0000000089600000|  0%| F|  |TAMS 0x0000000089500000, 0x0000000089500000| Untracked 
| 150|0x0000000089600000, 0x0000000089600000, 0x0000000089700000|  0%| F|  |TAMS 0x0000000089600000, 0x0000000089600000| Untracked 
| 151|0x0000000089700000, 0x0000000089700000, 0x0000000089800000|  0%| F|  |TAMS 0x0000000089700000, 0x0000000089700000| Untracked 
| 152|0x0000000089800000, 0x0000000089800000, 0x0000000089900000|  0%| F|  |TAMS 0x0000000089800000, 0x0000000089800000| Untracked 
| 153|0x0000000089900000, 0x0000000089900000, 0x0000000089a00000|  0%| F|  |TAMS 0x0000000089900000, 0x0000000089900000| Untracked 
| 154|0x0000000089a00000, 0x0000000089a00000, 0x0000000089b00000|  0%| F|  |TAMS 0x0000000089a00000, 0x0000000089a00000| Untracked 
| 155|0x0000000089b00000, 0x0000000089b00000, 0x0000000089c00000|  0%| F|  |TAMS 0x0000000089b00000, 0x0000000089b00000| Untracked 
| 156|0x0000000089c00000, 0x0000000089c00000, 0x0000000089d00000|  0%| F|  |TAMS 0x0000000089c00000, 0x0000000089c00000| Untracked 
| 157|0x0000000089d00000, 0x0000000089d00000, 0x0000000089e00000|  0%| F|  |TAMS 0x0000000089d00000, 0x0000000089d00000| Untracked 
| 158|0x0000000089e00000, 0x0000000089e00000, 0x0000000089f00000|  0%| F|  |TAMS 0x0000000089e00000, 0x0000000089e00000| Untracked 
| 159|0x0000000089f00000, 0x0000000089f00000, 0x000000008a000000|  0%| F|  |TAMS 0x0000000089f00000, 0x0000000089f00000| Untracked 
| 160|0x000000008a000000, 0x000000008a000000, 0x000000008a100000|  0%| F|  |TAMS 0x000000008a000000, 0x000000008a000000| Untracked 
| 161|0x000000008a100000, 0x000000008a100000, 0x000000008a200000|  0%| F|  |TAMS 0x000000008a100000, 0x000000008a100000| Untracked 
| 162|0x000000008a200000, 0x000000008a2e3ea0, 0x000000008a300000| 89%| S|CS|TAMS 0x000000008a200000, 0x000000008a200000| Complete 
| 163|0x000000008a300000, 0x000000008a400000, 0x000000008a400000|100%| S|CS|TAMS 0x000000008a300000, 0x000000008a300000| Complete 
| 164|0x000000008a400000, 0x000000008a500000, 0x000000008a500000|100%| S|CS|TAMS 0x000000008a400000, 0x000000008a400000| Complete 
| 165|0x000000008a500000, 0x000000008a600000, 0x000000008a600000|100%| S|CS|TAMS 0x000000008a500000, 0x000000008a500000| Complete 
| 166|0x000000008a600000, 0x000000008a700000, 0x000000008a700000|100%| S|CS|TAMS 0x000000008a600000, 0x000000008a600000| Complete 
| 167|0x000000008a700000, 0x000000008a700000, 0x000000008a800000|  0%| F|  |TAMS 0x000000008a700000, 0x000000008a700000| Untracked 
| 168|0x000000008a800000, 0x000000008a800000, 0x000000008a900000|  0%| F|  |TAMS 0x000000008a800000, 0x000000008a800000| Untracked 
| 169|0x000000008a900000, 0x000000008a900000, 0x000000008aa00000|  0%| F|  |TAMS 0x000000008a900000, 0x000000008a900000| Untracked 
| 170|0x000000008aa00000, 0x000000008aa00000, 0x000000008ab00000|  0%| F|  |TAMS 0x000000008aa00000, 0x000000008aa00000| Untracked 
| 171|0x000000008ab00000, 0x000000008ab00000, 0x000000008ac00000|  0%| F|  |TAMS 0x000000008ab00000, 0x000000008ab00000| Untracked 
| 172|0x000000008ac00000, 0x000000008ac00000, 0x000000008ad00000|  0%| F|  |TAMS 0x000000008ac00000, 0x000000008ac00000| Untracked 
| 173|0x000000008ad00000, 0x000000008ad00000, 0x000000008ae00000|  0%| F|  |TAMS 0x000000008ad00000, 0x000000008ad00000| Untracked 
| 174|0x000000008ae00000, 0x000000008ae00000, 0x000000008af00000|  0%| F|  |TAMS 0x000000008ae00000, 0x000000008ae00000| Untracked 
| 175|0x000000008af00000, 0x000000008af00000, 0x000000008b000000|  0%| F|  |TAMS 0x000000008af00000, 0x000000008af00000| Untracked 
| 176|0x000000008b000000, 0x000000008b000000, 0x000000008b100000|  0%| F|  |TAMS 0x000000008b000000, 0x000000008b000000| Untracked 
| 177|0x000000008b100000, 0x000000008b100000, 0x000000008b200000|  0%| F|  |TAMS 0x000000008b100000, 0x000000008b100000| Untracked 
| 178|0x000000008b200000, 0x000000008b200000, 0x000000008b300000|  0%| F|  |TAMS 0x000000008b200000, 0x000000008b200000| Untracked 
| 179|0x000000008b300000, 0x000000008b300000, 0x000000008b400000|  0%| F|  |TAMS 0x000000008b300000, 0x000000008b300000| Untracked 
| 180|0x000000008b400000, 0x000000008b400000, 0x000000008b500000|  0%| F|  |TAMS 0x000000008b400000, 0x000000008b400000| Untracked 
| 181|0x000000008b500000, 0x000000008b500000, 0x000000008b600000|  0%| F|  |TAMS 0x000000008b500000, 0x000000008b500000| Untracked 
| 182|0x000000008b600000, 0x000000008b600000, 0x000000008b700000|  0%| F|  |TAMS 0x000000008b600000, 0x000000008b600000| Untracked 
| 183|0x000000008b700000, 0x000000008b700000, 0x000000008b800000|  0%| F|  |TAMS 0x000000008b700000, 0x000000008b700000| Untracked 
| 184|0x000000008b800000, 0x000000008b800000, 0x000000008b900000|  0%| F|  |TAMS 0x000000008b800000, 0x000000008b800000| Untracked 
| 185|0x000000008b900000, 0x000000008b900000, 0x000000008ba00000|  0%| F|  |TAMS 0x000000008b900000, 0x000000008b900000| Untracked 
| 186|0x000000008ba00000, 0x000000008ba00000, 0x000000008bb00000|  0%| F|  |TAMS 0x000000008ba00000, 0x000000008ba00000| Untracked 
| 187|0x000000008bb00000, 0x000000008bb00000, 0x000000008bc00000|  0%| F|  |TAMS 0x000000008bb00000, 0x000000008bb00000| Untracked 
| 188|0x000000008bc00000, 0x000000008bc00000, 0x000000008bd00000|  0%| F|  |TAMS 0x000000008bc00000, 0x000000008bc00000| Untracked 
| 189|0x000000008bd00000, 0x000000008bd00000, 0x000000008be00000|  0%| F|  |TAMS 0x000000008bd00000, 0x000000008bd00000| Untracked 
| 190|0x000000008be00000, 0x000000008be00000, 0x000000008bf00000|  0%| F|  |TAMS 0x000000008be00000, 0x000000008be00000| Untracked 
| 191|0x000000008bf00000, 0x000000008bf00000, 0x000000008c000000|  0%| F|  |TAMS 0x000000008bf00000, 0x000000008bf00000| Untracked 
| 192|0x000000008c000000, 0x000000008c000000, 0x000000008c100000|  0%| F|  |TAMS 0x000000008c000000, 0x000000008c000000| Untracked 
| 193|0x000000008c100000, 0x000000008c100000, 0x000000008c200000|  0%| F|  |TAMS 0x000000008c100000, 0x000000008c100000| Untracked 
| 194|0x000000008c200000, 0x000000008c200000, 0x000000008c300000|  0%| F|  |TAMS 0x000000008c200000, 0x000000008c200000| Untracked 
| 195|0x000000008c300000, 0x000000008c300000, 0x000000008c400000|  0%| F|  |TAMS 0x000000008c300000, 0x000000008c300000| Untracked 
| 196|0x000000008c400000, 0x000000008c400000, 0x000000008c500000|  0%| F|  |TAMS 0x000000008c400000, 0x000000008c400000| Untracked 
| 197|0x000000008c500000, 0x000000008c500000, 0x000000008c600000|  0%| F|  |TAMS 0x000000008c500000, 0x000000008c500000| Untracked 
| 198|0x000000008c600000, 0x000000008c600000, 0x000000008c700000|  0%| F|  |TAMS 0x000000008c600000, 0x000000008c600000| Untracked 
| 199|0x000000008c700000, 0x000000008c700000, 0x000000008c800000|  0%| F|  |TAMS 0x000000008c700000, 0x000000008c700000| Untracked 
| 200|0x000000008c800000, 0x000000008c800000, 0x000000008c900000|  0%| F|  |TAMS 0x000000008c800000, 0x000000008c800000| Untracked 
| 201|0x000000008c900000, 0x000000008c900000, 0x000000008ca00000|  0%| F|  |TAMS 0x000000008c900000, 0x000000008c900000| Untracked 
| 202|0x000000008ca00000, 0x000000008ca00000, 0x000000008cb00000|  0%| F|  |TAMS 0x000000008ca00000, 0x000000008ca00000| Untracked 
| 203|0x000000008cb00000, 0x000000008cb00000, 0x000000008cc00000|  0%| F|  |TAMS 0x000000008cb00000, 0x000000008cb00000| Untracked 
| 204|0x000000008cc00000, 0x000000008cc00000, 0x000000008cd00000|  0%| F|  |TAMS 0x000000008cc00000, 0x000000008cc00000| Untracked 
| 205|0x000000008cd00000, 0x000000008cd00000, 0x000000008ce00000|  0%| F|  |TAMS 0x000000008cd00000, 0x000000008cd00000| Untracked 
| 206|0x000000008ce00000, 0x000000008ce00000, 0x000000008cf00000|  0%| F|  |TAMS 0x000000008ce00000, 0x000000008ce00000| Untracked 
| 207|0x000000008cf00000, 0x000000008cf00000, 0x000000008d000000|  0%| F|  |TAMS 0x000000008cf00000, 0x000000008cf00000| Untracked 
| 208|0x000000008d000000, 0x000000008d000000, 0x000000008d100000|  0%| F|  |TAMS 0x000000008d000000, 0x000000008d000000| Untracked 
| 209|0x000000008d100000, 0x000000008d100000, 0x000000008d200000|  0%| F|  |TAMS 0x000000008d100000, 0x000000008d100000| Untracked 
| 210|0x000000008d200000, 0x000000008d200000, 0x000000008d300000|  0%| F|  |TAMS 0x000000008d200000, 0x000000008d200000| Untracked 
| 211|0x000000008d300000, 0x000000008d300000, 0x000000008d400000|  0%| F|  |TAMS 0x000000008d300000, 0x000000008d300000| Untracked 
| 212|0x000000008d400000, 0x000000008d400000, 0x000000008d500000|  0%| F|  |TAMS 0x000000008d400000, 0x000000008d400000| Untracked 
| 213|0x000000008d500000, 0x000000008d500000, 0x000000008d600000|  0%| F|  |TAMS 0x000000008d500000, 0x000000008d500000| Untracked 
| 214|0x000000008d600000, 0x000000008d600000, 0x000000008d700000|  0%| F|  |TAMS 0x000000008d600000, 0x000000008d600000| Untracked 
| 215|0x000000008d700000, 0x000000008d700000, 0x000000008d800000|  0%| F|  |TAMS 0x000000008d700000, 0x000000008d700000| Untracked 
| 216|0x000000008d800000, 0x000000008d800000, 0x000000008d900000|  0%| F|  |TAMS 0x000000008d800000, 0x000000008d800000| Untracked 
| 217|0x000000008d900000, 0x000000008d900000, 0x000000008da00000|  0%| F|  |TAMS 0x000000008d900000, 0x000000008d900000| Untracked 
| 218|0x000000008da00000, 0x000000008da00000, 0x000000008db00000|  0%| F|  |TAMS 0x000000008da00000, 0x000000008da00000| Untracked 
| 219|0x000000008db00000, 0x000000008db00000, 0x000000008dc00000|  0%| F|  |TAMS 0x000000008db00000, 0x000000008db00000| Untracked 
| 220|0x000000008dc00000, 0x000000008dc00000, 0x000000008dd00000|  0%| F|  |TAMS 0x000000008dc00000, 0x000000008dc00000| Untracked 
| 221|0x000000008dd00000, 0x000000008dd00000, 0x000000008de00000|  0%| F|  |TAMS 0x000000008dd00000, 0x000000008dd00000| Untracked 
| 222|0x000000008de00000, 0x000000008de00000, 0x000000008df00000|  0%| F|  |TAMS 0x000000008de00000, 0x000000008de00000| Untracked 
| 223|0x000000008df00000, 0x000000008df00000, 0x000000008e000000|  0%| F|  |TAMS 0x000000008df00000, 0x000000008df00000| Untracked 
| 224|0x000000008e000000, 0x000000008e000000, 0x000000008e100000|  0%| F|  |TAMS 0x000000008e000000, 0x000000008e000000| Untracked 
| 225|0x000000008e100000, 0x000000008e100000, 0x000000008e200000|  0%| F|  |TAMS 0x000000008e100000, 0x000000008e100000| Untracked 
| 226|0x000000008e200000, 0x000000008e200000, 0x000000008e300000|  0%| F|  |TAMS 0x000000008e200000, 0x000000008e200000| Untracked 
| 227|0x000000008e300000, 0x000000008e300000, 0x000000008e400000|  0%| F|  |TAMS 0x000000008e300000, 0x000000008e300000| Untracked 
| 228|0x000000008e400000, 0x000000008e400000, 0x000000008e500000|  0%| F|  |TAMS 0x000000008e400000, 0x000000008e400000| Untracked 
| 229|0x000000008e500000, 0x000000008e500000, 0x000000008e600000|  0%| F|  |TAMS 0x000000008e500000, 0x000000008e500000| Untracked 
| 230|0x000000008e600000, 0x000000008e600000, 0x000000008e700000|  0%| F|  |TAMS 0x000000008e600000, 0x000000008e600000| Untracked 
| 231|0x000000008e700000, 0x000000008e700000, 0x000000008e800000|  0%| F|  |TAMS 0x000000008e700000, 0x000000008e700000| Untracked 
| 232|0x000000008e800000, 0x000000008e800000, 0x000000008e900000|  0%| F|  |TAMS 0x000000008e800000, 0x000000008e800000| Untracked 
| 233|0x000000008e900000, 0x000000008e900000, 0x000000008ea00000|  0%| F|  |TAMS 0x000000008e900000, 0x000000008e900000| Untracked 
| 234|0x000000008ea00000, 0x000000008ea00000, 0x000000008eb00000|  0%| F|  |TAMS 0x000000008ea00000, 0x000000008ea00000| Untracked 

Card table byte_map: [0x0000029f93810000,0x0000029f93c10000] _byte_map_base: 0x0000029f93410000

Marking Bits (Prev, Next): (CMBitMap*) 0x0000029fff868870, (CMBitMap*) 0x0000029fff8688b0
 Prev Bits: [0x0000029f94010000, 0x0000029f96010000)
 Next Bits: [0x0000029f96010000, 0x0000029f98010000)

Polling page: 0x0000029ffeb40000

Metaspace:

Usage:
  Non-class:    110.87 MB used.
      Class:     17.14 MB used.
       Both:    128.01 MB used.

Virtual space:
  Non-class space:      120.00 MB reserved,     111.62 MB ( 93%) committed,  15 nodes.
      Class space:        1.00 GB reserved,      17.81 MB (  2%) committed,  1 nodes.
             Both:        1.12 GB reserved,     129.44 MB ( 11%) committed. 

Chunk freelists:
   Non-Class:  3.91 MB
       Class:  2.11 MB
        Both:  6.02 MB

MaxMetaspaceSize: unlimited
CompressedClassSpaceSize: 1.00 GB
Initial GC threshold: 21.00 MB
Current GC threshold: 215.00 MB
CDS: off
MetaspaceReclaimPolicy: balanced
 - commit_granule_bytes: 65536.
 - commit_granule_words: 8192.
 - virtual_space_node_default_size: 1048576.
 - enlarge_chunks_in_place: 1.
 - new_chunks_are_fully_committed: 0.
 - uncommit_free_chunks: 1.
 - use_allocation_guard: 0.
 - handle_deallocations: 1.


Internal statistics:

num_allocs_failed_limit: 12.
num_arena_births: 2808.
num_arena_deaths: 264.
num_vsnodes_births: 16.
num_vsnodes_deaths: 0.
num_space_committed: 2071.
num_space_uncommitted: 0.
num_chunks_returned_to_freelist: 328.
num_chunks_taken_from_freelist: 8127.
num_chunk_merges: 119.
num_chunk_splits: 4921.
num_chunks_enlarged: 2751.
num_purges: 6.
num_inconsistent_stats: 0.

CodeHeap 'non-profiled nmethods': size=120000Kb used=16829Kb max_used=16829Kb free=103170Kb
 bounds [0x0000029f8c2e0000, 0x0000029f8d350000, 0x0000029f93810000]
CodeHeap 'profiled nmethods': size=120000Kb used=41667Kb max_used=41667Kb free=78332Kb
 bounds [0x0000029f84810000, 0x0000029f870d0000, 0x0000029f8bd40000]
CodeHeap 'non-nmethods': size=5760Kb used=2491Kb max_used=2589Kb free=3268Kb
 bounds [0x0000029f8bd40000, 0x0000029f8bfe0000, 0x0000029f8c2e0000]
 total_blobs=21757 nmethods=20717 adapters=950
 compilation: enabled
              stopped_count=0, restarted_count=0
 full_count=0

Compilation events (20 events):
Event: 5643.761 Thread 0x0000029f9ac1d010 nmethod 25254 0x0000029f8d34bd10 code [0x0000029f8d34bf60, 0x0000029f8d34caa0]
Event: 5643.761 Thread 0x0000029f9ac1d010 25223       4       com.android.tools.r8.ir.regalloc.b::e (61 bytes)
Event: 5643.762 Thread 0x0000029f9ac1d010 nmethod 25223 0x0000029f8d34d710 code [0x0000029f8d34d880, 0x0000029f8d34d938]
Event: 5643.762 Thread 0x0000029f9ac1d010 25228       4       java.util.Collections$SetFromMap::iterator (10 bytes)
Event: 5643.764 Thread 0x0000029f9ac1d010 nmethod 25228 0x0000029f8d34da10 code [0x0000029f8d34dba0, 0x0000029f8d34dd78]
Event: 5643.764 Thread 0x0000029f9ac1d010 25226       4       com.android.tools.r8.internal.Z7::<init> (23 bytes)
Event: 5643.764 Thread 0x0000029f9ac20ec0 25312       3       com.android.zipflinger.LocalFileHeader::fillVirtualEntry (133 bytes)
Event: 5643.765 Thread 0x0000029fa5516820 nmethod 25231 0x0000029f8d34df10 code [0x0000029f8d34e120, 0x0000029f8d34e5f8]
Event: 5643.765 Thread 0x0000029fa5516820 25234       4       com.android.tools.r8.internal.xW::y (30 bytes)
Event: 5643.765 Thread 0x0000029f9ac20ec0 nmethod 25312 0x0000029f870bfa10 code [0x0000029f870bfd80, 0x0000029f870c1488]
Event: 5643.766 Thread 0x0000029f9ac20ec0 25313       3       com.android.zipflinger.ZipWriter::write (14 bytes)
Event: 5643.766 Thread 0x0000029f9ac20ec0 nmethod 25313 0x0000029f851db890 code [0x0000029f851dba40, 0x0000029f851dbbd8]
Event: 5643.766 Thread 0x0000029f9ac20ec0 25314   !   3       sun.nio.ch.FileChannelImpl::write (106 bytes)
Event: 5643.767 Thread 0x0000029fa5516820 nmethod 25234 0x0000029f8d34eb90 code [0x0000029f8d34ed20, 0x0000029f8d34ee58]
Event: 5643.767 Thread 0x0000029f9ac1d010 nmethod 25226 0x0000029f8d34f010 code [0x0000029f8d34f1a0, 0x0000029f8d34f638]
Event: 5643.767 Thread 0x0000029f9ac20ec0 nmethod 25314 0x0000029f870c1a90 code [0x0000029f870c1ce0, 0x0000029f870c25f8]
Event: 5643.767 Thread 0x0000029f9ac20ec0 25315   !   3       sun.nio.ch.FileChannelImpl::writeInternal (253 bytes)
Event: 5643.768 Thread 0x0000029f9ac20ec0 nmethod 25315 0x0000029f870c2910 code [0x0000029f870c2ba0, 0x0000029f870c3708]
Event: 5643.768 Thread 0x0000029f9ac20ec0 25316       3       sun.nio.ch.FileDispatcherImpl::pwrite (10 bytes)
Event: 5643.768 Thread 0x0000029f9ac20ec0 nmethod 25316 0x0000029f870c3c10 code [0x0000029f870c3da0, 0x0000029f870c3ee8]

GC Heap History (20 events):
Event: 4794.974 GC heap after
{Heap after GC invocations=71 (full 1):
 garbage-first heap   total 240640K, used 102363K [0x0000000080000000, 0x0000000100000000)
  region size 1024K, 2 young (2048K), 2 survivors (2048K)
 Metaspace       used 128384K, committed 129344K, reserved 1163264K
  class space    used 17196K, committed 17728K, reserved 1048576K
}
Event: 5127.471 GC heap before
{Heap before GC invocations=71 (full 1):
 garbage-first heap   total 240640K, used 188379K [0x0000000080000000, 0x0000000100000000)
  region size 1024K, 87 young (89088K), 2 survivors (2048K)
 Metaspace       used 128604K, committed 129600K, reserved 1163264K
  class space    used 17198K, committed 17728K, reserved 1048576K
}
Event: 5127.499 GC heap after
{Heap after GC invocations=72 (full 1):
 garbage-first heap   total 240640K, used 111184K [0x0000000080000000, 0x0000000100000000)
  region size 1024K, 10 young (10240K), 10 survivors (10240K)
 Metaspace       used 128604K, committed 129600K, reserved 1163264K
  class space    used 17198K, committed 17728K, reserved 1048576K
}
Event: 5483.623 GC heap before
{Heap before GC invocations=73 (full 1):
 garbage-first heap   total 240640K, used 190032K [0x0000000080000000, 0x0000000100000000)
  region size 1024K, 88 young (90112K), 10 survivors (10240K)
 Metaspace       used 129625K, committed 130688K, reserved 1163264K
  class space    used 17360K, committed 17920K, reserved 1048576K
}
Event: 5483.735 GC heap after
{Heap after GC invocations=74 (full 1):
 garbage-first heap   total 240640K, used 110179K [0x0000000080000000, 0x0000000100000000)
  region size 1024K, 6 young (6144K), 6 survivors (6144K)
 Metaspace       used 129625K, committed 130688K, reserved 1163264K
  class space    used 17360K, committed 17920K, reserved 1048576K
}
Event: 5483.848 GC heap before
{Heap before GC invocations=74 (full 1):
 garbage-first heap   total 240640K, used 115299K [0x0000000080000000, 0x0000000100000000)
  region size 1024K, 11 young (11264K), 6 survivors (6144K)
 Metaspace       used 129678K, committed 130752K, reserved 1163264K
  class space    used 17368K, committed 17920K, reserved 1048576K
}
Event: 5483.954 GC heap after
{Heap after GC invocations=75 (full 1):
 garbage-first heap   total 240640K, used 109981K [0x0000000080000000, 0x0000000100000000)
  region size 1024K, 2 young (2048K), 2 survivors (2048K)
 Metaspace       used 129678K, committed 130752K, reserved 1163264K
  class space    used 17368K, committed 17920K, reserved 1048576K
}
Event: 5552.009 GC heap before
{Heap before GC invocations=75 (full 1):
 garbage-first heap   total 240640K, used 190877K [0x0000000080000000, 0x0000000100000000)
  region size 1024K, 82 young (83968K), 2 survivors (2048K)
 Metaspace       used 130304K, committed 131584K, reserved 1163264K
  class space    used 17494K, committed 18112K, reserved 1048576K
}
Event: 5552.024 GC heap after
{Heap after GC invocations=76 (full 1):
 garbage-first heap   total 240640K, used 116179K [0x0000000080000000, 0x0000000100000000)
  region size 1024K, 8 young (8192K), 8 survivors (8192K)
 Metaspace       used 130304K, committed 131584K, reserved 1163264K
  class space    used 17494K, committed 18112K, reserved 1048576K
}
Event: 5581.179 GC heap before
{Heap before GC invocations=77 (full 1):
 garbage-first heap   total 240640K, used 190685K [0x0000000080000000, 0x0000000100000000)
  region size 1024K, 83 young (84992K), 8 survivors (8192K)
 Metaspace       used 130539K, committed 131840K, reserved 1163264K
  class space    used 17521K, committed 18176K, reserved 1048576K
}
Event: 5581.246 GC heap after
{Heap after GC invocations=78 (full 1):
 garbage-first heap   total 240640K, used 123855K [0x0000000080000000, 0x0000000100000000)
  region size 1024K, 9 young (9216K), 9 survivors (9216K)
 Metaspace       used 130539K, committed 131840K, reserved 1163264K
  class space    used 17521K, committed 18176K, reserved 1048576K
}
Event: 5581.297 GC heap before
{Heap before GC invocations=78 (full 1):
 garbage-first heap   total 240640K, used 125903K [0x0000000080000000, 0x0000000100000000)
  region size 1024K, 11 young (11264K), 9 survivors (9216K)
 Metaspace       used 130553K, committed 131904K, reserved 1163264K
  class space    used 17522K, committed 18176K, reserved 1048576K
}
Event: 5581.512 GC heap after
{Heap after GC invocations=79 (full 1):
 garbage-first heap   total 240640K, used 119717K [0x0000000080000000, 0x0000000100000000)
  region size 1024K, 2 young (2048K), 2 survivors (2048K)
 Metaspace       used 130553K, committed 131904K, reserved 1163264K
  class space    used 17522K, committed 18176K, reserved 1048576K
}
Event: 5582.939 GC heap before
{Heap before GC invocations=79 (full 1):
 garbage-first heap   total 240640K, used 191397K [0x0000000080000000, 0x0000000100000000)
  region size 1024K, 73 young (74752K), 2 survivors (2048K)
 Metaspace       used 130682K, committed 132032K, reserved 1163264K
  class space    used 17522K, committed 18176K, reserved 1048576K
}
Event: 5582.942 GC heap after
{Heap after GC invocations=80 (full 1):
 garbage-first heap   total 240640K, used 120063K [0x0000000080000000, 0x0000000100000000)
  region size 1024K, 2 young (2048K), 2 survivors (2048K)
 Metaspace       used 130682K, committed 132032K, reserved 1163264K
  class space    used 17522K, committed 18176K, reserved 1048576K
}
Event: 5634.437 GC heap before
{Heap before GC invocations=81 (full 1):
 garbage-first heap   total 240640K, used 222463K [0x0000000080000000, 0x0000000100000000)
  region size 1024K, 75 young (76800K), 2 survivors (2048K)
 Metaspace       used 130926K, committed 132352K, reserved 1163264K
  class space    used 17542K, committed 18240K, reserved 1048576K
}
Event: 5634.449 GC heap after
{Heap after GC invocations=82 (full 1):
 garbage-first heap   total 240640K, used 125144K [0x0000000080000000, 0x0000000100000000)
  region size 1024K, 8 young (8192K), 8 survivors (8192K)
 Metaspace       used 130926K, committed 132352K, reserved 1163264K
  class space    used 17542K, committed 18240K, reserved 1048576K
}
Event: 5634.484 GC heap before
{Heap before GC invocations=82 (full 1):
 garbage-first heap   total 240640K, used 128216K [0x0000000080000000, 0x0000000100000000)
  region size 1024K, 11 young (11264K), 8 survivors (8192K)
 Metaspace       used 130926K, committed 132352K, reserved 1163264K
  class space    used 17542K, committed 18240K, reserved 1048576K
}
Event: 5634.509 GC heap after
{Heap after GC invocations=83 (full 1):
 garbage-first heap   total 240640K, used 117478K [0x0000000080000000, 0x0000000100000000)
  region size 1024K, 1 young (1024K), 1 survivors (1024K)
 Metaspace       used 130926K, committed 132352K, reserved 1163264K
  class space    used 17542K, committed 18240K, reserved 1048576K
}
Event: 5643.770 GC heap before
{Heap before GC invocations=83 (full 1):
 garbage-first heap   total 240640K, used 184038K [0x0000000080000000, 0x0000000100000000)
  region size 1024K, 68 young (69632K), 1 survivors (1024K)
 Metaspace       used 131084K, committed 132544K, reserved 1171456K
  class space    used 17551K, committed 18240K, reserved 1048576K
}

Dll operation events (2 events):
Event: 0.044 Loaded shared library C:\Program Files\Android\Android Studio1\jbr\bin\java.dll
Event: 0.876 Loaded shared library C:\Program Files\Android\Android Studio1\jbr\bin\verify.dll

Deoptimization events (20 events):
Event: 5635.194 Thread 0x0000029f9f8e1ef0 Uncommon trap: trap_request=0xffffff45 fr.pc=0x0000029f8ce1a90c relative=0x000000000000072c
Event: 5635.194 Thread 0x0000029f9f8e1ef0 Uncommon trap: reason=unstable_if action=reinterpret pc=0x0000029f8ce1a90c method=java.util.concurrent.locks.AbstractQueuedSynchronizer.signalNext(Ljava/util/concurrent/locks/AbstractQueuedSynchronizer$Node;)V @ 17 c2
Event: 5635.194 Thread 0x0000029f9f8e1ef0 DEOPT PACKING pc=0x0000029f8ce1a90c sp=0x000000cfc23fe5c0
Event: 5635.194 Thread 0x0000029f9f8e1ef0 DEOPT UNPACKING pc=0x0000029f8bd969a3 sp=0x000000cfc23fe3f8 mode 2
Event: 5637.399 Thread 0x0000029fa4735840 Uncommon trap: trap_request=0xffffffd6 fr.pc=0x0000029f8d2b7764 relative=0x00000000000007a4
Event: 5637.399 Thread 0x0000029fa4735840 Uncommon trap: reason=array_check action=maybe_recompile pc=0x0000029f8d2b7764 method=java.util.ComparableTimSort.binarySort([Ljava/lang/Object;III)V @ 215 c2
Event: 5637.399 Thread 0x0000029fa4735840 DEOPT PACKING pc=0x0000029f8d2b7764 sp=0x000000cfc5bfd620
Event: 5637.399 Thread 0x0000029fa4735840 DEOPT UNPACKING pc=0x0000029f8bd969a3 sp=0x000000cfc5bfd5c0 mode 2
Event: 5643.258 Thread 0x0000029f9b490f10 DEOPT PACKING pc=0x0000029f856d286b sp=0x000000cfc62fc500
Event: 5643.258 Thread 0x0000029f9b490f10 DEOPT UNPACKING pc=0x0000029f8bd97143 sp=0x000000cfc62fb9a8 mode 0
Event: 5643.597 Thread 0x0000029f9b490a40 DEOPT PACKING pc=0x0000029f86d02bf8 sp=0x000000cfc66fd0c0
Event: 5643.597 Thread 0x0000029f9b490a40 DEOPT UNPACKING pc=0x0000029f8bd97143 sp=0x000000cfc66fc560 mode 0
Event: 5643.686 Thread 0x0000029f9b4913e0 Uncommon trap: trap_request=0xffffffbe fr.pc=0x0000029f8d2ed940 relative=0x00000000000019a0
Event: 5643.686 Thread 0x0000029f9b4913e0 Uncommon trap: reason=profile_predicate action=maybe_recompile pc=0x0000029f8d2ed940 method=java.lang.StringLatin1.replace([BI[BI[BI)Ljava/lang/String; @ 180 c2
Event: 5643.686 Thread 0x0000029f9b4913e0 DEOPT PACKING pc=0x0000029f8d2ed940 sp=0x000000cfc67fdb50
Event: 5643.686 Thread 0x0000029f9b4913e0 DEOPT UNPACKING pc=0x0000029f8bd969a3 sp=0x000000cfc67fda40 mode 2
Event: 5643.719 Thread 0x0000029f9b4913e0 Uncommon trap: trap_request=0xffffffbe fr.pc=0x0000029f8d2ed940 relative=0x00000000000019a0
Event: 5643.719 Thread 0x0000029f9b4913e0 Uncommon trap: reason=profile_predicate action=maybe_recompile pc=0x0000029f8d2ed940 method=java.lang.StringLatin1.replace([BI[BI[BI)Ljava/lang/String; @ 180 c2
Event: 5643.719 Thread 0x0000029f9b4913e0 DEOPT PACKING pc=0x0000029f8d2ed940 sp=0x000000cfc67fda20
Event: 5643.719 Thread 0x0000029f9b4913e0 DEOPT UNPACKING pc=0x0000029f8bd969a3 sp=0x000000cfc67fd910 mode 2

Classes unloaded (20 events):
Event: 4778.161 Thread 0x0000029f9a2cfad0 Unloading class 0x000000010028c800 'java/lang/invoke/LambdaForm$MH+0x000000010028c800'
Event: 4778.161 Thread 0x0000029f9a2cfad0 Unloading class 0x000000010028c400 'java/lang/invoke/LambdaForm$BMH+0x000000010028c400'
Event: 4778.161 Thread 0x0000029f9a2cfad0 Unloading class 0x0000000100200400 'java/lang/invoke/LambdaForm$DMH+0x0000000100200400'
Event: 4778.161 Thread 0x0000029f9a2cfad0 Unloading class 0x00000001001bdc00 'java/lang/invoke/LambdaForm$DMH+0x00000001001bdc00'
Event: 4778.161 Thread 0x0000029f9a2cfad0 Unloading class 0x00000001001bd800 'java/lang/invoke/LambdaForm$MH+0x00000001001bd800'
Event: 4778.161 Thread 0x0000029f9a2cfad0 Unloading class 0x00000001001bd400 'java/lang/invoke/LambdaForm$MH+0x00000001001bd400'
Event: 4778.161 Thread 0x0000029f9a2cfad0 Unloading class 0x00000001001bd000 'java/lang/invoke/LambdaForm$MH+0x00000001001bd000'
Event: 4778.161 Thread 0x0000029f9a2cfad0 Unloading class 0x00000001001bcc00 'java/lang/invoke/LambdaForm$MH+0x00000001001bcc00'
Event: 4778.161 Thread 0x0000029f9a2cfad0 Unloading class 0x00000001001bc800 'java/lang/invoke/LambdaForm$MH+0x00000001001bc800'
Event: 4778.161 Thread 0x0000029f9a2cfad0 Unloading class 0x00000001001bc400 'java/lang/invoke/LambdaForm$MH+0x00000001001bc400'
Event: 4778.161 Thread 0x0000029f9a2cfad0 Unloading class 0x00000001001bc000 'java/lang/invoke/LambdaForm$MH+0x00000001001bc000'
Event: 4778.161 Thread 0x0000029f9a2cfad0 Unloading class 0x0000000100192800 'java/lang/invoke/LambdaForm$MH+0x0000000100192800'
Event: 4778.161 Thread 0x0000029f9a2cfad0 Unloading class 0x0000000100192000 'java/lang/invoke/LambdaForm$MH+0x0000000100192000'
Event: 4778.161 Thread 0x0000029f9a2cfad0 Unloading class 0x0000000100191c00 'java/lang/invoke/LambdaForm$MH+0x0000000100191c00'
Event: 4778.161 Thread 0x0000029f9a2cfad0 Unloading class 0x0000000100191800 'java/lang/invoke/LambdaForm$MH+0x0000000100191800'
Event: 4778.161 Thread 0x0000029f9a2cfad0 Unloading class 0x0000000100191400 'java/lang/invoke/LambdaForm$MH+0x0000000100191400'
Event: 4778.161 Thread 0x0000029f9a2cfad0 Unloading class 0x0000000100190c00 'java/lang/invoke/LambdaForm$MH+0x0000000100190c00'
Event: 4778.161 Thread 0x0000029f9a2cfad0 Unloading class 0x00000001000a6c00 'java/lang/invoke/LambdaForm$MH+0x00000001000a6c00'
Event: 4778.161 Thread 0x0000029f9a2cfad0 Unloading class 0x00000001000a6800 'java/lang/invoke/LambdaForm$MH+0x00000001000a6800'
Event: 4778.161 Thread 0x0000029f9a2cfad0 Unloading class 0x00000001000a4400 'java/lang/invoke/LambdaForm$MH+0x00000001000a4400'

Classes redefined (0 events):
No events

Internal exceptions (20 events):
Event: 5634.266 Thread 0x0000029f9fc43ea0 Exception <a 'sun/nio/fs/WindowsException'{0x000000008ac94738}> (0x000000008ac94738) 
thrown [s\src\hotspot\share\prims\jni.cpp, line 517]
Event: 5634.282 Thread 0x0000029f9fc43ea0 Exception <a 'sun/nio/fs/WindowsException'{0x000000008ab2b290}> (0x000000008ab2b290) 
thrown [s\src\hotspot\share\prims\jni.cpp, line 517]
Event: 5634.283 Thread 0x0000029f9fc43ea0 Exception <a 'sun/nio/fs/WindowsException'{0x000000008ab2c4e8}> (0x000000008ab2c4e8) 
thrown [s\src\hotspot\share\prims\jni.cpp, line 517]
Event: 5634.283 Thread 0x0000029f9fc43ea0 Exception <a 'sun/nio/fs/WindowsException'{0x000000008ab2d790}> (0x000000008ab2d790) 
thrown [s\src\hotspot\share\prims\jni.cpp, line 517]
Event: 5634.283 Thread 0x0000029f9fc43ea0 Exception <a 'sun/nio/fs/WindowsException'{0x000000008ab2ea38}> (0x000000008ab2ea38) 
thrown [s\src\hotspot\share\prims\jni.cpp, line 517]
Event: 5634.345 Thread 0x0000029f9c2315b0 Exception <a 'sun/nio/fs/WindowsException'{0x000000008a7a9ae0}> (0x000000008a7a9ae0) 
thrown [s\src\hotspot\share\prims\jni.cpp, line 517]
Event: 5637.395 Thread 0x0000029f9d311a40 Exception <a 'sun/nio/fs/WindowsException'{0x000000008d13df00}> (0x000000008d13df00) 
thrown [s\src\hotspot\share\prims\jni.cpp, line 517]
Event: 5637.405 Thread 0x0000029f9d311a40 Exception <a 'sun/nio/fs/WindowsException'{0x000000008d024828}> (0x000000008d024828) 
thrown [s\src\hotspot\share\prims\jni.cpp, line 517]
Event: 5637.414 Thread 0x0000029f9b48fbd0 Exception <a 'java/lang/InterruptedException'{0x000000008cfa13e0}> (0x000000008cfa13e0) 
thrown [s\src\hotspot\share\runtime\objectMonitor.cpp, line 1648]
Event: 5637.464 Thread 0x0000029fa4735370 Exception <a 'sun/nio/fs/WindowsException'{0x000000008cb3e728}> (0x000000008cb3e728) 
thrown [s\src\hotspot\share\prims\jni.cpp, line 517]
Event: 5637.476 Thread 0x0000029fa4735370 Exception <a 'sun/nio/fs/WindowsException'{0x000000008ca0b438}> (0x000000008ca0b438) 
thrown [s\src\hotspot\share\prims\jni.cpp, line 517]
Event: 5643.098 Thread 0x0000029f9c2315b0 Exception <a 'sun/nio/fs/WindowsException'{0x000000008d2dea40}> (0x000000008d2dea40) 
thrown [s\src\hotspot\share\prims\jni.cpp, line 517]
Event: 5643.099 Thread 0x0000029f9c2315b0 Exception <a 'sun/nio/fs/WindowsException'{0x000000008d2e0960}> (0x000000008d2e0960) 
thrown [s\src\hotspot\share\prims\jni.cpp, line 517]
Event: 5643.100 Thread 0x0000029f9c2315b0 Exception <a 'sun/nio/fs/WindowsException'{0x000000008d2e2668}> (0x000000008d2e2668) 
thrown [s\src\hotspot\share\prims\jni.cpp, line 517]
Event: 5643.156 Thread 0x0000029f9b490f10 Exception <a 'sun/nio/fs/WindowsException'{0x000000008c4cc6a0}> (0x000000008c4cc6a0) 
thrown [s\src\hotspot\share\prims\jni.cpp, line 517]
Event: 5643.335 Thread 0x0000029f9b490f10 Exception <a 'sun/nio/fs/WindowsException'{0x000000008b3c1e38}> (0x000000008b3c1e38) 
thrown [s\src\hotspot\share\prims\jni.cpp, line 517]
Event: 5643.419 Thread 0x0000029fa4735840 Exception <a 'sun/nio/fs/WindowsException'{0x000000008b02b7f8}> (0x000000008b02b7f8) 
thrown [s\src\hotspot\share\prims\jni.cpp, line 517]
Event: 5643.419 Thread 0x0000029fa4735840 Exception <a 'sun/nio/fs/WindowsException'{0x000000008b02bbb8}> (0x000000008b02bbb8) 
thrown [s\src\hotspot\share\prims\jni.cpp, line 517]
Event: 5643.580 Thread 0x0000029f9b490a40 Exception <a 'sun/nio/fs/WindowsException'{0x000000008b06f7e0}> (0x000000008b06f7e0) 
thrown [s\src\hotspot\share\prims\jni.cpp, line 517]
Event: 5643.599 Thread 0x0000029f9b490a40 Exception <a 'sun/nio/fs/WindowsException'{0x000000008ac29de8}> (0x000000008ac29de8) 
thrown [s\src\hotspot\share\prims\jni.cpp, line 517]

VM Operations (20 events):
Event: 5585.341 Executing VM operation: Cleanup done
Event: 5633.402 Executing VM operation: Cleanup
Event: 5633.403 Executing VM operation: Cleanup done
Event: 5634.404 Executing VM operation: Cleanup
Event: 5634.404 Executing VM operation: Cleanup done
Event: 5634.437 Executing VM operation: G1CollectForAllocation
Event: 5634.449 Executing VM operation: G1CollectForAllocation done
Event: 5634.484 Executing VM operation: G1CollectForAllocation
Event: 5634.509 Executing VM operation: G1CollectForAllocation done
Event: 5635.509 Executing VM operation: Cleanup
Event: 5635.523 Executing VM operation: Cleanup done
Event: 5636.523 Executing VM operation: Cleanup
Event: 5636.523 Executing VM operation: Cleanup done
Event: 5637.525 Executing VM operation: Cleanup
Event: 5637.526 Executing VM operation: Cleanup done
Event: 5643.528 Executing VM operation: Cleanup
Event: 5643.528 Executing VM operation: Cleanup done
Event: 5643.726 Executing VM operation: HandshakeAllThreads
Event: 5643.726 Executing VM operation: HandshakeAllThreads done
Event: 5643.770 Executing VM operation: G1TryInitiateConcMark

Events (20 events):
Event: 5633.843 Thread 0x0000029f9b4900a0 Thread added: 0x0000029f9b4900a0
Event: 5633.843 Thread 0x0000029f9b48e3c0 Thread added: 0x0000029f9b48e3c0
Event: 5633.844 Thread 0x0000029f9b48f700 Thread added: 0x0000029f9b48f700
Event: 5633.844 Thread 0x0000029f9b4918b0 Thread added: 0x0000029f9b4918b0
Event: 5633.844 Thread 0x0000029f9b48ed60 Thread added: 0x0000029f9b48ed60
Event: 5633.966 Thread 0x0000029f9c233290 Thread added: 0x0000029f9c233290
Event: 5634.329 Thread 0x0000029f9c2315b0 Thread added: 0x0000029f9c2315b0
Event: 5634.329 Thread 0x0000029f9d311a40 Thread added: 0x0000029f9d311a40
Event: 5634.329 Thread 0x0000029f9f8e4a40 Thread added: 0x0000029f9f8e4a40
Event: 5634.329 Thread 0x0000029fa4735370 Thread added: 0x0000029fa4735370
Event: 5634.331 Thread 0x0000029f9d3110a0 Thread added: 0x0000029f9d3110a0
Event: 5637.387 Thread 0x0000029fa4735840 Thread added: 0x0000029fa4735840
Event: 5637.410 Thread 0x0000029f9b48fbd0 Thread added: 0x0000029f9b48fbd0
Event: 5638.490 Thread 0x0000029f9d316740 Thread added: 0x0000029f9d316740
Event: 5643.148 Thread 0x0000029f9b490f10 Thread added: 0x0000029f9b490f10
Event: 5643.149 Thread 0x0000029f9b490a40 Thread added: 0x0000029f9b490a40
Event: 5643.151 Thread 0x0000029f9b4913e0 Thread added: 0x0000029f9b4913e0
Event: 5643.154 Thread 0x0000029f9b48e890 Thread added: 0x0000029f9b48e890
Event: 5643.207 Thread 0x0000029fa5516820 Thread added: 0x0000029fa5516820
Event: 5643.739 Thread 0x0000029f9ac23fb0 flushing nmethod 0x0000029f851db890


Dynamic libraries:
0x00007ff7ecf30000 - 0x00007ff7ecf3a000 	C:\Program Files\Android\Android Studio1\jbr\bin\java.exe
0x00007ff97e490000 - 0x00007ff97e688000 	C:\WINDOWS\SYSTEM32\ntdll.dll
0x00007ff97dd20000 - 0x00007ff97dddf000 	C:\WINDOWS\System32\KERNEL32.DLL
0x00007ff97be70000 - 0x00007ff97c166000 	C:\WINDOWS\System32\KERNELBASE.dll
0x00007ff97bc00000 - 0x00007ff97bd00000 	C:\WINDOWS\System32\ucrtbase.dll
0x00007ff95f2b0000 - 0x00007ff95f2c7000 	C:\Program Files\Android\Android Studio1\jbr\bin\jli.dll
0x00007ff97db20000 - 0x00007ff97dcbd000 	C:\WINDOWS\System32\USER32.dll
0x00007ff97bda0000 - 0x00007ff97bdc2000 	C:\WINDOWS\System32\win32u.dll
0x00007ff97e3b0000 - 0x00007ff97e3dc000 	C:\WINDOWS\System32\GDI32.dll
0x00007ff97c3d0000 - 0x00007ff97c4e5000 	C:\WINDOWS\System32\gdi32full.dll
0x00007ff97bd00000 - 0x00007ff97bd9d000 	C:\WINDOWS\System32\msvcp_win.dll
0x00007ff96c920000 - 0x00007ff96cbba000 	C:\WINDOWS\WinSxS\amd64_microsoft.windows.common-controls_6595b64144ccf1df_6.0.19041.1110_none_60b5254171f9507e\COMCTL32.dll
0x00007ff97e020000 - 0x00007ff97e0be000 	C:\WINDOWS\System32\msvcrt.dll
0x00007ff95c180000 - 0x00007ff95c19b000 	C:\Program Files\Android\Android Studio1\jbr\bin\VCRUNTIME140.dll
0x00007ff97dfe0000 - 0x00007ff97e010000 	C:\WINDOWS\System32\IMM32.DLL
0x00007ff967be0000 - 0x00007ff967bec000 	C:\Program Files\Android\Android Studio1\jbr\bin\vcruntime140_1.dll
0x00007ff94d220000 - 0x00007ff94d2ad000 	C:\Program Files\Android\Android Studio1\jbr\bin\msvcp140.dll
0x00007ff94dfc0000 - 0x00007ff94ec2d000 	C:\Program Files\Android\Android Studio1\jbr\bin\server\jvm.dll
0x00007ff97d170000 - 0x00007ff97d21f000 	C:\WINDOWS\System32\ADVAPI32.dll
0x00007ff97e1f0000 - 0x00007ff97e28c000 	C:\WINDOWS\System32\sechost.dll
0x00007ff97d220000 - 0x00007ff97d346000 	C:\WINDOWS\System32\RPCRT4.dll
0x00007ff976bb0000 - 0x00007ff976bb9000 	C:\WINDOWS\SYSTEM32\WSOCK32.dll
0x00007ff97dde0000 - 0x00007ff97de4b000 	C:\WINDOWS\System32\WS2_32.dll
0x00007ff975060000 - 0x00007ff97506a000 	C:\WINDOWS\SYSTEM32\VERSION.dll
0x00007ff96c670000 - 0x00007ff96c697000 	C:\WINDOWS\SYSTEM32\WINMM.dll
0x00007ff9799f0000 - 0x00007ff979a02000 	C:\WINDOWS\SYSTEM32\kernel.appcore.dll
0x00007ff96ee90000 - 0x00007ff96ee9a000 	C:\Program Files\Android\Android Studio1\jbr\bin\jimage.dll
0x00007ff96a420000 - 0x00007ff96a604000 	C:\WINDOWS\SYSTEM32\DBGHELP.DLL
0x00007ff96a340000 - 0x00007ff96a374000 	C:\WINDOWS\SYSTEM32\dbgcore.DLL
0x00007ff97bb70000 - 0x00007ff97bbf2000 	C:\WINDOWS\System32\bcryptPrimitives.dll
0x00007ff95a8c0000 - 0x00007ff95a8e5000 	C:\Program Files\Android\Android Studio1\jbr\bin\java.dll
0x00007ff9708a0000 - 0x00007ff9708b8000 	C:\Program Files\Android\Android Studio1\jbr\bin\zip.dll
0x00007ff97d3d0000 - 0x00007ff97db14000 	C:\WINDOWS\System32\SHELL32.dll
0x00007ff979bf0000 - 0x00007ff97a383000 	C:\WINDOWS\SYSTEM32\windows.storage.dll
0x00007ff97c4f0000 - 0x00007ff97c844000 	C:\WINDOWS\System32\combase.dll
0x00007ff97b460000 - 0x00007ff97b48e000 	C:\WINDOWS\SYSTEM32\Wldp.dll
0x00007ff97e0e0000 - 0x00007ff97e18d000 	C:\WINDOWS\System32\SHCORE.dll
0x00007ff97e190000 - 0x00007ff97e1e5000 	C:\WINDOWS\System32\shlwapi.dll
0x00007ff97baa0000 - 0x00007ff97bac5000 	C:\WINDOWS\SYSTEM32\profapi.dll
0x00007ff96eb90000 - 0x00007ff96eba9000 	C:\Program Files\Android\Android Studio1\jbr\bin\net.dll
0x00007ff9736c0000 - 0x00007ff9737ca000 	C:\WINDOWS\SYSTEM32\WINHTTP.dll
0x00007ff97b240000 - 0x00007ff97b2aa000 	C:\WINDOWS\system32\mswsock.dll
0x00007ff96eb40000 - 0x00007ff96eb56000 	C:\Program Files\Android\Android Studio1\jbr\bin\nio.dll
0x00007ff968f20000 - 0x00007ff968f30000 	C:\Program Files\Android\Android Studio1\jbr\bin\verify.dll
0x00007ff94d2b0000 - 0x00007ff94d2d7000 	C:\Users\A\.gradle\native\68d5fa5c4cc2d200863cafc0d521ce42e7d3e7ee720ec0a83991735586a16f82\windows-amd64\native-platform.dll
0x00007ff94d6f0000 - 0x00007ff94d834000 	C:\Users\A\.gradle\native\e376f236ea51e6404a007f0833ffe2c6e607c4080706a723a18a27aeea778392\windows-amd64\native-platform-file-events.dll
0x00007ff96f8e0000 - 0x00007ff96f8e9000 	C:\Program Files\Android\Android Studio1\jbr\bin\management.dll
0x00007ff96ead0000 - 0x00007ff96eadb000 	C:\Program Files\Android\Android Studio1\jbr\bin\management_ext.dll
0x00007ff97e010000 - 0x00007ff97e018000 	C:\WINDOWS\System32\PSAPI.DLL
0x00007ff97b4a0000 - 0x00007ff97b4b8000 	C:\WINDOWS\SYSTEM32\CRYPTSP.dll
0x00007ff97ab70000 - 0x00007ff97aba4000 	C:\WINDOWS\system32\rsaenh.dll
0x00007ff97bdd0000 - 0x00007ff97bdf7000 	C:\WINDOWS\System32\bcrypt.dll
0x00007ff97ba20000 - 0x00007ff97ba4e000 	C:\WINDOWS\SYSTEM32\USERENV.dll
0x00007ff97b3d0000 - 0x00007ff97b3dc000 	C:\WINDOWS\SYSTEM32\CRYPTBASE.dll
0x00007ff97af50000 - 0x00007ff97af8b000 	C:\WINDOWS\SYSTEM32\IPHLPAPI.DLL
0x00007ff97e3e0000 - 0x00007ff97e3e8000 	C:\WINDOWS\System32\NSI.dll
0x00007ff974d90000 - 0x00007ff974da7000 	C:\WINDOWS\SYSTEM32\dhcpcsvc6.DLL
0x00007ff974d70000 - 0x00007ff974d8d000 	C:\WINDOWS\SYSTEM32\dhcpcsvc.DLL
0x00007ff97af90000 - 0x00007ff97b05a000 	C:\WINDOWS\SYSTEM32\DNSAPI.dll
0x00007ff968e80000 - 0x00007ff968e87000 	C:\WINDOWS\system32\wshunix.dll
0x00007ff9727e0000 - 0x00007ff9727ea000 	C:\Windows\System32\rasadhlp.dll
0x00007ff972f80000 - 0x00007ff973002000 	C:\WINDOWS\System32\fwpuclnt.dll
0x00007ff970850000 - 0x00007ff97086e000 	C:\Users\A\AppData\Local\Temp\native-platform18275298668864931324dir\native-platform.dll
0x00007ff970840000 - 0x00007ff970847000 	C:\Program Files\Android\Android Studio1\jbr\bin\rmi.dll

dbghelp: loaded successfully - version: 4.0.5 - missing functions: none
symbol engine: initialized successfully - sym options: 0x614 - pdb path: .;C:\Program Files\Android\Android Studio1\jbr\bin;C:\WINDOWS\SYSTEM32;C:\WINDOWS\WinSxS\amd64_microsoft.windows.common-controls_6595b64144ccf1df_6.0.19041.1110_none_60b5254171f9507e;C:\Program Files\Android\Android Studio1\jbr\bin\server;C:\Users\A\.gradle\native\68d5fa5c4cc2d200863cafc0d521ce42e7d3e7ee720ec0a83991735586a16f82\windows-amd64;C:\Users\A\.gradle\native\e376f236ea51e6404a007f0833ffe2c6e607c4080706a723a18a27aeea778392\windows-amd64;C:\Users\A\AppData\Local\Temp\native-platform18275298668864931324dir

VM Arguments:
jvm_args: --add-opens=java.base/java.util=ALL-UNNAMED --add-opens=java.base/java.lang=ALL-UNNAMED --add-opens=java.base/java.lang.invoke=ALL-UNNAMED --add-opens=java.prefs/java.util.prefs=ALL-UNNAMED --add-opens=java.base/java.nio.charset=ALL-UNNAMED --add-opens=java.base/java.net=ALL-UNNAMED --add-opens=java.base/java.util.concurrent.atomic=ALL-UNNAMED -Xmx2048m -Dfile.encoding=UTF-8 -Duser.country=KR -Duser.language=ko -Duser.variant 
java_command: org.gradle.launcher.daemon.bootstrap.GradleDaemon 8.0
java_class_path (initial): C:\Users\A\.gradle\wrapper\dists\gradle-8.0-bin\ca5e32bp14vu59qr306oxotwh\gradle-8.0\lib\gradle-launcher-8.0.jar
Launcher Type: SUN_STANDARD

[Global flags]
     intx CICompilerCount                          = 3                                         {product} {ergonomic}
     uint ConcGCThreads                            = 1                                         {product} {ergonomic}
     uint G1ConcRefinementThreads                  = 4                                         {product} {ergonomic}
   size_t G1HeapRegionSize                         = 1048576                                   {product} {ergonomic}
    uintx GCDrainStackTargetSize                   = 64                                        {product} {ergonomic}
   size_t InitialHeapSize                          = 134217728                                 {product} {ergonomic}
   size_t MarkStackSize                            = 4194304                                   {product} {ergonomic}
   size_t MaxHeapSize                              = 2147483648                                {product} {command line}
   size_t MaxNewSize                               = 1287651328                                {product} {ergonomic}
   size_t MinHeapDeltaBytes                        = 1048576                                   {product} {ergonomic}
   size_t MinHeapSize                              = 8388608                                   {product} {ergonomic}
    uintx NonNMethodCodeHeapSize                   = 5832780                                {pd product} {ergonomic}
    uintx NonProfiledCodeHeapSize                  = 122912730                              {pd product} {ergonomic}
    uintx ProfiledCodeHeapSize                     = 122912730                              {pd product} {ergonomic}
    uintx ReservedCodeCacheSize                    = 251658240                              {pd product} {ergonomic}
     bool SegmentedCodeCache                       = true                                      {product} {ergonomic}
   size_t SoftMaxHeapSize                          = 2147483648                             {manageable} {ergonomic}
     bool UseCompressedClassPointers               = true                           {product lp64_product} {ergonomic}
     bool UseCompressedOops                        = true                           {product lp64_product} {ergonomic}
     bool UseG1GC                                  = true                                      {product} {ergonomic}
     bool UseLargePagesIndividualAllocation        = false                                  {pd product} {ergonomic}

Logging:
Log output configuration:
 #0: stdout all=warning uptime,level,tags
 #1: stderr all=off uptime,level,tags

Environment Variables:
CLASSPATH=%JAVA_HOME%\bin
PATH=C:\Program Files (x86)\Common Files\Oracle\Java\javapath;C:\Program Files (x86)\AMD APP\bin\x86_64;C:\Program Files (x86)\AMD APP\bin\x86;C:\ProgramData\Oracle\Java\javapath;C:\WINDOWS\system32;C:\WINDOWS;C:\WINDOWS\System32\Wbem;C:\WINDOWS\System32\WindowsPowerShell\v1.0\;C:\WINDOWS\System32\OpenSSH\;C:\Program Files (x86)\ATI Technologies\ATI.ACE\Core-Static;C:\Program Files\Microsoft SQL Server\120\Tools\Binn\;C:\Program Files\Common Files\Autodesk Shared\;C:\Program Files\dotnet\;%JAVA_HOME\bin\;C:\MinGW\bin;C:\Program Files\Git\cmd;C:\src\flutter\bin;D:\firebase_cli;C:\Users\A\AppData\Local\Pub\Cache\bin;C:\Program Files\nodejs\;C:\ProgramData\chocolatey\bin;C:\WINDOWS\system32;C:\WINDOWS;C:\WINDOWS\System32\Wbem;C:\WINDOWS\System32\WindowsPowerShell\v1.0\;C:\WINDOWS\System32\OpenSSH\;%JAVA_HOME%\bin;C:\Users\A\AppData\Local\Programs\Python\Python311\Scripts\;C:\Users\A\AppData\Local\Programs\Python\Python311\;C:\Users\A\AppData\Local\Microsoft\WindowsApps;C:\Program Files\JetBrains\PyCharm Community Edition 2022.2.1\bin;C:\Users\A\.dotnet\tools;C:\Program Files (x86)\Brackets\;C:\Users\A\AppData\Local\Programs\Microsoft VS Code\bin;C:\Users\A\AppData\Local\JetBrains\Toolbox\scripts;C:\Program Files\JetBrains\IntelliJ IDEA Community Edition 2020.3.4\bin;;C:\Program Files\JetBrains\IntelliJ IDEA 2023.1.3\bin;;C:\Users\A\.dotnet\tools;C:\Users\A\AppData\Local\GitHubDesktop\bin;C:\Users\A\AppData\Roaming\npm;C:\Users\A\AppData\Local\Microsoft\WindowsApps;
USERNAME=A
OS=Windows_NT
PROCESSOR_IDENTIFIER=Intel64 Family 6 Model 58 Stepping 9, GenuineIntel
TMP=C:\Users\A\AppData\Local\Temp
TEMP=C:\Users\A\AppData\Local\Temp



---------------  S Y S T E M  ---------------

OS:
 Windows 10 , 64 bit Build 19041 (10.0.19041.3155)
OS uptime: 0 days 6:41 hours
Hyper-V role detected

CPU: total 4 (initial active 4) (4 cores per cpu, 1 threads per core) family 6 model 58 stepping 9 microcode 0x21, cx8, cmov, fxsr, mmx, sse, sse2, sse3, ssse3, sse4.1, sse4.2, popcnt, tsc, tscinvbit, avx, aes, erms, clmul, vzeroupper, clflush, hv

Memory: 4k page, system-wide physical 8104M (512M free)
TotalPageFile size 12199M (AvailPageFile size 416M)
current process WorkingSet (physical memory assigned to process): 517M, peak: 592M
current process commit charge ("private bytes"): 624M, peak: 1094M

vm_info: OpenJDK 64-Bit Server VM (17.0.6+0-b2043.56-9586694) for windows-amd64 JRE (17.0.6+0-b2043.56-9586694), built on Feb  9 2023 20:06:20 by "androidbuild" with MS VC++ 16.10 / 16.11 (VS2019)

END.
