#
# There is insufficient memory for the Java Runtime Environment to continue.
# Native memory allocation (malloc) failed to allocate 1894304 bytes for Chunk::new
# Possible reasons:
#   The system is out of physical RAM or swap space
#   The process is running with CompressedOops enabled, and the Java Heap may be blocking the growth of the native heap
# Possible solutions:
#   Reduce memory load on the system
#   Increase physical memory or swap space
#   Check if swap backing store is full
#   Decrease Java heap size (-Xmx/-Xms)
#   Decrease number of Java threads
#   Decrease Java thread stack sizes (-Xss)
#   Set larger code cache with -XX:ReservedCodeCacheSize=
#   JVM is running with Unscaled Compressed Oops mode in which the Java heap is
#     placed in the first 4GB address space. The Java Heap base address is the
#     maximum limit for the native heap growth. Please use -XX:HeapBaseMinAddress
#     to set the Java Heap base and to place the Java Heap above 4GB virtual address.
# This output file may be truncated or incomplete.
#
#  Out of Memory Error (arena.cpp:189), pid=12740, tid=22804
#
# JRE version: OpenJDK Runtime Environment (17.0.6) (build 17.0.6+0-b2043.56-9586694)
# Java VM: OpenJDK 64-Bit Server VM (17.0.6+0-b2043.56-9586694, mixed mode, tiered, compressed oops, compressed class ptrs, g1 gc, windows-amd64)
# No core dump will be written. Minidumps are not enabled by default on client versions of Windows
#

---------------  S U M M A R Y ------------

Command Line: org.jetbrains.kotlin.cli.jvm.K2JVMCompiler @C:\Users\A\AndroidStudioProjects\GvisApp\app\build\20230813_11691693048272690280.compiler.options

Host: Intel(R) Core(TM) i5-3550 CPU @ 3.30GHz, 4 cores, 7G,  Windows 10 , 64 bit Build 19041 (10.0.19041.3155)
Time: Sun Aug 13 23:54:38 2023  Windows 10 , 64 bit Build 19041 (10.0.19041.3155) elapsed time: 18.310682 seconds (0d 0h 0m 18s)

---------------  T H R E A D  ---------------

Current thread (0x000001b5bbc74b90):  JavaThread "C2 CompilerThread1" daemon [_thread_in_native, id=22804, stack(0x0000002bd0600000,0x0000002bd0700000)]


Current CompileTask:
C2:  18310 17545       4       org.jetbrains.kotlin.load.kotlin.TypeSignatureMappingKt::mapBuiltInType (339 bytes)

Stack: [0x0000002bd0600000,0x0000002bd0700000]
Native frames: (J=compiled Java code, j=interpreted, Vv=VM code, C=native code)
V  [jvm.dll+0x683b4a]
V  [jvm.dll+0x842654]
V  [jvm.dll+0x843dfe]
V  [jvm.dll+0x844463]
V  [jvm.dll+0x249b75]
V  [jvm.dll+0xabcac]
V  [jvm.dll+0xac27c]
V  [jvm.dll+0x368857]
V  [jvm.dll+0x332f31]
V  [jvm.dll+0x3323da]
V  [jvm.dll+0x21c201]
V  [jvm.dll+0x21b621]
V  [jvm.dll+0x1a4fdd]
V  [jvm.dll+0x22b098]
V  [jvm.dll+0x229159]
V  [jvm.dll+0x7f809c]
V  [jvm.dll+0x7f25fa]
V  [jvm.dll+0x682985]
C  [ucrtbase.dll+0x21bb2]
C  [KERNEL32.DLL+0x17614]
C  [ntdll.dll+0x526b1]


---------------  P R O C E S S  ---------------

Threads class SMR info:
_java_thread_list=0x000001b5baab1df0, length=13, elements={
0x000001b59b118950, 0x000001b5b65c1160, 0x000001b5b65c2560, 0x000001b5b65d3210,
0x000001b5b65d4f30, 0x000001b5b65d79f0, 0x000001b5b65d8f50, 0x000001b5b65db490,
0x000001b5b65de6f0, 0x000001b5b703f080, 0x000001b5b719c150, 0x000001b5b71b2b40,
0x000001b5bbc74b90
}

Java Threads: ( => current thread )
  0x000001b59b118950 JavaThread "main" [_thread_blocked, id=22196, stack(0x0000002bcf000000,0x0000002bcf100000)]
  0x000001b5b65c1160 JavaThread "Reference Handler" daemon [_thread_blocked, id=16932, stack(0x0000002bcf700000,0x0000002bcf800000)]
  0x000001b5b65c2560 JavaThread "Finalizer" daemon [_thread_blocked, id=22656, stack(0x0000002bcf800000,0x0000002bcf900000)]
  0x000001b5b65d3210 JavaThread "Signal Dispatcher" daemon [_thread_blocked, id=1784, stack(0x0000002bcf900000,0x0000002bcfa00000)]
  0x000001b5b65d4f30 JavaThread "Attach Listener" daemon [_thread_blocked, id=10408, stack(0x0000002bcfa00000,0x0000002bcfb00000)]
  0x000001b5b65d79f0 JavaThread "Service Thread" daemon [_thread_blocked, id=20800, stack(0x0000002bcfb00000,0x0000002bcfc00000)]
  0x000001b5b65d8f50 JavaThread "Monitor Deflation Thread" daemon [_thread_blocked, id=9552, stack(0x0000002bcfc00000,0x0000002bcfd00000)]
  0x000001b5b65db490 JavaThread "C2 CompilerThread0" daemon [_thread_in_native, id=12172, stack(0x0000002bcfd00000,0x0000002bcfe00000)]
  0x000001b5b65de6f0 JavaThread "C1 CompilerThread0" daemon [_thread_in_native, id=928, stack(0x0000002bcfe00000,0x0000002bcff00000)]
  0x000001b5b703f080 JavaThread "Sweeper thread" daemon [_thread_blocked, id=12976, stack(0x0000002bcff00000,0x0000002bd0000000)]
  0x000001b5b719c150 JavaThread "Notification Thread" daemon [_thread_blocked, id=12700, stack(0x0000002bd0000000,0x0000002bd0100000)]
  0x000001b5b71b2b40 JavaThread "Common-Cleaner" daemon [_thread_blocked, id=8480, stack(0x0000002bd0200000,0x0000002bd0300000)]
=>0x000001b5bbc74b90 JavaThread "C2 CompilerThread1" daemon [_thread_in_native, id=22804, stack(0x0000002bd0600000,0x0000002bd0700000)]

Other Threads:
  0x000001b5b65891a0 VMThread "VM Thread" [stack: 0x0000002bcf600000,0x0000002bcf700000] [id=12600]
  0x000001b5b719ca30 WatcherThread [stack: 0x0000002bd0100000,0x0000002bd0200000] [id=2856]
  0x000001b59b179020 GCTaskThread "GC Thread#0" [stack: 0x0000002bcf100000,0x0000002bcf200000] [id=14372]
  0x000001b5b75c4420 GCTaskThread "GC Thread#1" [stack: 0x0000002bd0300000,0x0000002bd0400000] [id=20648]
  0x000001b5b75c46d0 GCTaskThread "GC Thread#2" [stack: 0x0000002bd0400000,0x0000002bd0500000] [id=19580]
  0x000001b5b75e2060 GCTaskThread "GC Thread#3" [stack: 0x0000002bd0500000,0x0000002bd0600000] [id=13052]
  0x000001b59b189ce0 ConcurrentGCThread "G1 Main Marker" [stack: 0x0000002bcf200000,0x0000002bcf300000] [id=15056]
  0x000001b59b18a6f0 ConcurrentGCThread "G1 Conc#0" [stack: 0x0000002bcf300000,0x0000002bcf400000] [id=6252]
  0x000001b59b1edb80 ConcurrentGCThread "G1 Refine#0" [stack: 0x0000002bcf400000,0x0000002bcf500000] [id=19868]
  0x000001b5bc6093a0 ConcurrentGCThread "G1 Refine#1" [stack: 0x0000002bd0700000,0x0000002bd0800000] [id=13128]
  0x000001b5b72d94f0 ConcurrentGCThread "G1 Refine#2" [stack: 0x0000002bd0800000,0x0000002bd0900000] [id=12116]
  0x000001b59b1ee5a0 ConcurrentGCThread "G1 Service" [stack: 0x0000002bcf500000,0x0000002bcf600000] [id=16540]

Threads with active compile tasks:
C2 CompilerThread0    18378 17632       4       org.jetbrains.kotlin.config.LanguageVersionSettingsImpl::getFlag (26 bytes)
C2 CompilerThread1    18379 17545       4       org.jetbrains.kotlin.load.kotlin.TypeSignatureMappingKt::mapBuiltInType (339 bytes)

VM state: not at safepoint (normal execution)

VM Mutex/Monitor currently owned by a thread: None

Heap address: 0x0000000081400000, size: 2028 MB, Compressed Oops mode: 32-bit

CDS archive(s) not mapped
Compressed class space mapped at: 0x0000000100000000-0x0000000140000000, reserved size: 1073741824
Narrow klass base: 0x0000000000000000, Narrow klass shift: 3, Narrow klass range: 0x140000000

GC Precious Log:
 CPUs: 4 total, 4 available
 Memory: 8104M
 Large Page Support: Disabled
 NUMA Support: Disabled
 Compressed Oops: Enabled (32-bit)
 Heap Region Size: 1M
 Heap Min Capacity: 8M
 Heap Initial Capacity: 128M
 Heap Max Capacity: 2028M
 Pre-touch: Disabled
 Parallel Workers: 4
 Concurrent Workers: 1
 Concurrent Refinement Workers: 4
 Periodic GC: Disabled

Heap:
 garbage-first heap   total 315392K, used 228333K [0x0000000081400000, 0x0000000100000000)
  region size 1024K, 119 young (121856K), 10 survivors (10240K)
 Metaspace       used 88371K, committed 88768K, reserved 1130496K
  class space    used 9416K, committed 9600K, reserved 1048576K

Heap Regions: E=young(eden), S=young(survivor), O=old, HS=humongous(starts), HC=humongous(continues), CS=collection set, F=free, OA=open archive, CA=closed archive, TAMS=top-at-mark-start (previous, next)
|   0|0x0000000081400000, 0x0000000081500000, 0x0000000081500000|100%|HS|  |TAMS 0x0000000081500000, 0x0000000081400000| Complete 
|   1|0x0000000081500000, 0x0000000081600000, 0x0000000081600000|100%|HC|  |TAMS 0x0000000081600000, 0x0000000081500000| Complete 
|   2|0x0000000081600000, 0x0000000081700000, 0x0000000081700000|100%|HC|  |TAMS 0x0000000081700000, 0x0000000081600000| Complete 
|   3|0x0000000081700000, 0x0000000081800000, 0x0000000081800000|100%|HC|  |TAMS 0x0000000081800000, 0x0000000081700000| Complete 
|   4|0x0000000081800000, 0x0000000081900000, 0x0000000081900000|100%| O|  |TAMS 0x0000000081900000, 0x0000000081800000| Untracked 
|   5|0x0000000081900000, 0x0000000081a00000, 0x0000000081a00000|100%| O|  |TAMS 0x0000000081a00000, 0x0000000081900000| Untracked 
|   6|0x0000000081a00000, 0x0000000081b00000, 0x0000000081b00000|100%| O|  |TAMS 0x0000000081b00000, 0x0000000081a00000| Untracked 
|   7|0x0000000081b00000, 0x0000000081c00000, 0x0000000081c00000|100%|HS|  |TAMS 0x0000000081c00000, 0x0000000081b00000| Complete 
|   8|0x0000000081c00000, 0x0000000081d00000, 0x0000000081d00000|100%|HC|  |TAMS 0x0000000081d00000, 0x0000000081c00000| Complete 
|   9|0x0000000081d00000, 0x0000000081e00000, 0x0000000081e00000|100%|HC|  |TAMS 0x0000000081e00000, 0x0000000081d00000| Complete 
|  10|0x0000000081e00000, 0x0000000081f00000, 0x0000000081f00000|100%|HC|  |TAMS 0x0000000081f00000, 0x0000000081e00000| Complete 
|  11|0x0000000081f00000, 0x0000000082000000, 0x0000000082000000|100%| O|  |TAMS 0x0000000082000000, 0x0000000081f00000| Untracked 
|  12|0x0000000082000000, 0x0000000082100000, 0x0000000082100000|100%| O|  |TAMS 0x0000000082100000, 0x0000000082000000| Untracked 
|  13|0x0000000082100000, 0x0000000082200000, 0x0000000082200000|100%| O|  |TAMS 0x0000000082200000, 0x0000000082100000| Untracked 
|  14|0x0000000082200000, 0x0000000082300000, 0x0000000082300000|100%| O|  |TAMS 0x0000000082300000, 0x0000000082200000| Untracked 
|  15|0x0000000082300000, 0x0000000082400000, 0x0000000082400000|100%| O|  |TAMS 0x0000000082400000, 0x0000000082300000| Untracked 
|  16|0x0000000082400000, 0x0000000082500000, 0x0000000082500000|100%| O|  |TAMS 0x0000000082500000, 0x0000000082400000| Untracked 
|  17|0x0000000082500000, 0x0000000082600000, 0x0000000082600000|100%| O|  |TAMS 0x0000000082600000, 0x0000000082500000| Untracked 
|  18|0x0000000082600000, 0x0000000082700000, 0x0000000082700000|100%| O|  |TAMS 0x0000000082700000, 0x0000000082600000| Untracked 
|  19|0x0000000082700000, 0x0000000082800000, 0x0000000082800000|100%| O|  |TAMS 0x0000000082800000, 0x0000000082700000| Untracked 
|  20|0x0000000082800000, 0x0000000082900000, 0x0000000082900000|100%| O|  |TAMS 0x0000000082900000, 0x0000000082800000| Untracked 
|  21|0x0000000082900000, 0x0000000082a00000, 0x0000000082a00000|100%| O|  |TAMS 0x0000000082a00000, 0x0000000082900000| Untracked 
|  22|0x0000000082a00000, 0x0000000082b00000, 0x0000000082b00000|100%| O|  |TAMS 0x0000000082b00000, 0x0000000082a00000| Untracked 
|  23|0x0000000082b00000, 0x0000000082c00000, 0x0000000082c00000|100%| O|  |TAMS 0x0000000082c00000, 0x0000000082b00000| Untracked 
|  24|0x0000000082c00000, 0x0000000082d00000, 0x0000000082d00000|100%| O|  |TAMS 0x0000000082d00000, 0x0000000082c00000| Untracked 
|  25|0x0000000082d00000, 0x0000000082e00000, 0x0000000082e00000|100%| O|  |TAMS 0x0000000082e00000, 0x0000000082d00000| Untracked 
|  26|0x0000000082e00000, 0x0000000082f00000, 0x0000000082f00000|100%| O|  |TAMS 0x0000000082f00000, 0x0000000082e00000| Untracked 
|  27|0x0000000082f00000, 0x0000000083000000, 0x0000000083000000|100%|HS|  |TAMS 0x0000000083000000, 0x0000000082f00000| Complete 
|  28|0x0000000083000000, 0x0000000083100000, 0x0000000083100000|100%|HC|  |TAMS 0x0000000083100000, 0x0000000083000000| Complete 
|  29|0x0000000083100000, 0x0000000083200000, 0x0000000083200000|100%| O|  |TAMS 0x0000000083200000, 0x0000000083100000| Untracked 
|  30|0x0000000083200000, 0x0000000083300000, 0x0000000083300000|100%| O|  |TAMS 0x0000000083300000, 0x0000000083200000| Untracked 
|  31|0x0000000083300000, 0x0000000083400000, 0x0000000083400000|100%| O|  |TAMS 0x0000000083400000, 0x0000000083300000| Untracked 
|  32|0x0000000083400000, 0x0000000083500000, 0x0000000083500000|100%| O|  |TAMS 0x0000000083500000, 0x0000000083400000| Untracked 
|  33|0x0000000083500000, 0x0000000083600000, 0x0000000083600000|100%| O|  |TAMS 0x0000000083600000, 0x0000000083500000| Untracked 
|  34|0x0000000083600000, 0x0000000083700000, 0x0000000083700000|100%| O|  |TAMS 0x0000000083700000, 0x0000000083600000| Untracked 
|  35|0x0000000083700000, 0x0000000083800000, 0x0000000083800000|100%| O|  |TAMS 0x0000000083800000, 0x0000000083700000| Untracked 
|  36|0x0000000083800000, 0x0000000083900000, 0x0000000083900000|100%| O|  |TAMS 0x0000000083900000, 0x0000000083800000| Untracked 
|  37|0x0000000083900000, 0x0000000083a00000, 0x0000000083a00000|100%| O|  |TAMS 0x0000000083a00000, 0x0000000083900000| Untracked 
|  38|0x0000000083a00000, 0x0000000083b00000, 0x0000000083b00000|100%| O|  |TAMS 0x0000000083b00000, 0x0000000083a00000| Untracked 
|  39|0x0000000083b00000, 0x0000000083c00000, 0x0000000083c00000|100%|HS|  |TAMS 0x0000000083c00000, 0x0000000083b00000| Complete 
|  40|0x0000000083c00000, 0x0000000083d00000, 0x0000000083d00000|100%|HC|  |TAMS 0x0000000083d00000, 0x0000000083c00000| Complete 
|  41|0x0000000083d00000, 0x0000000083e00000, 0x0000000083e00000|100%| O|  |TAMS 0x0000000083e00000, 0x0000000083d00000| Untracked 
|  42|0x0000000083e00000, 0x0000000083f00000, 0x0000000083f00000|100%| O|  |TAMS 0x0000000083f00000, 0x0000000083e00000| Untracked 
|  43|0x0000000083f00000, 0x0000000084000000, 0x0000000084000000|100%| O|  |TAMS 0x0000000083f00000, 0x0000000083f00000| Untracked 
|  44|0x0000000084000000, 0x0000000084100000, 0x0000000084100000|100%| O|  |TAMS 0x0000000084100000, 0x0000000084000000| Untracked 
|  45|0x0000000084100000, 0x0000000084200000, 0x0000000084200000|100%| O|  |TAMS 0x0000000084200000, 0x0000000084100000| Untracked 
|  46|0x0000000084200000, 0x0000000084300000, 0x0000000084300000|100%| O|  |TAMS 0x0000000084300000, 0x0000000084200000| Untracked 
|  47|0x0000000084300000, 0x0000000084400000, 0x0000000084400000|100%| O|  |TAMS 0x0000000084400000, 0x0000000084300000| Untracked 
|  48|0x0000000084400000, 0x0000000084500000, 0x0000000084500000|100%| O|  |TAMS 0x0000000084500000, 0x0000000084400000| Untracked 
|  49|0x0000000084500000, 0x0000000084600000, 0x0000000084600000|100%| O|  |TAMS 0x0000000084600000, 0x0000000084500000| Untracked 
|  50|0x0000000084600000, 0x0000000084700000, 0x0000000084700000|100%| O|  |TAMS 0x0000000084600000, 0x0000000084600000| Untracked 
|  51|0x0000000084700000, 0x0000000084800000, 0x0000000084800000|100%| O|  |TAMS 0x0000000084800000, 0x0000000084700000| Untracked 
|  52|0x0000000084800000, 0x0000000084900000, 0x0000000084900000|100%| O|  |TAMS 0x0000000084900000, 0x0000000084800000| Untracked 
|  53|0x0000000084900000, 0x0000000084a00000, 0x0000000084a00000|100%| O|  |TAMS 0x0000000084a00000, 0x0000000084900000| Untracked 
|  54|0x0000000084a00000, 0x0000000084b00000, 0x0000000084b00000|100%| O|  |TAMS 0x0000000084b00000, 0x0000000084a00000| Untracked 
|  55|0x0000000084b00000, 0x0000000084c00000, 0x0000000084c00000|100%| O|  |TAMS 0x0000000084c00000, 0x0000000084b00000| Untracked 
|  56|0x0000000084c00000, 0x0000000084d00000, 0x0000000084d00000|100%| O|  |TAMS 0x0000000084d00000, 0x0000000084c00000| Untracked 
|  57|0x0000000084d00000, 0x0000000084e00000, 0x0000000084e00000|100%| O|  |TAMS 0x0000000084e00000, 0x0000000084d00000| Untracked 
|  58|0x0000000084e00000, 0x0000000084f00000, 0x0000000084f00000|100%| O|  |TAMS 0x0000000084f00000, 0x0000000084e00000| Untracked 
|  59|0x0000000084f00000, 0x0000000085000000, 0x0000000085000000|100%| O|  |TAMS 0x0000000084f91800, 0x0000000084f00000| Untracked 
|  60|0x0000000085000000, 0x0000000085100000, 0x0000000085100000|100%| O|  |TAMS 0x0000000085000000, 0x0000000085000000| Untracked 
|  61|0x0000000085100000, 0x0000000085200000, 0x0000000085200000|100%| O|  |TAMS 0x0000000085100000, 0x0000000085100000| Untracked 
|  62|0x0000000085200000, 0x0000000085300000, 0x0000000085300000|100%| O|  |TAMS 0x0000000085200000, 0x0000000085200000| Untracked 
|  63|0x0000000085300000, 0x0000000085400000, 0x0000000085400000|100%| O|  |TAMS 0x0000000085300000, 0x0000000085300000| Untracked 
|  64|0x0000000085400000, 0x0000000085500000, 0x0000000085500000|100%| O|  |TAMS 0x0000000085400000, 0x0000000085400000| Untracked 
|  65|0x0000000085500000, 0x0000000085600000, 0x0000000085600000|100%| O|  |TAMS 0x0000000085500000, 0x0000000085500000| Untracked 
|  66|0x0000000085600000, 0x0000000085700000, 0x0000000085700000|100%| O|  |TAMS 0x0000000085600000, 0x0000000085600000| Untracked 
|  67|0x0000000085700000, 0x0000000085800000, 0x0000000085800000|100%| O|  |TAMS 0x0000000085700000, 0x0000000085700000| Untracked 
|  68|0x0000000085800000, 0x0000000085900000, 0x0000000085900000|100%| O|  |TAMS 0x0000000085800000, 0x0000000085800000| Untracked 
|  69|0x0000000085900000, 0x0000000085a00000, 0x0000000085a00000|100%| O|  |TAMS 0x0000000085900000, 0x0000000085900000| Untracked 
|  70|0x0000000085a00000, 0x0000000085b00000, 0x0000000085b00000|100%| O|  |TAMS 0x0000000085a00000, 0x0000000085a00000| Untracked 
|  71|0x0000000085b00000, 0x0000000085c00000, 0x0000000085c00000|100%| O|  |TAMS 0x0000000085b00000, 0x0000000085b00000| Untracked 
|  72|0x0000000085c00000, 0x0000000085d00000, 0x0000000085d00000|100%| O|  |TAMS 0x0000000085c00000, 0x0000000085c00000| Untracked 
|  73|0x0000000085d00000, 0x0000000085e00000, 0x0000000085e00000|100%| O|  |TAMS 0x0000000085d00000, 0x0000000085d00000| Untracked 
|  74|0x0000000085e00000, 0x0000000085f00000, 0x0000000085f00000|100%| O|  |TAMS 0x0000000085e00000, 0x0000000085e00000| Untracked 
|  75|0x0000000085f00000, 0x0000000086000000, 0x0000000086000000|100%| O|  |TAMS 0x0000000085f00000, 0x0000000085f00000| Untracked 
|  76|0x0000000086000000, 0x0000000086100000, 0x0000000086100000|100%| O|  |TAMS 0x0000000086000000, 0x0000000086000000| Untracked 
|  77|0x0000000086100000, 0x0000000086200000, 0x0000000086200000|100%| O|  |TAMS 0x0000000086100000, 0x0000000086100000| Untracked 
|  78|0x0000000086200000, 0x0000000086300000, 0x0000000086300000|100%| O|  |TAMS 0x0000000086200000, 0x0000000086200000| Untracked 
|  79|0x0000000086300000, 0x0000000086400000, 0x0000000086400000|100%| O|  |TAMS 0x0000000086300000, 0x0000000086300000| Untracked 
|  80|0x0000000086400000, 0x0000000086500000, 0x0000000086500000|100%| O|  |TAMS 0x0000000086400000, 0x0000000086400000| Untracked 
|  81|0x0000000086500000, 0x0000000086600000, 0x0000000086600000|100%| O|  |TAMS 0x0000000086500000, 0x0000000086500000| Untracked 
|  82|0x0000000086600000, 0x0000000086700000, 0x0000000086700000|100%| O|  |TAMS 0x0000000086600000, 0x0000000086600000| Untracked 
|  83|0x0000000086700000, 0x0000000086800000, 0x0000000086800000|100%| O|  |TAMS 0x0000000086700000, 0x0000000086700000| Untracked 
|  84|0x0000000086800000, 0x0000000086900000, 0x0000000086900000|100%| O|  |TAMS 0x0000000086800000, 0x0000000086800000| Untracked 
|  85|0x0000000086900000, 0x0000000086a00000, 0x0000000086a00000|100%| O|  |TAMS 0x0000000086900000, 0x0000000086900000| Untracked 
|  86|0x0000000086a00000, 0x0000000086b00000, 0x0000000086b00000|100%| O|  |TAMS 0x0000000086a00000, 0x0000000086a00000| Untracked 
|  87|0x0000000086b00000, 0x0000000086c00000, 0x0000000086c00000|100%| O|  |TAMS 0x0000000086b00000, 0x0000000086b00000| Untracked 
|  88|0x0000000086c00000, 0x0000000086d00000, 0x0000000086d00000|100%| O|  |TAMS 0x0000000086c00000, 0x0000000086c00000| Untracked 
|  89|0x0000000086d00000, 0x0000000086e00000, 0x0000000086e00000|100%| O|  |TAMS 0x0000000086d00000, 0x0000000086d00000| Untracked 
|  90|0x0000000086e00000, 0x0000000086f00000, 0x0000000086f00000|100%| O|  |TAMS 0x0000000086e00000, 0x0000000086e00000| Untracked 
|  91|0x0000000086f00000, 0x0000000087000000, 0x0000000087000000|100%| O|  |TAMS 0x0000000086f00000, 0x0000000086f00000| Untracked 
|  92|0x0000000087000000, 0x0000000087100000, 0x0000000087100000|100%| O|  |TAMS 0x0000000087000000, 0x0000000087000000| Untracked 
|  93|0x0000000087100000, 0x0000000087200000, 0x0000000087200000|100%| O|  |TAMS 0x0000000087100000, 0x0000000087100000| Untracked 
|  94|0x0000000087200000, 0x0000000087300000, 0x0000000087300000|100%| O|  |TAMS 0x0000000087200000, 0x0000000087200000| Untracked 
|  95|0x0000000087300000, 0x0000000087400000, 0x0000000087400000|100%| O|  |TAMS 0x0000000087300000, 0x0000000087300000| Untracked 
|  96|0x0000000087400000, 0x0000000087500000, 0x0000000087500000|100%| O|  |TAMS 0x0000000087400000, 0x0000000087400000| Untracked 
|  97|0x0000000087500000, 0x0000000087600000, 0x0000000087600000|100%| O|  |TAMS 0x0000000087500000, 0x0000000087500000| Untracked 
|  98|0x0000000087600000, 0x0000000087700000, 0x0000000087700000|100%| O|  |TAMS 0x0000000087600000, 0x0000000087600000| Untracked 
|  99|0x0000000087700000, 0x0000000087800000, 0x0000000087800000|100%| O|  |TAMS 0x0000000087700000, 0x0000000087700000| Untracked 
| 100|0x0000000087800000, 0x0000000087900000, 0x0000000087900000|100%| O|  |TAMS 0x0000000087800000, 0x0000000087800000| Untracked 
| 101|0x0000000087900000, 0x0000000087a00000, 0x0000000087a00000|100%| O|  |TAMS 0x0000000087900000, 0x0000000087900000| Untracked 
| 102|0x0000000087a00000, 0x0000000087b00000, 0x0000000087b00000|100%| O|  |TAMS 0x0000000087a00000, 0x0000000087a00000| Untracked 
| 103|0x0000000087b00000, 0x0000000087bfb600, 0x0000000087c00000| 98%| O|  |TAMS 0x0000000087b00000, 0x0000000087b00000| Untracked 
| 104|0x0000000087c00000, 0x0000000087c00000, 0x0000000087d00000|  0%| F|  |TAMS 0x0000000087c00000, 0x0000000087c00000| Untracked 
| 105|0x0000000087d00000, 0x0000000087d00000, 0x0000000087e00000|  0%| F|  |TAMS 0x0000000087d00000, 0x0000000087d00000| Untracked 
| 106|0x0000000087e00000, 0x0000000087e00000, 0x0000000087f00000|  0%| F|  |TAMS 0x0000000087e00000, 0x0000000087e00000| Untracked 
| 107|0x0000000087f00000, 0x0000000087f00000, 0x0000000088000000|  0%| F|  |TAMS 0x0000000087f00000, 0x0000000087f00000| Untracked 
| 108|0x0000000088000000, 0x0000000088000000, 0x0000000088100000|  0%| F|  |TAMS 0x0000000088000000, 0x0000000088000000| Untracked 
| 109|0x0000000088100000, 0x0000000088100000, 0x0000000088200000|  0%| F|  |TAMS 0x0000000088100000, 0x0000000088100000| Untracked 
| 110|0x0000000088200000, 0x0000000088200000, 0x0000000088300000|  0%| F|  |TAMS 0x0000000088200000, 0x0000000088200000| Untracked 
| 111|0x0000000088300000, 0x0000000088300000, 0x0000000088400000|  0%| F|  |TAMS 0x0000000088300000, 0x0000000088300000| Untracked 
| 112|0x0000000088400000, 0x0000000088400000, 0x0000000088500000|  0%| F|  |TAMS 0x0000000088400000, 0x0000000088400000| Untracked 
| 113|0x0000000088500000, 0x0000000088500000, 0x0000000088600000|  0%| F|  |TAMS 0x0000000088500000, 0x0000000088500000| Untracked 
| 114|0x0000000088600000, 0x0000000088600000, 0x0000000088700000|  0%| F|  |TAMS 0x0000000088600000, 0x0000000088600000| Untracked 
| 115|0x0000000088700000, 0x0000000088700000, 0x0000000088800000|  0%| F|  |TAMS 0x0000000088700000, 0x0000000088700000| Untracked 
| 116|0x0000000088800000, 0x0000000088800000, 0x0000000088900000|  0%| F|  |TAMS 0x0000000088800000, 0x0000000088800000| Untracked 
| 117|0x0000000088900000, 0x0000000088900000, 0x0000000088a00000|  0%| F|  |TAMS 0x0000000088900000, 0x0000000088900000| Untracked 
| 118|0x0000000088a00000, 0x0000000088a00000, 0x0000000088b00000|  0%| F|  |TAMS 0x0000000088a00000, 0x0000000088a00000| Untracked 
| 119|0x0000000088b00000, 0x0000000088b00000, 0x0000000088c00000|  0%| F|  |TAMS 0x0000000088b00000, 0x0000000088b00000| Untracked 
| 120|0x0000000088c00000, 0x0000000088c00000, 0x0000000088d00000|  0%| F|  |TAMS 0x0000000088c00000, 0x0000000088c00000| Untracked 
| 121|0x0000000088d00000, 0x0000000088d00000, 0x0000000088e00000|  0%| F|  |TAMS 0x0000000088d00000, 0x0000000088d00000| Untracked 
| 122|0x0000000088e00000, 0x0000000088e00000, 0x0000000088f00000|  0%| F|  |TAMS 0x0000000088e00000, 0x0000000088e00000| Untracked 
| 123|0x0000000088f00000, 0x0000000088f00000, 0x0000000089000000|  0%| F|  |TAMS 0x0000000088f00000, 0x0000000088f00000| Untracked 
| 124|0x0000000089000000, 0x0000000089000000, 0x0000000089100000|  0%| F|  |TAMS 0x0000000089000000, 0x0000000089000000| Untracked 
| 125|0x0000000089100000, 0x0000000089100000, 0x0000000089200000|  0%| F|  |TAMS 0x0000000089100000, 0x0000000089100000| Untracked 
| 126|0x0000000089200000, 0x0000000089200000, 0x0000000089300000|  0%| F|  |TAMS 0x0000000089200000, 0x0000000089200000| Untracked 
| 127|0x0000000089300000, 0x0000000089300000, 0x0000000089400000|  0%| F|  |TAMS 0x0000000089300000, 0x0000000089300000| Untracked 
| 128|0x0000000089400000, 0x0000000089400000, 0x0000000089500000|  0%| F|  |TAMS 0x0000000089400000, 0x0000000089400000| Untracked 
| 129|0x0000000089500000, 0x0000000089500000, 0x0000000089600000|  0%| F|  |TAMS 0x0000000089500000, 0x0000000089500000| Untracked 
| 130|0x0000000089600000, 0x0000000089600000, 0x0000000089700000|  0%| F|  |TAMS 0x0000000089600000, 0x0000000089600000| Untracked 
| 131|0x0000000089700000, 0x0000000089700000, 0x0000000089800000|  0%| F|  |TAMS 0x0000000089700000, 0x0000000089700000| Untracked 
| 132|0x0000000089800000, 0x0000000089800000, 0x0000000089900000|  0%| F|  |TAMS 0x0000000089800000, 0x0000000089800000| Untracked 
| 133|0x0000000089900000, 0x0000000089900000, 0x0000000089a00000|  0%| F|  |TAMS 0x0000000089900000, 0x0000000089900000| Untracked 
| 134|0x0000000089a00000, 0x0000000089a00000, 0x0000000089b00000|  0%| F|  |TAMS 0x0000000089a00000, 0x0000000089a00000| Untracked 
| 135|0x0000000089b00000, 0x0000000089b00000, 0x0000000089c00000|  0%| F|  |TAMS 0x0000000089b00000, 0x0000000089b00000| Untracked 
| 136|0x0000000089c00000, 0x0000000089c00000, 0x0000000089d00000|  0%| F|  |TAMS 0x0000000089c00000, 0x0000000089c00000| Untracked 
| 137|0x0000000089d00000, 0x0000000089d00000, 0x0000000089e00000|  0%| F|  |TAMS 0x0000000089d00000, 0x0000000089d00000| Untracked 
| 138|0x0000000089e00000, 0x0000000089e00000, 0x0000000089f00000|  0%| F|  |TAMS 0x0000000089e00000, 0x0000000089e00000| Untracked 
| 139|0x0000000089f00000, 0x0000000089f00000, 0x000000008a000000|  0%| F|  |TAMS 0x0000000089f00000, 0x0000000089f00000| Untracked 
| 140|0x000000008a000000, 0x000000008a000000, 0x000000008a100000|  0%| F|  |TAMS 0x000000008a000000, 0x000000008a000000| Untracked 
| 141|0x000000008a100000, 0x000000008a100000, 0x000000008a200000|  0%| F|  |TAMS 0x000000008a100000, 0x000000008a100000| Untracked 
| 142|0x000000008a200000, 0x000000008a200000, 0x000000008a300000|  0%| F|  |TAMS 0x000000008a200000, 0x000000008a200000| Untracked 
| 143|0x000000008a300000, 0x000000008a300000, 0x000000008a400000|  0%| F|  |TAMS 0x000000008a300000, 0x000000008a300000| Untracked 
| 144|0x000000008a400000, 0x000000008a400000, 0x000000008a500000|  0%| F|  |TAMS 0x000000008a400000, 0x000000008a400000| Untracked 
| 145|0x000000008a500000, 0x000000008a500000, 0x000000008a600000|  0%| F|  |TAMS 0x000000008a500000, 0x000000008a500000| Untracked 
| 146|0x000000008a600000, 0x000000008a600000, 0x000000008a700000|  0%| F|  |TAMS 0x000000008a600000, 0x000000008a600000| Untracked 
| 147|0x000000008a700000, 0x000000008a700000, 0x000000008a800000|  0%| F|  |TAMS 0x000000008a700000, 0x000000008a700000| Untracked 
| 148|0x000000008a800000, 0x000000008a800000, 0x000000008a900000|  0%| F|  |TAMS 0x000000008a800000, 0x000000008a800000| Untracked 
| 149|0x000000008a900000, 0x000000008a900000, 0x000000008aa00000|  0%| F|  |TAMS 0x000000008a900000, 0x000000008a900000| Untracked 
| 150|0x000000008aa00000, 0x000000008aa00000, 0x000000008ab00000|  0%| F|  |TAMS 0x000000008aa00000, 0x000000008aa00000| Untracked 
| 151|0x000000008ab00000, 0x000000008ab00000, 0x000000008ac00000|  0%| F|  |TAMS 0x000000008ab00000, 0x000000008ab00000| Untracked 
| 152|0x000000008ac00000, 0x000000008ac00000, 0x000000008ad00000|  0%| F|  |TAMS 0x000000008ac00000, 0x000000008ac00000| Untracked 
| 153|0x000000008ad00000, 0x000000008ad00000, 0x000000008ae00000|  0%| F|  |TAMS 0x000000008ad00000, 0x000000008ad00000| Untracked 
| 154|0x000000008ae00000, 0x000000008ae00000, 0x000000008af00000|  0%| F|  |TAMS 0x000000008ae00000, 0x000000008ae00000| Untracked 
| 155|0x000000008af00000, 0x000000008af00000, 0x000000008b000000|  0%| F|  |TAMS 0x000000008af00000, 0x000000008af00000| Untracked 
| 156|0x000000008b000000, 0x000000008b000000, 0x000000008b100000|  0%| F|  |TAMS 0x000000008b000000, 0x000000008b000000| Untracked 
| 157|0x000000008b100000, 0x000000008b100000, 0x000000008b200000|  0%| F|  |TAMS 0x000000008b100000, 0x000000008b100000| Untracked 
| 158|0x000000008b200000, 0x000000008b200000, 0x000000008b300000|  0%| F|  |TAMS 0x000000008b200000, 0x000000008b200000| Untracked 
| 159|0x000000008b300000, 0x000000008b300000, 0x000000008b400000|  0%| F|  |TAMS 0x000000008b300000, 0x000000008b300000| Untracked 
| 160|0x000000008b400000, 0x000000008b400000, 0x000000008b500000|  0%| F|  |TAMS 0x000000008b400000, 0x000000008b400000| Untracked 
| 161|0x000000008b500000, 0x000000008b500000, 0x000000008b600000|  0%| F|  |TAMS 0x000000008b500000, 0x000000008b500000| Untracked 
| 162|0x000000008b600000, 0x000000008b600000, 0x000000008b700000|  0%| F|  |TAMS 0x000000008b600000, 0x000000008b600000| Untracked 
| 163|0x000000008b700000, 0x000000008b700000, 0x000000008b800000|  0%| F|  |TAMS 0x000000008b700000, 0x000000008b700000| Untracked 
| 164|0x000000008b800000, 0x000000008b800000, 0x000000008b900000|  0%| F|  |TAMS 0x000000008b800000, 0x000000008b800000| Untracked 
| 165|0x000000008b900000, 0x000000008b900000, 0x000000008ba00000|  0%| F|  |TAMS 0x000000008b900000, 0x000000008b900000| Untracked 
| 166|0x000000008ba00000, 0x000000008ba00000, 0x000000008bb00000|  0%| F|  |TAMS 0x000000008ba00000, 0x000000008ba00000| Untracked 
| 167|0x000000008bb00000, 0x000000008bb00000, 0x000000008bc00000|  0%| F|  |TAMS 0x000000008bb00000, 0x000000008bb00000| Untracked 
| 168|0x000000008bc00000, 0x000000008bc00000, 0x000000008bd00000|  0%| F|  |TAMS 0x000000008bc00000, 0x000000008bc00000| Untracked 
| 169|0x000000008bd00000, 0x000000008bd00000, 0x000000008be00000|  0%| F|  |TAMS 0x000000008bd00000, 0x000000008bd00000| Untracked 
| 170|0x000000008be00000, 0x000000008be00000, 0x000000008bf00000|  0%| F|  |TAMS 0x000000008be00000, 0x000000008be00000| Untracked 
| 171|0x000000008bf00000, 0x000000008bf00000, 0x000000008c000000|  0%| F|  |TAMS 0x000000008bf00000, 0x000000008bf00000| Untracked 
| 172|0x000000008c000000, 0x000000008c000000, 0x000000008c100000|  0%| F|  |TAMS 0x000000008c000000, 0x000000008c000000| Untracked 
| 173|0x000000008c100000, 0x000000008c100000, 0x000000008c200000|  0%| F|  |TAMS 0x000000008c100000, 0x000000008c100000| Untracked 
| 174|0x000000008c200000, 0x000000008c300000, 0x000000008c300000|100%| S|CS|TAMS 0x000000008c200000, 0x000000008c200000| Complete 
| 175|0x000000008c300000, 0x000000008c400000, 0x000000008c400000|100%| S|CS|TAMS 0x000000008c300000, 0x000000008c300000| Complete 
| 176|0x000000008c400000, 0x000000008c500000, 0x000000008c500000|100%| S|CS|TAMS 0x000000008c400000, 0x000000008c400000| Complete 
| 177|0x000000008c500000, 0x000000008c600000, 0x000000008c600000|100%| S|CS|TAMS 0x000000008c500000, 0x000000008c500000| Complete 
| 178|0x000000008c600000, 0x000000008c700000, 0x000000008c700000|100%| S|CS|TAMS 0x000000008c600000, 0x000000008c600000| Complete 
| 179|0x000000008c700000, 0x000000008c800000, 0x000000008c800000|100%| S|CS|TAMS 0x000000008c700000, 0x000000008c700000| Complete 
| 180|0x000000008c800000, 0x000000008c900000, 0x000000008c900000|100%| S|CS|TAMS 0x000000008c800000, 0x000000008c800000| Complete 
| 181|0x000000008c900000, 0x000000008ca00000, 0x000000008ca00000|100%| S|CS|TAMS 0x000000008c900000, 0x000000008c900000| Complete 
| 182|0x000000008ca00000, 0x000000008cb00000, 0x000000008cb00000|100%| S|CS|TAMS 0x000000008ca00000, 0x000000008ca00000| Complete 
| 183|0x000000008cb00000, 0x000000008cc00000, 0x000000008cc00000|100%| S|CS|TAMS 0x000000008cb00000, 0x000000008cb00000| Complete 
| 184|0x000000008cc00000, 0x000000008cc00000, 0x000000008cd00000|  0%| F|  |TAMS 0x000000008cc00000, 0x000000008cc00000| Untracked 
| 185|0x000000008cd00000, 0x000000008cd00000, 0x000000008ce00000|  0%| F|  |TAMS 0x000000008cd00000, 0x000000008cd00000| Untracked 
| 186|0x000000008ce00000, 0x000000008ce00000, 0x000000008cf00000|  0%| F|  |TAMS 0x000000008ce00000, 0x000000008ce00000| Untracked 
| 187|0x000000008cf00000, 0x000000008cf00000, 0x000000008d000000|  0%| F|  |TAMS 0x000000008cf00000, 0x000000008cf00000| Untracked 
| 188|0x000000008d000000, 0x000000008d000000, 0x000000008d100000|  0%| F|  |TAMS 0x000000008d000000, 0x000000008d000000| Untracked 
| 189|0x000000008d100000, 0x000000008d100000, 0x000000008d200000|  0%| F|  |TAMS 0x000000008d100000, 0x000000008d100000| Untracked 
| 190|0x000000008d200000, 0x000000008d200000, 0x000000008d300000|  0%| F|  |TAMS 0x000000008d200000, 0x000000008d200000| Untracked 
| 191|0x000000008d300000, 0x000000008d300000, 0x000000008d400000|  0%| F|  |TAMS 0x000000008d300000, 0x000000008d300000| Untracked 
| 192|0x000000008d400000, 0x000000008d400000, 0x000000008d500000|  0%| F|  |TAMS 0x000000008d400000, 0x000000008d400000| Untracked 
| 193|0x000000008d500000, 0x000000008d500000, 0x000000008d600000|  0%| F|  |TAMS 0x000000008d500000, 0x000000008d500000| Untracked 
| 194|0x000000008d600000, 0x000000008d600000, 0x000000008d700000|  0%| F|  |TAMS 0x000000008d600000, 0x000000008d600000| Untracked 
| 195|0x000000008d700000, 0x000000008d700000, 0x000000008d800000|  0%| F|  |TAMS 0x000000008d700000, 0x000000008d700000| Untracked 
| 196|0x000000008d800000, 0x000000008d800000, 0x000000008d900000|  0%| F|  |TAMS 0x000000008d800000, 0x000000008d800000| Untracked 
| 197|0x000000008d900000, 0x000000008da00000, 0x000000008da00000|100%| E|  |TAMS 0x000000008d900000, 0x000000008d900000| Complete 
| 198|0x000000008da00000, 0x000000008db00000, 0x000000008db00000|100%| E|CS|TAMS 0x000000008da00000, 0x000000008da00000| Complete 
| 199|0x000000008db00000, 0x000000008dc00000, 0x000000008dc00000|100%| E|CS|TAMS 0x000000008db00000, 0x000000008db00000| Complete 
| 200|0x000000008dc00000, 0x000000008dd00000, 0x000000008dd00000|100%| E|CS|TAMS 0x000000008dc00000, 0x000000008dc00000| Complete 
| 201|0x000000008dd00000, 0x000000008de00000, 0x000000008de00000|100%| E|CS|TAMS 0x000000008dd00000, 0x000000008dd00000| Complete 
| 202|0x000000008de00000, 0x000000008df00000, 0x000000008df00000|100%| E|CS|TAMS 0x000000008de00000, 0x000000008de00000| Complete 
| 203|0x000000008df00000, 0x000000008e000000, 0x000000008e000000|100%| E|CS|TAMS 0x000000008df00000, 0x000000008df00000| Complete 
| 204|0x000000008e000000, 0x000000008e100000, 0x000000008e100000|100%| E|CS|TAMS 0x000000008e000000, 0x000000008e000000| Complete 
| 205|0x000000008e100000, 0x000000008e200000, 0x000000008e200000|100%| E|CS|TAMS 0x000000008e100000, 0x000000008e100000| Complete 
| 206|0x000000008e200000, 0x000000008e300000, 0x000000008e300000|100%| E|CS|TAMS 0x000000008e200000, 0x000000008e200000| Complete 
| 207|0x000000008e300000, 0x000000008e400000, 0x000000008e400000|100%| E|CS|TAMS 0x000000008e300000, 0x000000008e300000| Complete 
| 208|0x000000008e400000, 0x000000008e500000, 0x000000008e500000|100%| E|CS|TAMS 0x000000008e400000, 0x000000008e400000| Complete 
| 209|0x000000008e500000, 0x000000008e600000, 0x000000008e600000|100%| E|CS|TAMS 0x000000008e500000, 0x000000008e500000| Complete 
| 210|0x000000008e600000, 0x000000008e700000, 0x000000008e700000|100%| E|CS|TAMS 0x000000008e600000, 0x000000008e600000| Complete 
| 211|0x000000008e700000, 0x000000008e800000, 0x000000008e800000|100%| E|CS|TAMS 0x000000008e700000, 0x000000008e700000| Complete 
| 212|0x000000008e800000, 0x000000008e900000, 0x000000008e900000|100%| E|CS|TAMS 0x000000008e800000, 0x000000008e800000| Complete 
| 213|0x000000008e900000, 0x000000008ea00000, 0x000000008ea00000|100%| E|CS|TAMS 0x000000008e900000, 0x000000008e900000| Complete 
| 214|0x000000008ea00000, 0x000000008eb00000, 0x000000008eb00000|100%| E|CS|TAMS 0x000000008ea00000, 0x000000008ea00000| Complete 
| 215|0x000000008eb00000, 0x000000008ec00000, 0x000000008ec00000|100%| E|CS|TAMS 0x000000008eb00000, 0x000000008eb00000| Complete 
| 216|0x000000008ec00000, 0x000000008ed00000, 0x000000008ed00000|100%| E|CS|TAMS 0x000000008ec00000, 0x000000008ec00000| Complete 
| 217|0x000000008ed00000, 0x000000008ee00000, 0x000000008ee00000|100%| E|CS|TAMS 0x000000008ed00000, 0x000000008ed00000| Complete 
| 218|0x000000008ee00000, 0x000000008ef00000, 0x000000008ef00000|100%| E|CS|TAMS 0x000000008ee00000, 0x000000008ee00000| Complete 
| 219|0x000000008ef00000, 0x000000008f000000, 0x000000008f000000|100%| E|CS|TAMS 0x000000008ef00000, 0x000000008ef00000| Complete 
| 220|0x000000008f000000, 0x000000008f100000, 0x000000008f100000|100%| E|CS|TAMS 0x000000008f000000, 0x000000008f000000| Complete 
| 221|0x000000008f100000, 0x000000008f200000, 0x000000008f200000|100%| E|CS|TAMS 0x000000008f100000, 0x000000008f100000| Complete 
| 222|0x000000008f200000, 0x000000008f300000, 0x000000008f300000|100%| E|CS|TAMS 0x000000008f200000, 0x000000008f200000| Complete 
| 223|0x000000008f300000, 0x000000008f400000, 0x000000008f400000|100%| E|CS|TAMS 0x000000008f300000, 0x000000008f300000| Complete 
| 224|0x000000008f400000, 0x000000008f500000, 0x000000008f500000|100%| E|CS|TAMS 0x000000008f400000, 0x000000008f400000| Complete 
| 225|0x000000008f500000, 0x000000008f600000, 0x000000008f600000|100%| E|CS|TAMS 0x000000008f500000, 0x000000008f500000| Complete 
| 226|0x000000008f600000, 0x000000008f700000, 0x000000008f700000|100%| E|CS|TAMS 0x000000008f600000, 0x000000008f600000| Complete 
| 227|0x000000008f700000, 0x000000008f800000, 0x000000008f800000|100%| E|CS|TAMS 0x000000008f700000, 0x000000008f700000| Complete 
| 228|0x000000008f800000, 0x000000008f900000, 0x000000008f900000|100%| E|CS|TAMS 0x000000008f800000, 0x000000008f800000| Complete 
| 229|0x000000008f900000, 0x000000008fa00000, 0x000000008fa00000|100%| E|CS|TAMS 0x000000008f900000, 0x000000008f900000| Complete 
| 230|0x000000008fa00000, 0x000000008fb00000, 0x000000008fb00000|100%| E|CS|TAMS 0x000000008fa00000, 0x000000008fa00000| Complete 
| 231|0x000000008fb00000, 0x000000008fc00000, 0x000000008fc00000|100%| E|CS|TAMS 0x000000008fb00000, 0x000000008fb00000| Complete 
| 232|0x000000008fc00000, 0x000000008fd00000, 0x000000008fd00000|100%| E|CS|TAMS 0x000000008fc00000, 0x000000008fc00000| Complete 
| 233|0x000000008fd00000, 0x000000008fe00000, 0x000000008fe00000|100%| E|CS|TAMS 0x000000008fd00000, 0x000000008fd00000| Complete 
| 234|0x000000008fe00000, 0x000000008ff00000, 0x000000008ff00000|100%| E|CS|TAMS 0x000000008fe00000, 0x000000008fe00000| Complete 
| 235|0x000000008ff00000, 0x0000000090000000, 0x0000000090000000|100%| E|CS|TAMS 0x000000008ff00000, 0x000000008ff00000| Complete 
| 236|0x0000000090000000, 0x0000000090100000, 0x0000000090100000|100%| E|CS|TAMS 0x0000000090000000, 0x0000000090000000| Complete 
| 237|0x0000000090100000, 0x0000000090200000, 0x0000000090200000|100%| E|CS|TAMS 0x0000000090100000, 0x0000000090100000| Complete 
| 238|0x0000000090200000, 0x0000000090300000, 0x0000000090300000|100%| E|CS|TAMS 0x0000000090200000, 0x0000000090200000| Complete 
| 239|0x0000000090300000, 0x0000000090400000, 0x0000000090400000|100%| E|CS|TAMS 0x0000000090300000, 0x0000000090300000| Complete 
| 240|0x0000000090400000, 0x0000000090500000, 0x0000000090500000|100%| E|CS|TAMS 0x0000000090400000, 0x0000000090400000| Complete 
| 241|0x0000000090500000, 0x0000000090600000, 0x0000000090600000|100%| E|CS|TAMS 0x0000000090500000, 0x0000000090500000| Complete 
| 242|0x0000000090600000, 0x0000000090700000, 0x0000000090700000|100%| E|CS|TAMS 0x0000000090600000, 0x0000000090600000| Complete 
| 243|0x0000000090700000, 0x0000000090800000, 0x0000000090800000|100%| E|CS|TAMS 0x0000000090700000, 0x0000000090700000| Complete 
| 244|0x0000000090800000, 0x0000000090900000, 0x0000000090900000|100%| E|CS|TAMS 0x0000000090800000, 0x0000000090800000| Complete 
| 245|0x0000000090900000, 0x0000000090a00000, 0x0000000090a00000|100%| E|CS|TAMS 0x0000000090900000, 0x0000000090900000| Complete 
| 246|0x0000000090a00000, 0x0000000090b00000, 0x0000000090b00000|100%| E|CS|TAMS 0x0000000090a00000, 0x0000000090a00000| Complete 
| 247|0x0000000090b00000, 0x0000000090c00000, 0x0000000090c00000|100%| E|CS|TAMS 0x0000000090b00000, 0x0000000090b00000| Complete 
| 248|0x0000000090c00000, 0x0000000090d00000, 0x0000000090d00000|100%| E|CS|TAMS 0x0000000090c00000, 0x0000000090c00000| Complete 
| 249|0x0000000090d00000, 0x0000000090e00000, 0x0000000090e00000|100%| E|CS|TAMS 0x0000000090d00000, 0x0000000090d00000| Complete 
| 250|0x0000000090e00000, 0x0000000090f00000, 0x0000000090f00000|100%| E|CS|TAMS 0x0000000090e00000, 0x0000000090e00000| Complete 
| 251|0x0000000090f00000, 0x0000000091000000, 0x0000000091000000|100%| E|CS|TAMS 0x0000000090f00000, 0x0000000090f00000| Complete 
| 252|0x0000000091000000, 0x0000000091100000, 0x0000000091100000|100%| E|CS|TAMS 0x0000000091000000, 0x0000000091000000| Complete 
| 253|0x0000000091100000, 0x0000000091200000, 0x0000000091200000|100%| E|CS|TAMS 0x0000000091100000, 0x0000000091100000| Complete 
| 254|0x0000000091200000, 0x0000000091300000, 0x0000000091300000|100%| E|CS|TAMS 0x0000000091200000, 0x0000000091200000| Complete 
| 255|0x0000000091300000, 0x0000000091400000, 0x0000000091400000|100%| E|CS|TAMS 0x0000000091300000, 0x0000000091300000| Complete 
| 256|0x0000000091400000, 0x0000000091500000, 0x0000000091500000|100%| E|CS|TAMS 0x0000000091400000, 0x0000000091400000| Complete 
| 257|0x0000000091500000, 0x0000000091600000, 0x0000000091600000|100%| E|CS|TAMS 0x0000000091500000, 0x0000000091500000| Complete 
| 258|0x0000000091600000, 0x0000000091700000, 0x0000000091700000|100%| E|CS|TAMS 0x0000000091600000, 0x0000000091600000| Complete 
| 259|0x0000000091700000, 0x0000000091800000, 0x0000000091800000|100%| E|CS|TAMS 0x0000000091700000, 0x0000000091700000| Complete 
| 260|0x0000000091800000, 0x0000000091900000, 0x0000000091900000|100%| E|CS|TAMS 0x0000000091800000, 0x0000000091800000| Complete 
| 261|0x0000000091900000, 0x0000000091a00000, 0x0000000091a00000|100%| E|CS|TAMS 0x0000000091900000, 0x0000000091900000| Complete 
| 262|0x0000000091a00000, 0x0000000091b00000, 0x0000000091b00000|100%| E|CS|TAMS 0x0000000091a00000, 0x0000000091a00000| Complete 
| 263|0x0000000091b00000, 0x0000000091c00000, 0x0000000091c00000|100%| E|CS|TAMS 0x0000000091b00000, 0x0000000091b00000| Complete 
| 264|0x0000000091c00000, 0x0000000091d00000, 0x0000000091d00000|100%| E|CS|TAMS 0x0000000091c00000, 0x0000000091c00000| Complete 
| 265|0x0000000091d00000, 0x0000000091e00000, 0x0000000091e00000|100%| E|CS|TAMS 0x0000000091d00000, 0x0000000091d00000| Complete 
| 266|0x0000000091e00000, 0x0000000091f00000, 0x0000000091f00000|100%| E|CS|TAMS 0x0000000091e00000, 0x0000000091e00000| Complete 
| 267|0x0000000091f00000, 0x0000000092000000, 0x0000000092000000|100%| E|CS|TAMS 0x0000000091f00000, 0x0000000091f00000| Complete 
| 268|0x0000000092000000, 0x0000000092100000, 0x0000000092100000|100%| E|CS|TAMS 0x0000000092000000, 0x0000000092000000| Complete 
| 269|0x0000000092100000, 0x0000000092200000, 0x0000000092200000|100%| E|CS|TAMS 0x0000000092100000, 0x0000000092100000| Complete 
| 270|0x0000000092200000, 0x0000000092300000, 0x0000000092300000|100%| E|CS|TAMS 0x0000000092200000, 0x0000000092200000| Complete 
| 271|0x0000000092300000, 0x0000000092400000, 0x0000000092400000|100%| E|CS|TAMS 0x0000000092300000, 0x0000000092300000| Complete 
| 272|0x0000000092400000, 0x0000000092500000, 0x0000000092500000|100%| E|CS|TAMS 0x0000000092400000, 0x0000000092400000| Complete 
| 273|0x0000000092500000, 0x0000000092600000, 0x0000000092600000|100%| E|CS|TAMS 0x0000000092500000, 0x0000000092500000| Complete 
| 274|0x0000000092600000, 0x0000000092700000, 0x0000000092700000|100%| E|CS|TAMS 0x0000000092600000, 0x0000000092600000| Complete 
| 275|0x0000000092700000, 0x0000000092800000, 0x0000000092800000|100%| E|CS|TAMS 0x0000000092700000, 0x0000000092700000| Complete 
| 276|0x0000000092800000, 0x0000000092900000, 0x0000000092900000|100%| E|CS|TAMS 0x0000000092800000, 0x0000000092800000| Complete 
| 277|0x0000000092900000, 0x0000000092a00000, 0x0000000092a00000|100%| E|CS|TAMS 0x0000000092900000, 0x0000000092900000| Complete 
| 278|0x0000000092a00000, 0x0000000092b00000, 0x0000000092b00000|100%| E|CS|TAMS 0x0000000092a00000, 0x0000000092a00000| Complete 
| 279|0x0000000092b00000, 0x0000000092c00000, 0x0000000092c00000|100%| E|CS|TAMS 0x0000000092b00000, 0x0000000092b00000| Complete 
| 280|0x0000000092c00000, 0x0000000092d00000, 0x0000000092d00000|100%| E|CS|TAMS 0x0000000092c00000, 0x0000000092c00000| Complete 
| 281|0x0000000092d00000, 0x0000000092e00000, 0x0000000092e00000|100%| E|CS|TAMS 0x0000000092d00000, 0x0000000092d00000| Complete 
| 282|0x0000000092e00000, 0x0000000092f00000, 0x0000000092f00000|100%| E|CS|TAMS 0x0000000092e00000, 0x0000000092e00000| Complete 
| 283|0x0000000092f00000, 0x0000000093000000, 0x0000000093000000|100%| E|CS|TAMS 0x0000000092f00000, 0x0000000092f00000| Complete 
| 284|0x0000000093000000, 0x0000000093100000, 0x0000000093100000|100%| E|CS|TAMS 0x0000000093000000, 0x0000000093000000| Complete 
| 285|0x0000000093100000, 0x0000000093200000, 0x0000000093200000|100%| E|CS|TAMS 0x0000000093100000, 0x0000000093100000| Complete 
| 286|0x0000000093200000, 0x0000000093300000, 0x0000000093300000|100%| E|CS|TAMS 0x0000000093200000, 0x0000000093200000| Complete 
| 287|0x0000000093300000, 0x0000000093400000, 0x0000000093400000|100%| E|CS|TAMS 0x0000000093300000, 0x0000000093300000| Complete 
| 288|0x0000000093400000, 0x0000000093500000, 0x0000000093500000|100%| E|CS|TAMS 0x0000000093400000, 0x0000000093400000| Complete 
| 289|0x0000000093500000, 0x0000000093600000, 0x0000000093600000|100%| E|CS|TAMS 0x0000000093500000, 0x0000000093500000| Complete 
| 290|0x0000000093600000, 0x0000000093700000, 0x0000000093700000|100%| E|CS|TAMS 0x0000000093600000, 0x0000000093600000| Complete 
| 291|0x0000000093700000, 0x0000000093800000, 0x0000000093800000|100%| E|CS|TAMS 0x0000000093700000, 0x0000000093700000| Complete 
| 292|0x0000000093800000, 0x0000000093900000, 0x0000000093900000|100%| E|CS|TAMS 0x0000000093800000, 0x0000000093800000| Complete 
| 293|0x0000000093900000, 0x0000000093a00000, 0x0000000093a00000|100%| E|CS|TAMS 0x0000000093900000, 0x0000000093900000| Complete 
| 294|0x0000000093a00000, 0x0000000093b00000, 0x0000000093b00000|100%| E|CS|TAMS 0x0000000093a00000, 0x0000000093a00000| Complete 
| 295|0x0000000093b00000, 0x0000000093c00000, 0x0000000093c00000|100%| E|CS|TAMS 0x0000000093b00000, 0x0000000093b00000| Complete 
| 296|0x0000000093c00000, 0x0000000093d00000, 0x0000000093d00000|100%| E|CS|TAMS 0x0000000093c00000, 0x0000000093c00000| Complete 
| 297|0x0000000093d00000, 0x0000000093e00000, 0x0000000093e00000|100%| E|CS|TAMS 0x0000000093d00000, 0x0000000093d00000| Complete 
| 298|0x0000000093e00000, 0x0000000093f00000, 0x0000000093f00000|100%| E|CS|TAMS 0x0000000093e00000, 0x0000000093e00000| Complete 
| 299|0x0000000093f00000, 0x0000000094000000, 0x0000000094000000|100%| E|CS|TAMS 0x0000000093f00000, 0x0000000093f00000| Complete 
| 300|0x0000000094000000, 0x0000000094100000, 0x0000000094100000|100%| E|CS|TAMS 0x0000000094000000, 0x0000000094000000| Complete 
| 301|0x0000000094100000, 0x0000000094200000, 0x0000000094200000|100%| E|CS|TAMS 0x0000000094100000, 0x0000000094100000| Complete 
| 302|0x0000000094200000, 0x0000000094300000, 0x0000000094300000|100%| E|CS|TAMS 0x0000000094200000, 0x0000000094200000| Complete 
| 303|0x0000000094300000, 0x0000000094400000, 0x0000000094400000|100%| E|CS|TAMS 0x0000000094300000, 0x0000000094300000| Complete 
| 304|0x0000000094400000, 0x0000000094500000, 0x0000000094500000|100%| E|CS|TAMS 0x0000000094400000, 0x0000000094400000| Complete 
| 305|0x0000000094500000, 0x0000000094600000, 0x0000000094600000|100%| E|CS|TAMS 0x0000000094500000, 0x0000000094500000| Complete 
| 306|0x0000000094600000, 0x0000000094700000, 0x0000000094700000|100%| E|CS|TAMS 0x0000000094600000, 0x0000000094600000| Complete 
|2027|0x00000000fff00000, 0x0000000100000000, 0x0000000100000000|100%| O|  |TAMS 0x0000000100000000, 0x00000000fff00000| Untracked 

Card table byte_map: [0x000001b5af830000,0x000001b5afc30000] _byte_map_base: 0x000001b5af426000

Marking Bits (Prev, Next): (CMBitMap*) 0x000001b59b179670, (CMBitMap*) 0x000001b59b179630
 Prev Bits: [0x000001b5b1fe0000, 0x000001b5b3f90000)
 Next Bits: [0x000001b5b0030000, 0x000001b5b1fe0000)

Polling page: 0x000001b59af00000

Metaspace:

Usage:
  Non-class:     77.12 MB used.
      Class:      9.20 MB used.
       Both:     86.31 MB used.

Virtual space:
  Non-class space:       80.00 MB reserved,      77.31 MB ( 97%) committed,  10 nodes.
      Class space:        1.00 GB reserved,       9.38 MB ( <1%) committed,  1 nodes.
             Both:        1.08 GB reserved,      86.69 MB (  8%) committed. 

Chunk freelists:
   Non-Class:  1.95 MB
       Class:  2.64 MB
        Both:  4.59 MB

MaxMetaspaceSize: unlimited
CompressedClassSpaceSize: 1.00 GB
Initial GC threshold: 21.00 MB
Current GC threshold: 94.94 MB
CDS: off
MetaspaceReclaimPolicy: balanced
 - commit_granule_bytes: 65536.
 - commit_granule_words: 8192.
 - virtual_space_node_default_size: 1048576.
 - enlarge_chunks_in_place: 1.
 - new_chunks_are_fully_committed: 0.
 - uncommit_free_chunks: 1.
 - use_allocation_guard: 0.
 - handle_deallocations: 1.


Internal statistics:

num_allocs_failed_limit: 9.
num_arena_births: 452.
num_arena_deaths: 0.
num_vsnodes_births: 11.
num_vsnodes_deaths: 0.
num_space_committed: 1385.
num_space_uncommitted: 0.
num_chunks_returned_to_freelist: 9.
num_chunks_taken_from_freelist: 3322.
num_chunk_merges: 9.
num_chunk_splits: 2665.
num_chunks_enlarged: 2287.
num_purges: 0.
num_inconsistent_stats: 0.

CodeHeap 'non-profiled nmethods': size=120000Kb used=7989Kb max_used=7989Kb free=112010Kb
 bounds [0x000001b5a78e0000, 0x000001b5a80c0000, 0x000001b5aee10000]
CodeHeap 'profiled nmethods': size=120000Kb used=45330Kb max_used=45330Kb free=74669Kb
 bounds [0x000001b59fe10000, 0x000001b5a2a60000, 0x000001b5a7340000]
CodeHeap 'non-nmethods': size=5760Kb used=1410Kb max_used=1465Kb free=4349Kb
 bounds [0x000001b5a7340000, 0x000001b5a75b0000, 0x000001b5a78e0000]
 total_blobs=15516 nmethods=14774 adapters=650
 compilation: enabled
              stopped_count=0, restarted_count=0
 full_count=0

Compilation events (20 events):
Event: 18.284 Thread 0x000001b5b65de6f0 17623       2       org.jetbrains.kotlin.ir.types.IrTypePredicatesKt::isChar (14 bytes)
Event: 18.285 Thread 0x000001b5b65de6f0 nmethod 17623 0x000001b5a2a23d10 code [0x000001b5a2a23f00, 0x000001b5a2a241a8]
Event: 18.285 Thread 0x000001b5b65de6f0 17624       2       org.jetbrains.kotlin.com.intellij.util.containers.hash.LinkedHashMap$Entry::access$002 (7 bytes)
Event: 18.285 Thread 0x000001b5b65de6f0 nmethod 17624 0x000001b5a2a24390 code [0x000001b5a2a24520, 0x000001b5a2a24658]
Event: 18.285 Thread 0x000001b5b65de6f0 17625       2       org.jetbrains.kotlin.codegen.inline.InlineCodegenUtilsKt$getMethodNode$$inlined$getMethodNode$1::visitMethod (164 bytes)
Event: 18.287 Thread 0x000001b5b65de6f0 nmethod 17625 0x000001b5a2a24710 code [0x000001b5a2a24a60, 0x000001b5a2a256d8]
Event: 18.287 Thread 0x000001b5b65de6f0 17626       2       kotlin.sequences.DropSequence$iterator$1::drop (45 bytes)
Event: 18.287 Thread 0x000001b5b65de6f0 nmethod 17626 0x000001b5a2a25e90 code [0x000001b5a2a26040, 0x000001b5a2a26218]
Event: 18.287 Thread 0x000001b5b65de6f0 17627       2       kotlin.sequences.DropSequence$iterator$1::next (14 bytes)
Event: 18.287 Thread 0x000001b5b65de6f0 nmethod 17627 0x000001b5a2a26310 code [0x000001b5a2a264c0, 0x000001b5a2a26618]
Event: 18.288 Thread 0x000001b5b65de6f0 17628       2       org.jetbrains.kotlin.codegen.inline.MethodInliner::removeFakeVariablesInitializationIfPresent (354 bytes)
Event: 18.290 Thread 0x000001b5b65de6f0 nmethod 17628 0x000001b5a2a26710 code [0x000001b5a2a26a20, 0x000001b5a2a27688]
Event: 18.290 Thread 0x000001b5b65de6f0 17630       2       kotlin.text.StringsKt__StringsKt::substringAfterLast (77 bytes)
Event: 18.291 Thread 0x000001b5b65de6f0 nmethod 17630 0x000001b5a2a28010 code [0x000001b5a2a282e0, 0x000001b5a2a28b08]
Event: 18.291 Thread 0x000001b5b65de6f0 17629       2       org.jetbrains.kotlin.codegen.AssertCodegenUtilKt::isCheckAssertionsStatus (50 bytes)
Event: 18.292 Thread 0x000001b5b65de6f0 nmethod 17629 0x000001b5a2a29190 code [0x000001b5a2a293a0, 0x000001b5a2a29748]
Event: 18.292 Thread 0x000001b5b65de6f0 17631       2       java.util.LinkedHashMap$LinkedValues::toArray (18 bytes)
Event: 18.292 Thread 0x000001b5b65de6f0 nmethod 17631 0x000001b5a2a29990 code [0x000001b5a2a29b40, 0x000001b5a2a29d08]
Event: 18.304 Thread 0x000001b5b65de6f0 17633       2       org.jetbrains.kotlin.ir.util.IrUtilsKt::isIntegerConst (53 bytes)
Event: 18.304 Thread 0x000001b5b65de6f0 nmethod 17633 0x000001b5a2a29e10 code [0x000001b5a2a2a000, 0x000001b5a2a2a4a8]

GC Heap History (20 events):
Event: 5.948 GC heap before
{Heap before GC invocations=26 (full 0):
 garbage-first heap   total 94208K, used 56415K [0x0000000081400000, 0x0000000100000000)
  region size 1024K, 4 young (4096K), 3 survivors (3072K)
 Metaspace       used 56804K, committed 57088K, reserved 1105920K
  class space    used 6682K, committed 6848K, reserved 1048576K
}
Event: 5.958 GC heap after
{Heap after GC invocations=27 (full 0):
 garbage-first heap   total 115712K, used 55723K [0x0000000081400000, 0x0000000100000000)
  region size 1024K, 1 young (1024K), 1 survivors (1024K)
 Metaspace       used 56804K, committed 57088K, reserved 1105920K
  class space    used 6682K, committed 6848K, reserved 1048576K
}
Event: 6.670 GC heap before
{Heap before GC invocations=27 (full 0):
 garbage-first heap   total 115712K, used 87467K [0x0000000081400000, 0x0000000100000000)
  region size 1024K, 32 young (32768K), 1 survivors (1024K)
 Metaspace       used 57948K, committed 58304K, reserved 1105920K
  class space    used 6800K, committed 6976K, reserved 1048576K
}
Event: 6.677 GC heap after
{Heap after GC invocations=28 (full 0):
 garbage-first heap   total 115712K, used 59040K [0x0000000081400000, 0x0000000100000000)
  region size 1024K, 4 young (4096K), 4 survivors (4096K)
 Metaspace       used 57948K, committed 58304K, reserved 1105920K
  class space    used 6800K, committed 6976K, reserved 1048576K
}
Event: 7.132 GC heap before
{Heap before GC invocations=29 (full 0):
 garbage-first heap   total 115712K, used 88736K [0x0000000081400000, 0x0000000100000000)
  region size 1024K, 33 young (33792K), 4 survivors (4096K)
 Metaspace       used 57948K, committed 58304K, reserved 1105920K
  class space    used 6800K, committed 6976K, reserved 1048576K
}
Event: 7.139 GC heap after
{Heap after GC invocations=30 (full 0):
 garbage-first heap   total 115712K, used 61704K [0x0000000081400000, 0x0000000100000000)
  region size 1024K, 3 young (3072K), 3 survivors (3072K)
 Metaspace       used 57948K, committed 58304K, reserved 1105920K
  class space    used 6800K, committed 6976K, reserved 1048576K
}
Event: 7.167 GC heap before
{Heap before GC invocations=30 (full 0):
 garbage-first heap   total 115712K, used 63752K [0x0000000081400000, 0x0000000100000000)
  region size 1024K, 5 young (5120K), 3 survivors (3072K)
 Metaspace       used 57948K, committed 58304K, reserved 1105920K
  class space    used 6800K, committed 6976K, reserved 1048576K
}
Event: 7.179 GC heap after
{Heap after GC invocations=31 (full 0):
 garbage-first heap   total 115712K, used 61481K [0x0000000081400000, 0x0000000100000000)
  region size 1024K, 1 young (1024K), 1 survivors (1024K)
 Metaspace       used 57948K, committed 58304K, reserved 1105920K
  class space    used 6800K, committed 6976K, reserved 1048576K
}
Event: 7.386 GC heap before
{Heap before GC invocations=31 (full 0):
 garbage-first heap   total 115712K, used 91177K [0x0000000081400000, 0x0000000100000000)
  region size 1024K, 30 young (30720K), 1 survivors (1024K)
 Metaspace       used 57980K, committed 58304K, reserved 1105920K
  class space    used 6800K, committed 6976K, reserved 1048576K
}
Event: 7.390 GC heap after
{Heap after GC invocations=32 (full 0):
 garbage-first heap   total 115712K, used 64359K [0x0000000081400000, 0x0000000100000000)
  region size 1024K, 4 young (4096K), 4 survivors (4096K)
 Metaspace       used 57980K, committed 58304K, reserved 1105920K
  class space    used 6800K, committed 6976K, reserved 1048576K
}
Event: 7.477 GC heap before
{Heap before GC invocations=32 (full 0):
 garbage-first heap   total 155648K, used 92007K [0x0000000081400000, 0x0000000100000000)
  region size 1024K, 31 young (31744K), 4 survivors (4096K)
 Metaspace       used 57981K, committed 58304K, reserved 1105920K
  class space    used 6800K, committed 6976K, reserved 1048576K
}
Event: 7.485 GC heap after
{Heap after GC invocations=33 (full 0):
 garbage-first heap   total 315392K, used 67919K [0x0000000081400000, 0x0000000100000000)
  region size 1024K, 4 young (4096K), 4 survivors (4096K)
 Metaspace       used 57981K, committed 58304K, reserved 1105920K
  class space    used 6800K, committed 6976K, reserved 1048576K
}
Event: 11.054 GC heap before
{Heap before GC invocations=34 (full 0):
 garbage-first heap   total 315392K, used 230735K [0x0000000081400000, 0x0000000100000000)
  region size 1024K, 163 young (166912K), 4 survivors (4096K)
 Metaspace       used 61977K, committed 62336K, reserved 1105920K
  class space    used 7017K, committed 7168K, reserved 1048576K
}
Event: 11.075 GC heap after
{Heap after GC invocations=35 (full 0):
 garbage-first heap   total 315392K, used 83726K [0x0000000081400000, 0x0000000100000000)
  region size 1024K, 19 young (19456K), 19 survivors (19456K)
 Metaspace       used 61977K, committed 62336K, reserved 1105920K
  class space    used 7017K, committed 7168K, reserved 1048576K
}
Event: 11.079 GC heap before
{Heap before GC invocations=35 (full 0):
 garbage-first heap   total 315392K, used 84750K [0x0000000081400000, 0x0000000100000000)
  region size 1024K, 20 young (20480K), 19 survivors (19456K)
 Metaspace       used 61978K, committed 62336K, reserved 1105920K
  class space    used 7017K, committed 7168K, reserved 1048576K
}
Event: 11.089 GC heap after
{Heap after GC invocations=36 (full 0):
 garbage-first heap   total 315392K, used 85285K [0x0000000081400000, 0x0000000100000000)
  region size 1024K, 2 young (2048K), 2 survivors (2048K)
 Metaspace       used 61978K, committed 62336K, reserved 1105920K
  class space    used 7017K, committed 7168K, reserved 1048576K
}
Event: 14.111 GC heap before
{Heap before GC invocations=36 (full 0):
 garbage-first heap   total 315392K, used 228645K [0x0000000081400000, 0x0000000100000000)
  region size 1024K, 142 young (145408K), 2 survivors (2048K)
 Metaspace       used 71905K, committed 72256K, reserved 1114112K
  class space    used 7979K, committed 8128K, reserved 1048576K
}
Event: 14.131 GC heap after
{Heap after GC invocations=37 (full 0):
 garbage-first heap   total 315392K, used 107008K [0x0000000081400000, 0x0000000100000000)
  region size 1024K, 18 young (18432K), 18 survivors (18432K)
 Metaspace       used 71905K, committed 72256K, reserved 1114112K
  class space    used 7979K, committed 8128K, reserved 1048576K
}
Event: 16.819 GC heap before
{Heap before GC invocations=37 (full 0):
 garbage-first heap   total 315392K, used 232960K [0x0000000081400000, 0x0000000100000000)
  region size 1024K, 141 young (144384K), 18 survivors (18432K)
 Metaspace       used 86629K, committed 87040K, reserved 1130496K
  class space    used 9348K, committed 9536K, reserved 1048576K
}
Event: 16.842 GC heap after
{Heap after GC invocations=38 (full 0):
 garbage-first heap   total 315392K, used 117741K [0x0000000081400000, 0x0000000100000000)
  region size 1024K, 10 young (10240K), 10 survivors (10240K)
 Metaspace       used 86629K, committed 87040K, reserved 1130496K
  class space    used 9348K, committed 9536K, reserved 1048576K
}

Dll operation events (2 events):
Event: 0.037 Loaded shared library C:\Program Files\Android\Android Studio1\jbr\bin\java.dll
Event: 1.238 Loaded shared library C:\Program Files\Android\Android Studio1\jbr\bin\verify.dll

Deoptimization events (20 events):
Event: 18.065 Thread 0x000001b59b118950 DEOPT PACKING pc=0x000001b5a7b5a2f4 sp=0x0000002bcf0fbc70
Event: 18.065 Thread 0x000001b59b118950 DEOPT UNPACKING pc=0x000001b5a73969a3 sp=0x0000002bcf0fbc00 mode 2
Event: 18.091 Thread 0x000001b59b118950 Uncommon trap: trap_request=0xffffffde fr.pc=0x000001b5a7b5a2f4 relative=0x0000000000000354
Event: 18.091 Thread 0x000001b59b118950 Uncommon trap: reason=class_check action=maybe_recompile pc=0x000001b5a7b5a2f4 method=org.jetbrains.kotlin.types.ClassifierBasedTypeConstructor.equals(Ljava/lang/Object;)Z @ 30 c2
Event: 18.091 Thread 0x000001b59b118950 DEOPT PACKING pc=0x000001b5a7b5a2f4 sp=0x0000002bcf0fbc70
Event: 18.091 Thread 0x000001b59b118950 DEOPT UNPACKING pc=0x000001b5a73969a3 sp=0x0000002bcf0fbc00 mode 2
Event: 18.143 Thread 0x000001b59b118950 DEOPT PACKING pc=0x000001b5a230008d sp=0x0000002bcf0f97e0
Event: 18.143 Thread 0x000001b59b118950 DEOPT UNPACKING pc=0x000001b5a7397143 sp=0x0000002bcf0f8d00 mode 0
Event: 18.160 Thread 0x000001b59b118950 Uncommon trap: trap_request=0xffffff45 fr.pc=0x000001b5a7cfafa0 relative=0x0000000000001f80
Event: 18.160 Thread 0x000001b59b118950 Uncommon trap: reason=unstable_if action=reinterpret pc=0x000001b5a7cfafa0 method=org.jetbrains.kotlin.builtins.functions.FunctionClassKind$Companion.toInt(Ljava/lang/String;)Ljava/lang/Integer; @ 9 c2
Event: 18.160 Thread 0x000001b59b118950 DEOPT PACKING pc=0x000001b5a7cfafa0 sp=0x0000002bcf0fd7b0
Event: 18.160 Thread 0x000001b59b118950 DEOPT UNPACKING pc=0x000001b5a73969a3 sp=0x0000002bcf0fd5b0 mode 2
Event: 18.277 Thread 0x000001b59b118950 Uncommon trap: trap_request=0xffffffde fr.pc=0x000001b5a803aee0 relative=0x00000000000007c0
Event: 18.277 Thread 0x000001b59b118950 Uncommon trap: reason=class_check action=maybe_recompile pc=0x000001b5a803aee0 method=org.jetbrains.org.objectweb.asm.Type.equals(Ljava/lang/Object;)Z @ 8 c2
Event: 18.277 Thread 0x000001b59b118950 DEOPT PACKING pc=0x000001b5a803aee0 sp=0x0000002bcf0fd840
Event: 18.277 Thread 0x000001b59b118950 DEOPT UNPACKING pc=0x000001b5a73969a3 sp=0x0000002bcf0fd7a8 mode 2
Event: 18.281 Thread 0x000001b59b118950 Uncommon trap: trap_request=0xffffffde fr.pc=0x000001b5a80ae768 relative=0x0000000000004ec8
Event: 18.281 Thread 0x000001b59b118950 Uncommon trap: reason=class_check action=maybe_recompile pc=0x000001b5a80ae768 method=org.jetbrains.kotlin.types.AbstractTypeMapper.mapType(Lorg/jetbrains/kotlin/types/TypeSystemCommonBackendContextForTypeMapping;Lorg/jetbrains/kotlin/types/TypeMappingCon
Event: 18.281 Thread 0x000001b59b118950 DEOPT PACKING pc=0x000001b5a80ae768 sp=0x0000002bcf0fb5f0
Event: 18.281 Thread 0x000001b59b118950 DEOPT UNPACKING pc=0x000001b5a73969a3 sp=0x0000002bcf0fb5d0 mode 2

Classes unloaded (0 events):
No events

Classes redefined (0 events):
No events

Internal exceptions (20 events):
Event: 5.815 Thread 0x000001b59b118950 Exception <a 'java/lang/NoSuchMethodError'{0x0000000086132d78}: 'int java.lang.invoke.DirectMethodHandle$Holder.invokeStaticInit(java.lang.Object, int)'> (0x0000000086132d78) 
thrown [s\src\hotspot\share\interpreter\linkResolver.cpp, line 771]
Event: 5.847 Thread 0x000001b59b118950 Implicit null exception at 0x000001b5a7a2678a to 0x000001b5a7a26a08
Event: 6.473 Thread 0x000001b59b118950 Exception <a 'java/lang/NoSuchMethodError'{0x00000000870a5090}: 'java.lang.Object java.lang.invoke.DirectMethodHandle$Holder.newInvokeSpecial(java.lang.Object, java.lang.Object, java.lang.Object, java.lang.Object, java.lang.Object, java.lang.Object, java.lang.Object)'> (0x00000000870a5090) 
thrown [s\src\hotspot\share\interpreter\linkResolver.cpp, line 771]
Event: 6.474 Thread 0x000001b59b118950 Exception <a 'java/lang/NoSuchMethodError'{0x00000000870aa6e8}: 'java.lang.Object java.lang.invoke.Invokers$Holder.linkToTargetMethod(java.lang.Object, java.lang.Object, java.lang.Object, java.lang.Object, java.lang.Object, java.lang.Object, java.lang.Object)'> (0x00000000870aa6e8) 
thrown [s\src\hotspot\share\interpreter\linkResolver.cpp, line 771]
Event: 7.748 Thread 0x000001b59b118950 Exception <a 'java/lang/NoSuchMethodError'{0x0000000093edbb60}: 'java.lang.Object java.lang.invoke.DirectMethodHandle$Holder.invokeInterface(java.lang.Object, java.lang.Object, java.lang.Object)'> (0x0000000093edbb60) 
thrown [s\src\hotspot\share\interpreter\linkResolver.cpp, line 771]
Event: 7.749 Thread 0x000001b59b118950 Exception <a 'java/lang/IncompatibleClassChangeError'{0x0000000093edfcc8}: Found class java.lang.Object, but interface was expected> (0x0000000093edfcc8) 
thrown [s\src\hotspot\share\interpreter\linkResolver.cpp, line 838]
Event: 8.297 Thread 0x000001b59b118950 Implicit null exception at 0x000001b5a7c90c75 to 0x000001b5a7c91304
Event: 8.301 Thread 0x000001b59b118950 Implicit null exception at 0x000001b5a7c8fcf2 to 0x000001b5a7c90384
Event: 9.377 Thread 0x000001b59b118950 Implicit null exception at 0x000001b5a79c851a to 0x000001b5a79c8688
Event: 9.377 Thread 0x000001b59b118950 Implicit null exception at 0x000001b5a79616d8 to 0x000001b5a796176a
Event: 11.623 Thread 0x000001b59b118950 Implicit null exception at 0x000001b5a796380c to 0x000001b5a7963a74
Event: 11.770 Thread 0x000001b59b118950 Implicit null exception at 0x000001b5a7db4b5a to 0x000001b5a7db4e08
Event: 12.068 Thread 0x000001b59b118950 Exception <a 'java/lang/NoSuchMethodError'{0x000000009122a7a0}: 'int java.lang.invoke.DirectMethodHandle$Holder.invokeStaticInit(java.lang.Object, java.lang.Object, java.lang.Object, java.lang.Object)'> (0x000000009122a7a0) 
thrown [s\src\hotspot\share\interpreter\linkResolver.cpp, line 771]
Event: 12.256 Thread 0x000001b59b118950 Exception <a 'java/lang/NoSuchMethodError'{0x00000000909414d8}: 'java.lang.Object java.lang.invoke.DirectMethodHandle$Holder.invokeSpecial(java.lang.Object, java.lang.Object, int, int, java.lang.Object, java.lang.Object, java.lang.Object, java.lang.Object, java.lang.Object)'> (0x00000000909414d8) 
thrown [s\src\hotspot\share\interpreter\linkResolver.cpp, line 771]
Event: 12.486 Thread 0x000001b59b118950 Exception <a 'java/lang/NoSuchMethodError'{0x000000009029a9e0}: 'java.lang.Object java.lang.invoke.DirectMethodHandle$Holder.invokeStatic(java.lang.Object, java.lang.Object, java.lang.Object, int, int, java.lang.Object, java.lang.Object, java.lang.Object, java.lang.Object)'> (0x000000009029a9e0) 
thrown [s\src\hotspot\share\interpreter\linkResolver.cpp, line 771]
Event: 12.488 Thread 0x000001b59b118950 Exception <a 'java/lang/NoSuchMethodError'{0x00000000902ac2f0}: 'java.lang.Object java.lang.invoke.Invokers$Holder.linkToTargetMethod(java.lang.Object, java.lang.Object, int, int, java.lang.Object, java.lang.Object)'> (0x00000000902ac2f0) 
thrown [s\src\hotspot\share\interpreter\linkResolver.cpp, line 771]
Event: 12.516 Thread 0x000001b59b118950 Implicit null exception at 0x000001b5a7949310 to 0x000001b5a79495bc
Event: 14.820 Thread 0x000001b59b118950 Implicit null exception at 0x000001b5a7e9c449 to 0x000001b5a7e9cc24
Event: 15.130 Thread 0x000001b59b118950 Implicit null exception at 0x000001b5a7f60ba8 to 0x000001b5a7f6220c
Event: 15.948 Thread 0x000001b59b118950 Implicit null exception at 0x000001b5a7fd66b6 to 0x000001b5a7fd68d6

VM Operations (20 events):
Event: 16.934 Executing VM operation: HandshakeAllThreads
Event: 16.934 Executing VM operation: HandshakeAllThreads done
Event: 16.952 Executing VM operation: HandshakeAllThreads
Event: 16.952 Executing VM operation: HandshakeAllThreads done
Event: 16.954 Executing VM operation: ICBufferFull
Event: 16.954 Executing VM operation: ICBufferFull done
Event: 17.069 Executing VM operation: ICBufferFull
Event: 17.069 Executing VM operation: ICBufferFull done
Event: 17.071 Executing VM operation: HandshakeAllThreads
Event: 17.072 Executing VM operation: HandshakeAllThreads done
Event: 17.117 Executing VM operation: HandshakeAllThreads
Event: 17.117 Executing VM operation: HandshakeAllThreads done
Event: 17.253 Executing VM operation: ICBufferFull
Event: 17.254 Executing VM operation: ICBufferFull done
Event: 17.582 Executing VM operation: ICBufferFull
Event: 17.582 Executing VM operation: ICBufferFull done
Event: 17.818 Executing VM operation: ICBufferFull
Event: 17.818 Executing VM operation: ICBufferFull done
Event: 18.157 Executing VM operation: ICBufferFull
Event: 18.157 Executing VM operation: ICBufferFull done

Events (20 events):
Event: 17.145 Thread 0x000001b5b703f080 flushing nmethod 0x000001b5a265e210
Event: 17.145 Thread 0x000001b5b703f080 flushing nmethod 0x000001b5a2667590
Event: 17.145 Thread 0x000001b5b703f080 flushing nmethod 0x000001b5a2679a90
Event: 17.145 Thread 0x000001b5b703f080 flushing nmethod 0x000001b5a26adc10
Event: 17.145 Thread 0x000001b5b703f080 flushing nmethod 0x000001b5a26b3690
Event: 17.145 Thread 0x000001b5b703f080 flushing nmethod 0x000001b5a26b5690
Event: 17.145 Thread 0x000001b5b703f080 flushing nmethod 0x000001b5a26bad90
Event: 17.146 Thread 0x000001b5b703f080 flushing nmethod 0x000001b5a2707390
Event: 17.146 Thread 0x000001b5b703f080 flushing nmethod 0x000001b5a271f010
Event: 17.146 Thread 0x000001b5b703f080 flushing nmethod 0x000001b5a2738190
Event: 17.146 Thread 0x000001b5b703f080 flushing nmethod 0x000001b5a2739090
Event: 17.146 Thread 0x000001b5b703f080 flushing nmethod 0x000001b5a2742f90
Event: 17.146 Thread 0x000001b5b703f080 flushing nmethod 0x000001b5a2752990
Event: 17.146 Thread 0x000001b5b703f080 flushing nmethod 0x000001b5a2783d10
Event: 17.146 Thread 0x000001b5b703f080 flushing nmethod 0x000001b5a27b3a90
Event: 17.146 Thread 0x000001b5b703f080 flushing nmethod 0x000001b5a27d8210
Event: 17.146 Thread 0x000001b5b703f080 flushing nmethod 0x000001b5a27d9990
Event: 17.146 Thread 0x000001b5b703f080 flushing nmethod 0x000001b5a27db810
Event: 17.146 Thread 0x000001b5b703f080 flushing nmethod 0x000001b5a27e6710
Event: 17.146 Thread 0x000001b5b703f080 flushing nmethod 0x000001b5a283ee10


Dynamic libraries:
0x00007ff7ecf30000 - 0x00007ff7ecf3a000 	C:\Program Files\Android\Android Studio1\jbr\bin\java.exe
0x00007ff97e490000 - 0x00007ff97e688000 	C:\WINDOWS\SYSTEM32\ntdll.dll
0x00007ff97dd20000 - 0x00007ff97dddf000 	C:\WINDOWS\System32\KERNEL32.DLL
0x00007ff97be70000 - 0x00007ff97c166000 	C:\WINDOWS\System32\KERNELBASE.dll
0x00007ff97bc00000 - 0x00007ff97bd00000 	C:\WINDOWS\System32\ucrtbase.dll
0x00007ff95f2b0000 - 0x00007ff95f2c7000 	C:\Program Files\Android\Android Studio1\jbr\bin\jli.dll
0x00007ff95c180000 - 0x00007ff95c19b000 	C:\Program Files\Android\Android Studio1\jbr\bin\VCRUNTIME140.dll
0x00007ff97db20000 - 0x00007ff97dcbd000 	C:\WINDOWS\System32\USER32.dll
0x00007ff97bda0000 - 0x00007ff97bdc2000 	C:\WINDOWS\System32\win32u.dll
0x00007ff97e3b0000 - 0x00007ff97e3dc000 	C:\WINDOWS\System32\GDI32.dll
0x00007ff97c3d0000 - 0x00007ff97c4e5000 	C:\WINDOWS\System32\gdi32full.dll
0x00007ff96c920000 - 0x00007ff96cbba000 	C:\WINDOWS\WinSxS\amd64_microsoft.windows.common-controls_6595b64144ccf1df_6.0.19041.1110_none_60b5254171f9507e\COMCTL32.dll
0x00007ff97bd00000 - 0x00007ff97bd9d000 	C:\WINDOWS\System32\msvcp_win.dll
0x00007ff97e020000 - 0x00007ff97e0be000 	C:\WINDOWS\System32\msvcrt.dll
0x00007ff97dfe0000 - 0x00007ff97e010000 	C:\WINDOWS\System32\IMM32.DLL
0x00007ff967be0000 - 0x00007ff967bec000 	C:\Program Files\Android\Android Studio1\jbr\bin\vcruntime140_1.dll
0x00007ff94d220000 - 0x00007ff94d2ad000 	C:\Program Files\Android\Android Studio1\jbr\bin\msvcp140.dll
0x00007ff94dfc0000 - 0x00007ff94ec2d000 	C:\Program Files\Android\Android Studio1\jbr\bin\server\jvm.dll
0x00007ff97d170000 - 0x00007ff97d21f000 	C:\WINDOWS\System32\ADVAPI32.dll
0x00007ff97e1f0000 - 0x00007ff97e28c000 	C:\WINDOWS\System32\sechost.dll
0x00007ff97d220000 - 0x00007ff97d346000 	C:\WINDOWS\System32\RPCRT4.dll
0x00007ff976bb0000 - 0x00007ff976bb9000 	C:\WINDOWS\SYSTEM32\WSOCK32.dll
0x00007ff97dde0000 - 0x00007ff97de4b000 	C:\WINDOWS\System32\WS2_32.dll
0x00007ff975060000 - 0x00007ff97506a000 	C:\WINDOWS\SYSTEM32\VERSION.dll
0x00007ff96c670000 - 0x00007ff96c697000 	C:\WINDOWS\SYSTEM32\WINMM.dll
0x00007ff9799f0000 - 0x00007ff979a02000 	C:\WINDOWS\SYSTEM32\kernel.appcore.dll
0x00007ff96ee90000 - 0x00007ff96ee9a000 	C:\Program Files\Android\Android Studio1\jbr\bin\jimage.dll
0x00007ff96a420000 - 0x00007ff96a604000 	C:\WINDOWS\SYSTEM32\DBGHELP.DLL
0x00007ff96a340000 - 0x00007ff96a374000 	C:\WINDOWS\SYSTEM32\dbgcore.DLL
0x00007ff97bb70000 - 0x00007ff97bbf2000 	C:\WINDOWS\System32\bcryptPrimitives.dll
0x00007ff95a8c0000 - 0x00007ff95a8e5000 	C:\Program Files\Android\Android Studio1\jbr\bin\java.dll
0x00007ff9708a0000 - 0x00007ff9708b8000 	C:\Program Files\Android\Android Studio1\jbr\bin\zip.dll
0x00007ff97d3d0000 - 0x00007ff97db14000 	C:\WINDOWS\System32\SHELL32.dll
0x00007ff979bf0000 - 0x00007ff97a383000 	C:\WINDOWS\SYSTEM32\windows.storage.dll
0x00007ff97c4f0000 - 0x00007ff97c844000 	C:\WINDOWS\System32\combase.dll
0x00007ff97b460000 - 0x00007ff97b48e000 	C:\WINDOWS\SYSTEM32\Wldp.dll
0x00007ff97e0e0000 - 0x00007ff97e18d000 	C:\WINDOWS\System32\SHCORE.dll
0x00007ff97e190000 - 0x00007ff97e1e5000 	C:\WINDOWS\System32\shlwapi.dll
0x00007ff97baa0000 - 0x00007ff97bac5000 	C:\WINDOWS\SYSTEM32\profapi.dll
0x00007ff96eb90000 - 0x00007ff96eba9000 	C:\Program Files\Android\Android Studio1\jbr\bin\net.dll
0x00007ff9736c0000 - 0x00007ff9737ca000 	C:\WINDOWS\SYSTEM32\WINHTTP.dll
0x00007ff97b240000 - 0x00007ff97b2aa000 	C:\WINDOWS\system32\mswsock.dll
0x00007ff96eb40000 - 0x00007ff96eb56000 	C:\Program Files\Android\Android Studio1\jbr\bin\nio.dll
0x00007ff968f20000 - 0x00007ff968f30000 	C:\Program Files\Android\Android Studio1\jbr\bin\verify.dll

dbghelp: loaded successfully - version: 4.0.5 - missing functions: none
symbol engine: initialized successfully - sym options: 0x614 - pdb path: .;C:\Program Files\Android\Android Studio1\jbr\bin;C:\WINDOWS\SYSTEM32;C:\WINDOWS\WinSxS\amd64_microsoft.windows.common-controls_6595b64144ccf1df_6.0.19041.1110_none_60b5254171f9507e;C:\Program Files\Android\Android Studio1\jbr\bin\server

VM Arguments:
java_command: org.jetbrains.kotlin.cli.jvm.K2JVMCompiler @C:\Users\A\AndroidStudioProjects\GvisApp\app\build\20230813_11691693048272690280.compiler.options
java_class_path (initial): C:\Users\A\.gradle\caches\modules-2\files-2.1\org.jetbrains.kotlin\kotlin-compiler-embeddable\1.7.20\8db18559a581dd2c36ddfd5046af145650f5b126\kotlin-compiler-embeddable-1.7.20.jar;C:\Users\A\.gradle\caches\modules-2\files-2.1\org.jetbrains.kotlin\kotlin-reflect\1.7.20\12b2501e33bb6373e8e347c86d85481863629381\kotlin-reflect-1.7.20.jar;C:\Users\A\.gradle\caches\modules-2\files-2.1\org.jetbrains.kotlin\kotlin-stdlib\1.7.20\726594ea9ba2beb2ee113647fefa9a10f9fabe52\kotlin-stdlib-1.7.20.jar;C:\Users\A\.gradle\caches\modules-2\files-2.1\org.jetbrains.kotlin\kotlin-script-runtime\1.7.20\bcd1cc6f865e632550357fcc59f5ffd532615a8\kotlin-script-runtime-1.7.20.jar;C:\Users\A\.gradle\caches\modules-2\files-2.1\org.jetbrains.kotlin\kotlin-daemon-embeddable\1.7.20\1e24355adad8d529d75d5b19eab55484057431ba\kotlin-daemon-embeddable-1.7.20.jar;C:\Users\A\.gradle\caches\modules-2\files-2.1\org.jetbrains.intellij.deps\trove4j\1.0.20200330\3afb14d5f9ceb459d724e907a21145e8ff394f02\trove4j-1.0.20200330.jar;C:\Users\A\.gradle\caches\modules-2\files-2.1\net.java.dev.jna\jna\5.6.0\330f2244e9030119ab3030fc3fededc86713d9cc\jna-5.6.0.jar;C:\Users\A\.gradle\caches\modules-2\files-2.1\org.jetbrains.kotlin\kotlin-stdlib-common\1.7.20\e15351bdaf9fa06f009be5da7a202e4184f00ae3\kotlin-stdlib-common-1.7.20.jar;C:\Users\A\.gradle\caches\modules-2\files-2.1\org.jetbrains\annotations\13.0\919f0dfe192fb4e063e7dacadee7f8bb9a2672a9\annotations-13.0.jar
Launcher Type: SUN_STANDARD

[Global flags]
     intx CICompilerCount                          = 3                                         {product} {ergonomic}
     uint ConcGCThreads                            = 1                                         {product} {ergonomic}
     uint G1ConcRefinementThreads                  = 4                                         {product} {ergonomic}
   size_t G1HeapRegionSize                         = 1048576                                   {product} {ergonomic}
    uintx GCDrainStackTargetSize                   = 64                                        {product} {ergonomic}
   size_t InitialHeapSize                          = 134217728                                 {product} {ergonomic}
   size_t MarkStackSize                            = 4194304                                   {product} {ergonomic}
   size_t MaxHeapSize                              = 2126512128                                {product} {ergonomic}
   size_t MaxNewSize                               = 1275068416                                {product} {ergonomic}
   size_t MinHeapDeltaBytes                        = 1048576                                   {product} {ergonomic}
   size_t MinHeapSize                              = 8388608                                   {product} {ergonomic}
    uintx NonNMethodCodeHeapSize                   = 5832780                                {pd product} {ergonomic}
    uintx NonProfiledCodeHeapSize                  = 122912730                              {pd product} {ergonomic}
    uintx ProfiledCodeHeapSize                     = 122912730                              {pd product} {ergonomic}
    uintx ReservedCodeCacheSize                    = 251658240                              {pd product} {ergonomic}
     bool SegmentedCodeCache                       = true                                      {product} {ergonomic}
   size_t SoftMaxHeapSize                          = 2126512128                             {manageable} {ergonomic}
     bool UseCompressedClassPointers               = true                           {product lp64_product} {ergonomic}
     bool UseCompressedOops                        = true                           {product lp64_product} {ergonomic}
     bool UseG1GC                                  = true                                      {product} {ergonomic}
     bool UseLargePagesIndividualAllocation        = false                                  {pd product} {ergonomic}

Logging:
Log output configuration:
 #0: stdout all=warning uptime,level,tags
 #1: stderr all=off uptime,level,tags

Environment Variables:
CLASSPATH=%JAVA_HOME%\bin
PATH=C:\Program Files (x86)\Common Files\Oracle\Java\javapath;C:\Program Files (x86)\AMD APP\bin\x86_64;C:\Program Files (x86)\AMD APP\bin\x86;C:\ProgramData\Oracle\Java\javapath;C:\WINDOWS\system32;C:\WINDOWS;C:\WINDOWS\System32\Wbem;C:\WINDOWS\System32\WindowsPowerShell\v1.0\;C:\WINDOWS\System32\OpenSSH\;C:\Program Files (x86)\ATI Technologies\ATI.ACE\Core-Static;C:\Program Files\Microsoft SQL Server\120\Tools\Binn\;C:\Program Files\Common Files\Autodesk Shared\;C:\Program Files\dotnet\;%JAVA_HOME\bin\;C:\MinGW\bin;C:\Program Files\Git\cmd;C:\src\flutter\bin;D:\firebase_cli;C:\Users\A\AppData\Local\Pub\Cache\bin;C:\Program Files\nodejs\;C:\ProgramData\chocolatey\bin;C:\WINDOWS\system32;C:\WINDOWS;C:\WINDOWS\System32\Wbem;C:\WINDOWS\System32\WindowsPowerShell\v1.0\;C:\WINDOWS\System32\OpenSSH\;%JAVA_HOME%\bin;C:\Users\A\AppData\Local\Programs\Python\Python311\Scripts\;C:\Users\A\AppData\Local\Programs\Python\Python311\;C:\Users\A\AppData\Local\Microsoft\WindowsApps;C:\Program Files\JetBrains\PyCharm Community Edition 2022.2.1\bin;C:\Users\A\.dotnet\tools;C:\Program Files (x86)\Brackets\;C:\Users\A\AppData\Local\Programs\Microsoft VS Code\bin;C:\Users\A\AppData\Local\JetBrains\Toolbox\scripts;C:\Program Files\JetBrains\IntelliJ IDEA Community Edition 2020.3.4\bin;;C:\Program Files\JetBrains\IntelliJ IDEA 2023.1.3\bin;;C:\Users\A\.dotnet\tools;C:\Users\A\AppData\Local\GitHubDesktop\bin;C:\Users\A\AppData\Roaming\npm;C:\Users\A\AppData\Local\Microsoft\WindowsApps;
USERNAME=A
OS=Windows_NT
PROCESSOR_IDENTIFIER=Intel64 Family 6 Model 58 Stepping 9, GenuineIntel
TMP=C:\Users\A\AppData\Local\Temp
TEMP=C:\Users\A\AppData\Local\Temp



---------------  S Y S T E M  ---------------

OS:
 Windows 10 , 64 bit Build 19041 (10.0.19041.3155)
OS uptime: 0 days 6:39 hours
Hyper-V role detected

CPU: total 4 (initial active 4) (4 cores per cpu, 1 threads per core) family 6 model 58 stepping 9 microcode 0x21, cx8, cmov, fxsr, mmx, sse, sse2, sse3, ssse3, sse4.1, sse4.2, popcnt, tsc, tscinvbit, avx, aes, erms, clmul, vzeroupper, clflush, hv

Memory: 4k page, system-wide physical 8104M (538M free)
TotalPageFile size 12199M (AvailPageFile size 8M)
current process WorkingSet (physical memory assigned to process): 547M, peak: 552M
current process commit charge ("private bytes"): 595M, peak: 599M

vm_info: OpenJDK 64-Bit Server VM (17.0.6+0-b2043.56-9586694) for windows-amd64 JRE (17.0.6+0-b2043.56-9586694), built on Feb  9 2023 20:06:20 by "androidbuild" with MS VC++ 16.10 / 16.11 (VS2019)

END.
